Log file open, 09/25/23 11:39:52
LogWindows: Failed to load 'aqProf.dll' (GetLastError=126)
LogWindows: File 'aqProf.dll' does not exist
LogWindows: Failed to load 'VtuneApi.dll' (GetLastError=126)
LogWindows: File 'VtuneApi.dll' does not exist
LogWindows: Failed to load 'VtuneApi32e.dll' (GetLastError=126)
LogWindows: File 'VtuneApi32e.dll' does not exist
LogConsoleResponse: Display: Failed to find resolution value strings in scalability ini. Falling back to default.
LogConsoleResponse: Display: Failed to find resolution value strings in scalability ini. Falling back to default.
LogInit: Display: Running engine for game: Homeworke
LogPlatformFile: Not using cached read wrapper
LogTaskGraph: Started task graph with 5 named threads and 23 total threads with 3 sets of task threads.
LogStats: Stats thread started at 0.268748
LogICUInternationalization: ICU TimeZone Detection - Raw Offset: +10:00, Platform Override: ''
LogInit: Display: Loading text-based GConfig....
LogPluginManager: Mounting plugin MeshPainting
LogPluginManager: Mounting plugin XGEController
LogPluginManager: Mounting plugin Paper2D
LogPluginManager: Mounting plugin EnvironmentQueryEditor
LogPluginManager: Mounting plugin AISupport
LogPluginManager: Mounting plugin LiveLink
LogPluginManager: Mounting plugin LightPropagationVolume
LogPluginManager: Mounting plugin CameraShakePreviewer
LogPluginManager: Mounting plugin GameplayCameras
LogPluginManager: Mounting plugin OodleNetwork
LogPluginManager: Mounting plugin OodleData
LogPluginManager: Mounting plugin AnimationSharing
LogPluginManager: Mounting plugin CLionSourceCodeAccess
LogPluginManager: Mounting plugin CodeLiteSourceCodeAccess
LogPluginManager: Mounting plugin GitSourceControl
LogPluginManager: Mounting plugin KDevelopSourceCodeAccess
LogPluginManager: Mounting plugin NullSourceCodeAccess
LogPluginManager: Mounting plugin PixWinPlugin
LogPluginManager: Mounting plugin PluginUtils
LogPluginManager: Mounting plugin PerforceSourceControl
LogPluginManager: Mounting plugin PlasticSourceControl
LogPluginManager: Mounting plugin RiderSourceCodeAccess
LogPluginManager: Mounting plugin PropertyAccessNode
LogPluginManager: Mounting plugin TextureFormatOodle
LogPluginManager: Mounting plugin SubversionSourceControl
LogPluginManager: Mounting plugin VisualStudioSourceCodeAccess
LogPluginManager: Mounting plugin XCodeSourceCodeAccess
LogPluginManager: Mounting plugin UObjectPlugin
LogPluginManager: Mounting plugin VisualStudioCodeSourceCodeAccess
LogPluginManager: Mounting plugin AssetManagerEditor
LogPluginManager: Mounting plugin DatasmithContent
LogPluginManager: Mounting plugin Niagara
LogPluginManager: Mounting plugin CryptoKeys
LogPluginManager: Mounting plugin CurveEditorTools
LogPluginManager: Mounting plugin DataValidation
LogPluginManager: Mounting plugin VariantManagerContent
LogPluginManager: Mounting plugin FacialAnimation
LogPluginManager: Mounting plugin GeometryMode
LogPluginManager: Mounting plugin GameplayTagsEditor
LogPluginManager: Mounting plugin MacGraphicsSwitching
LogPluginManager: Mounting plugin MaterialAnalyzer
LogPluginManager: Mounting plugin MobileLauncherProfileWizard
LogPluginManager: Mounting plugin PluginBrowser
LogPluginManager: Mounting plugin AlembicImporter
LogPluginManager: Mounting plugin SpeedTreeImporter
LogPluginManager: Mounting plugin AutomationUtils
LogPluginManager: Mounting plugin BackChannel
LogPluginManager: Mounting plugin ChaosCloth
LogPluginManager: Mounting plugin ChaosClothEditor
LogPluginManager: Mounting plugin ChaosEditor
LogPluginManager: Mounting plugin ChaosSolverPlugin
LogPluginManager: Mounting plugin ChaosNiagara
LogPluginManager: Mounting plugin CharacterAI
LogPluginManager: Mounting plugin GeometryCache
LogPluginManager: Mounting plugin GeometryCollectionPlugin
LogPluginManager: Mounting plugin GeometryProcessing
LogPluginManager: Mounting plugin OpenImageDenoise
LogPluginManager: Mounting plugin MotoSynth
LogPluginManager: Mounting plugin PlanarCut
LogPluginManager: Mounting plugin PlatformCrypto
LogPluginManager: Mounting plugin ProxyLODPlugin
LogPluginManager: Mounting plugin PythonScriptPlugin
LogPluginManager: Mounting plugin SkeletalReduction
LogPluginManager: Mounting plugin LuminPlatformFeatures
LogPluginManager: Mounting plugin MagicLeap
LogPluginManager: Mounting plugin MagicLeapLightEstimation
LogPluginManager: Mounting plugin MagicLeapMedia
LogPluginManager: Mounting plugin MagicLeapPassableWorld
LogPluginManager: Mounting plugin MLSDK
LogPluginManager: Mounting plugin AndroidMedia
LogPluginManager: Mounting plugin AvfMedia
LogPluginManager: Mounting plugin MediaCompositing
LogPluginManager: Mounting plugin ImgMedia
LogPluginManager: Mounting plugin MediaPlayerEditor
LogPluginManager: Mounting plugin WebMMedia
LogPluginManager: Mounting plugin WmfMedia
LogPluginManager: Mounting plugin ActorSequence
LogPluginManager: Mounting plugin UdpMessaging
LogPluginManager: Mounting plugin TcpMessaging
LogPluginManager: Mounting plugin LevelSequenceEditor
LogPluginManager: Mounting plugin MatineeToLevelSequence
LogPluginManager: Mounting plugin TemplateSequence
LogPluginManager: Mounting plugin OnlineSubsystem
LogPluginManager: Mounting plugin OnlineSubsystemNull
LogPluginManager: Mounting plugin OnlineSubsystemUtils
LogPluginManager: Mounting plugin LauncherChunkInstaller
LogPluginManager: Mounting plugin ActorLayerUtilities
LogPluginManager: Mounting plugin AndroidDeviceProfileSelector
LogPluginManager: Mounting plugin AndroidPermission
LogPluginManager: Mounting plugin AndroidMoviePlayer
LogPluginManager: Mounting plugin AppleImageUtils
LogPluginManager: Mounting plugin AppleMoviePlayer
LogPluginManager: Mounting plugin ArchVisCharacter
LogPluginManager: Mounting plugin AudioCapture
LogPluginManager: Mounting plugin AssetTags
LogPluginManager: Mounting plugin AudioSynesthesia
LogPluginManager: Mounting plugin CableComponent
LogPluginManager: Mounting plugin ChunkDownloader
LogPluginManager: Mounting plugin CustomMeshComponent
LogPluginManager: Mounting plugin EditableMesh
LogPluginManager: Mounting plugin ExampleDeviceProfileSelector
LogPluginManager: Mounting plugin GoogleCloudMessaging
LogPluginManager: Mounting plugin GooglePAD
LogPluginManager: Mounting plugin IOSDeviceProfileSelector
LogPluginManager: Mounting plugin LinuxDeviceProfileSelector
LogPluginManager: Mounting plugin LocationServicesBPLibrary
LogPluginManager: Mounting plugin MobilePatchingUtils
LogPluginManager: Mounting plugin OpenXR
LogPluginManager: Mounting plugin OpenXRHandTracking
LogPluginManager: Mounting plugin OpenXREyeTracker
LogPluginManager: Mounting plugin PhysXVehicles
LogPluginManager: Mounting plugin PostSplashScreen
LogPluginManager: Mounting plugin ProceduralMeshComponent
LogPluginManager: Mounting plugin PropertyAccessEditor
LogPluginManager: Mounting plugin SignificanceManager
LogPluginManager: Mounting plugin RuntimePhysXCooking
LogPluginManager: Mounting plugin SoundFields
LogPluginManager: Mounting plugin Synthesis
LogPluginManager: Mounting plugin WebMMoviePlayer
LogPluginManager: Mounting plugin ScreenshotTools
LogPluginManager: Mounting plugin WindowsMoviePlayer
LogPluginManager: Mounting plugin Takes
LogPluginManager: Mounting plugin ContentBrowserAssetDataSource
LogPluginManager: Mounting plugin ContentBrowserClassDataSource
LogPluginManager: Mounting plugin ContentBrowserFileDataSource
LogPluginManager: Mounting plugin OnlineSubsystemGooglePlay
LogPluginManager: Mounting plugin OnlineSubsystemIOS
LogPluginManager: Mounting plugin OculusVR
LogPluginManager: Mounting plugin SteamVR
PixWinPlugin: PIX capture plugin failed to initialize! Check that the process is launched from PIX.
LogLuminAPIImpl: Warning: MLSDK not found.  This likely means the MLSDK environment variable is not set.
LogInit: Using libcurl 7.55.1-DEV
LogInit:  - built for x86_64-pc-win32
LogInit:  - supports SSL with OpenSSL/1.1.1
LogInit:  - supports HTTP deflate (compression) using libz 1.2.8
LogInit:  - other features:
LogInit:      CURL_VERSION_SSL
LogInit:      CURL_VERSION_LIBZ
LogInit:      CURL_VERSION_IPV6
LogInit:      CURL_VERSION_ASYNCHDNS
LogInit:      CURL_VERSION_LARGEFILE
LogInit:      CURL_VERSION_IDN
LogInit:  CurlRequestOptions (configurable via config and command line):
LogInit:  - bVerifyPeer = true  - Libcurl will verify peer certificate
LogInit:  - bUseHttpProxy = false  - Libcurl will NOT use HTTP proxy
LogInit:  - bDontReuseConnections = false  - Libcurl will reuse connections
LogInit:  - MaxHostConnections = 16  - Libcurl will limit the number of connections to a host
LogInit:  - LocalHostAddr = Default
LogInit:  - BufferSize = 65536
LogOnline: OSS: Creating online subsystem instance for: NULL
LogInit: WinSock: version 1.1 (2.2), MaxSocks=32767, MaxUdp=65467
LogOnline: OSS: TryLoadSubsystemAndSetDefault: Loaded subsystem for module [NULL]
LogOculusPluginWrapper: OculusPlugin initialized successfully
LogHMD: Failed initializing OVRPlugin 1.59.0
LogInit: Build: ++UE4+Release-4.27-CL-18319896
LogInit: Engine Version: 4.27.2-18319896+++UE4+Release-4.27
LogInit: Compatible Engine Version: 4.27.0-17155196+++UE4+Release-4.27
LogInit: Net CL: 17155196
LogInit: OS: Windows 10 (Release 2009) (), CPU: Intel(R) Core(TM) i5-1035G1 CPU @ 1.00GHz, GPU: Intel(R) UHD Graphics
LogInit: Compiled (64-bit): Nov 30 2021 07:12:08
LogInit: Compiled with Visual C++: 19.24.28315.00
LogInit: Build Configuration: Development
LogInit: Branch Name: ++UE4+Release-4.27
LogInit: Command Line:  -AUTH_LOGIN=unused -AUTH_PASSWORD=71d8b42fc0694e9eaf7b4faa00901d55 -AUTH_TYPE=exchangecode -epicapp=UE_4.27 -epicenv=Prod -EpicPortal -epicusername=commbokenny -epicuserid=e528286b27934993bfdc3f41fb5a36b6 -epiclocale=ru -epicsandboxid=ue
LogInit: Base Directory: D:/UE/UE/UE_4.27/Engine/Binaries/Win64/
LogInit: Allocator: TBB
LogInit: Installed Engine Build: 1
LogDevObjectVersion: Number of dev versions registered: 29
LogDevObjectVersion:   Dev-Blueprints (B0D832E4-1F89-4F0D-ACCF-7EB736FD4AA2): 10
LogDevObjectVersion:   Dev-Build (E1C64328-A22C-4D53-A36C-8E866417BD8C): 0
LogDevObjectVersion:   Dev-Core (375EC13C-06E4-48FB-B500-84F0262A717E): 4
LogDevObjectVersion:   Dev-Editor (E4B068ED-F494-42E9-A231-DA0B2E46BB41): 40
LogDevObjectVersion:   Dev-Framework (CFFC743F-43B0-4480-9391-14DF171D2073): 37
LogDevObjectVersion:   Dev-Mobile (B02B49B5-BB20-44E9-A304-32B752E40360): 3
LogDevObjectVersion:   Dev-Networking (A4E4105C-59A1-49B5-A7C5-40C4547EDFEE): 0
LogDevObjectVersion:   Dev-Online (39C831C9-5AE6-47DC-9A44-9C173E1C8E7C): 0
LogDevObjectVersion:   Dev-Physics (78F01B33-EBEA-4F98-B9B4-84EACCB95AA2): 14
LogDevObjectVersion:   Dev-Platform (6631380F-2D4D-43E0-8009-CF276956A95A): 0
LogDevObjectVersion:   Dev-Rendering (12F88B9F-8875-4AFC-A67C-D90C383ABD29): 45
LogDevObjectVersion:   Dev-Sequencer (7B5AE74C-D270-4C10-A958-57980B212A5A): 13
LogDevObjectVersion:   Dev-VR (D7296918-1DD6-4BDD-9DE2-64A83CC13884): 3
LogDevObjectVersion:   Dev-LoadTimes (C2A15278-BFE7-4AFE-6C17-90FF531DF755): 1
LogDevObjectVersion:   Private-Geometry (6EACA3D4-40EC-4CC1-B786-8BED09428FC5): 3
LogDevObjectVersion:   Dev-AnimPhys (29E575DD-E0A3-4627-9D10-D276232CDCEA): 17
LogDevObjectVersion:   Dev-Anim (AF43A65D-7FD3-4947-9873-3E8ED9C1BB05): 15
LogDevObjectVersion:   Dev-ReflectionCapture (6B266CEC-1EC7-4B8F-A30B-E4D90942FC07): 1
LogDevObjectVersion:   Dev-Automation (0DF73D61-A23F-47EA-B727-89E90C41499A): 1
LogDevObjectVersion:   FortniteMain (601D1886-AC64-4F84-AA16-D3DE0DEAC7D6): 47
LogDevObjectVersion:   FortniteRelease (E7086368-6B23-4C58-8439-1B7016265E91): 1
LogDevObjectVersion:   Dev-Enterprise (9DFFBCD6-494F-0158-E221-12823C92A888): 10
LogDevObjectVersion:   Dev-Niagara (F2AED0AC-9AFE-416F-8664-AA7FFA26D6FC): 1
LogDevObjectVersion:   Dev-Destruction (174F1F0B-B4C6-45A5-B13F-2EE8D0FB917D): 10
LogDevObjectVersion:   Dev-Physics-Ext (35F94A83-E258-406C-A318-09F59610247C): 41
LogDevObjectVersion:   Dev-PhysicsMaterial-Chaos (B68FC16E-8B1B-42E2-B453-215C058844FE): 1
LogDevObjectVersion:   Dev-CineCamera (B2E18506-4273-CFC2-A54E-F4BB758BBA07): 1
LogDevObjectVersion:   Dev-VirtualProduction (64F58936-FD1B-42BA-BA96-7289D5D0FA4E): 1
LogDevObjectVersion:   Dev-MediaFramework (6F0ED827-A609-4895-9C91-998D90180EA4): 2
LogInit: Presizing for max 25165824 objects, including 0 objects not considered by GC, pre-allocating 0 bytes for permanent pool.
LogConfig: Applying CVar settings from Section [/Script/Engine.StreamingSettings] File [D:/Repositories/Homeworke/Homeworke/Saved/Config/Windows/Engine.ini]
LogConfig: Setting CVar [[s.MinBulkDataSizeForAsyncLoading:131072]]
LogConfig: Setting CVar [[s.AsyncLoadingThreadEnabled:0]]
LogConfig: Setting CVar [[s.EventDrivenLoaderEnabled:1]]
LogConfig: Setting CVar [[s.WarnIfTimeLimitExceeded:0]]
LogConfig: Setting CVar [[s.TimeLimitExceededMultiplier:1.5]]
LogConfig: Setting CVar [[s.TimeLimitExceededMinTime:0.005]]
LogConfig: Setting CVar [[s.UseBackgroundLevelStreaming:1]]
LogConfig: Setting CVar [[s.PriorityAsyncLoadingExtraTime:15.0]]
LogConfig: Setting CVar [[s.LevelStreamingActorsUpdateTimeLimit:5.0]]
LogConfig: Setting CVar [[s.PriorityLevelStreamingActorsUpdateExtraTime:5.0]]
LogConfig: Setting CVar [[s.LevelStreamingComponentsRegistrationGranularity:10]]
LogConfig: Setting CVar [[s.UnregisterComponentsTimeLimit:1.0]]
LogConfig: Setting CVar [[s.LevelStreamingComponentsUnregistrationGranularity:5]]
LogConfig: Setting CVar [[s.FlushStreamingOnExit:1]]
LogInit: Object subsystem initialized
LogConfig: Setting CVar [[con.DebugEarlyDefault:1]]
LogConfig: Setting CVar [[r.setres:1280x720]]
[2023.09.25-01.39.52:887][  0]LogConfig: Setting CVar [[r.VSync:0]]
[2023.09.25-01.39.52:887][  0]LogConfig: Setting CVar [[r.RHICmdBypass:0]]
[2023.09.25-01.39.52:887][  0]LogConfig: Applying CVar settings from Section [/Script/Engine.RendererSettings] File [D:/Repositories/Homeworke/Homeworke/Saved/Config/Windows/Engine.ini]
[2023.09.25-01.39.52:887][  0]LogConfig: Setting CVar [[r.GPUCrashDebugging:0]]
[2023.09.25-01.39.52:887][  0]LogConfig: Applying CVar settings from Section [/Script/Engine.RendererOverrideSettings] File [D:/Repositories/Homeworke/Homeworke/Saved/Config/Windows/Engine.ini]
[2023.09.25-01.39.52:887][  0]LogConfig: Applying CVar settings from Section [/Script/Engine.StreamingSettings] File [D:/Repositories/Homeworke/Homeworke/Saved/Config/Windows/Engine.ini]
[2023.09.25-01.39.52:887][  0]LogConfig: Setting CVar [[s.MinBulkDataSizeForAsyncLoading:131072]]
[2023.09.25-01.39.52:887][  0]LogConfig: Setting CVar [[s.AsyncLoadingThreadEnabled:0]]
[2023.09.25-01.39.52:887][  0]LogConfig: Setting CVar [[s.EventDrivenLoaderEnabled:1]]
[2023.09.25-01.39.52:887][  0]LogConfig: Setting CVar [[s.WarnIfTimeLimitExceeded:0]]
[2023.09.25-01.39.52:887][  0]LogConfig: Setting CVar [[s.TimeLimitExceededMultiplier:1.5]]
[2023.09.25-01.39.52:887][  0]LogConfig: Setting CVar [[s.TimeLimitExceededMinTime:0.005]]
[2023.09.25-01.39.52:887][  0]LogConfig: Setting CVar [[s.UseBackgroundLevelStreaming:1]]
[2023.09.25-01.39.52:887][  0]LogConfig: Setting CVar [[s.PriorityAsyncLoadingExtraTime:15.0]]
[2023.09.25-01.39.52:887][  0]LogConfig: Setting CVar [[s.LevelStreamingActorsUpdateTimeLimit:5.0]]
[2023.09.25-01.39.52:887][  0]LogConfig: Setting CVar [[s.PriorityLevelStreamingActorsUpdateExtraTime:5.0]]
[2023.09.25-01.39.52:887][  0]LogConfig: Setting CVar [[s.LevelStreamingComponentsRegistrationGranularity:10]]
[2023.09.25-01.39.52:887][  0]LogConfig: Setting CVar [[s.UnregisterComponentsTimeLimit:1.0]]
[2023.09.25-01.39.52:887][  0]LogConfig: Setting CVar [[s.LevelStreamingComponentsUnregistrationGranularity:5]]
[2023.09.25-01.39.52:887][  0]LogConfig: Setting CVar [[s.FlushStreamingOnExit:1]]
[2023.09.25-01.39.52:887][  0]LogConfig: Applying CVar settings from Section [/Script/Engine.GarbageCollectionSettings] File [D:/Repositories/Homeworke/Homeworke/Saved/Config/Windows/Engine.ini]
[2023.09.25-01.39.52:887][  0]LogConfig: Setting CVar [[gc.MaxObjectsNotConsideredByGC:1]]
[2023.09.25-01.39.52:887][  0]LogConfig: Setting CVar [[gc.SizeOfPermanentObjectPool:0]]
[2023.09.25-01.39.52:887][  0]LogConfig: Setting CVar [[gc.FlushStreamingOnGC:0]]
[2023.09.25-01.39.52:887][  0]LogConfig: Setting CVar [[gc.NumRetriesBeforeForcingGC:10]]
[2023.09.25-01.39.52:887][  0]LogConfig: Setting CVar [[gc.AllowParallelGC:1]]
[2023.09.25-01.39.52:887][  0]LogConfig: Setting CVar [[gc.TimeBetweenPurgingPendingKillObjects:61.1]]
[2023.09.25-01.39.52:887][  0]LogConfig: Setting CVar [[gc.MaxObjectsInEditor:25165824]]
[2023.09.25-01.39.52:887][  0]LogConfig: Setting CVar [[gc.IncrementalBeginDestroyEnabled:1]]
[2023.09.25-01.39.52:887][  0]LogConfig: Setting CVar [[gc.CreateGCClusters:1]]
[2023.09.25-01.39.52:887][  0]LogConfig: Setting CVar [[gc.MinGCClusterSize:5]]
[2023.09.25-01.39.52:887][  0]LogConfig: Setting CVar [[gc.ActorClusteringEnabled:0]]
[2023.09.25-01.39.52:887][  0]LogConfig: Setting CVar [[gc.BlueprintClusteringEnabled:0]]
[2023.09.25-01.39.52:887][  0]LogConfig: Setting CVar [[gc.UseDisregardForGCOnDedicatedServers:0]]
[2023.09.25-01.39.52:887][  0]LogConfig: Setting CVar [[gc.MultithreadedDestructionEnabled:1]]
[2023.09.25-01.39.52:887][  0]LogConfig: Applying CVar settings from Section [/Script/Engine.NetworkSettings] File [D:/Repositories/Homeworke/Homeworke/Saved/Config/Windows/Engine.ini]
[2023.09.25-01.39.52:887][  0]LogConfig: Applying CVar settings from Section [/Script/UnrealEd.CookerSettings] File [D:/Repositories/Homeworke/Homeworke/Saved/Config/Windows/Engine.ini]
[2023.09.25-01.39.52:891][  0]LogConfig: Applying CVar settings from Section [ViewDistanceQuality@3] File [D:/Repositories/Homeworke/Homeworke/Saved/Config/Windows/Scalability.ini]
[2023.09.25-01.39.52:891][  0]LogConfig: Setting CVar [[r.SkeletalMeshLODBias:0]]
[2023.09.25-01.39.52:891][  0]LogConfig: Setting CVar [[r.ViewDistanceScale:1.0]]
[2023.09.25-01.39.52:891][  0]LogConfig: Applying CVar settings from Section [AntiAliasingQuality@3] File [D:/Repositories/Homeworke/Homeworke/Saved/Config/Windows/Scalability.ini]
[2023.09.25-01.39.52:891][  0]LogConfig: Setting CVar [[r.PostProcessAAQuality:4]]
[2023.09.25-01.39.52:891][  0]LogConfig: Applying CVar settings from Section [ShadowQuality@3] File [D:/Repositories/Homeworke/Homeworke/Saved/Config/Windows/Scalability.ini]
[2023.09.25-01.39.52:891][  0]LogConfig: Setting CVar [[r.LightFunctionQuality:1]]
[2023.09.25-01.39.52:891][  0]LogConfig: Setting CVar [[r.ShadowQuality:5]]
[2023.09.25-01.39.52:891][  0]LogConfig: Setting CVar [[r.Shadow.CSM.MaxCascades:10]]
[2023.09.25-01.39.52:891][  0]LogConfig: Setting CVar [[r.Shadow.MaxResolution:2048]]
[2023.09.25-01.39.52:891][  0]LogConfig: Setting CVar [[r.Shadow.MaxCSMResolution:2048]]
[2023.09.25-01.39.52:891][  0]LogConfig: Setting CVar [[r.Shadow.RadiusThreshold:0.01]]
[2023.09.25-01.39.52:891][  0]LogConfig: Setting CVar [[r.Shadow.DistanceScale:1.0]]
[2023.09.25-01.39.52:891][  0]LogConfig: Setting CVar [[r.Shadow.CSM.TransitionScale:1.0]]
[2023.09.25-01.39.52:891][  0]LogConfig: Setting CVar [[r.Shadow.PreShadowResolutionFactor:1.0]]
[2023.09.25-01.39.52:891][  0]LogConfig: Setting CVar [[r.DistanceFieldShadowing:1]]
[2023.09.25-01.39.52:891][  0]LogConfig: Setting CVar [[r.DistanceFieldAO:1]]
[2023.09.25-01.39.52:891][  0]LogConfig: Setting CVar [[r.AOQuality:2]]
[2023.09.25-01.39.52:891][  0]LogConfig: Setting CVar [[r.VolumetricFog:1]]
[2023.09.25-01.39.52:891][  0]LogConfig: Setting CVar [[r.VolumetricFog.GridPixelSize:8]]
[2023.09.25-01.39.52:891][  0]LogConfig: Setting CVar [[r.VolumetricFog.GridSizeZ:128]]
[2023.09.25-01.39.52:891][  0]LogConfig: Setting CVar [[r.VolumetricFog.HistoryMissSupersampleCount:4]]
[2023.09.25-01.39.52:891][  0]LogConfig: Setting CVar [[r.LightMaxDrawDistanceScale:1]]
[2023.09.25-01.39.52:891][  0]LogConfig: Setting CVar [[r.CapsuleShadows:1]]
[2023.09.25-01.39.52:891][  0]LogConfig: Applying CVar settings from Section [PostProcessQuality@3] File [D:/Repositories/Homeworke/Homeworke/Saved/Config/Windows/Scalability.ini]
[2023.09.25-01.39.52:891][  0]LogConfig: Setting CVar [[r.MotionBlurQuality:4]]
[2023.09.25-01.39.52:891][  0]LogConfig: Setting CVar [[r.AmbientOcclusionMipLevelFactor:0.4]]
[2023.09.25-01.39.52:891][  0]LogConfig: Setting CVar [[r.AmbientOcclusionMaxQuality:100]]
[2023.09.25-01.39.52:891][  0]LogConfig: Setting CVar [[r.AmbientOcclusionLevels:-1]]
[2023.09.25-01.39.52:891][  0]LogConfig: Setting CVar [[r.AmbientOcclusionRadiusScale:1.0]]
[2023.09.25-01.39.52:891][  0]LogConfig: Setting CVar [[r.DepthOfFieldQuality:2]]
[2023.09.25-01.39.52:891][  0]LogConfig: Setting CVar [[r.RenderTargetPoolMin:400]]
[2023.09.25-01.39.52:891][  0]LogConfig: Setting CVar [[r.LensFlareQuality:2]]
[2023.09.25-01.39.52:891][  0]LogConfig: Setting CVar [[r.SceneColorFringeQuality:1]]
[2023.09.25-01.39.52:891][  0]LogConfig: Setting CVar [[r.EyeAdaptationQuality:2]]
[2023.09.25-01.39.52:891][  0]LogConfig: Setting CVar [[r.BloomQuality:5]]
[2023.09.25-01.39.52:891][  0]LogConfig: Setting CVar [[r.FastBlurThreshold:100]]
[2023.09.25-01.39.52:891][  0]LogConfig: Setting CVar [[r.Upscale.Quality:3]]
[2023.09.25-01.39.52:891][  0]LogConfig: Setting CVar [[r.Tonemapper.GrainQuantization:1]]
[2023.09.25-01.39.52:891][  0]LogConfig: Setting CVar [[r.LightShaftQuality:1]]
[2023.09.25-01.39.52:891][  0]LogConfig: Setting CVar [[r.Filter.SizeScale:1]]
[2023.09.25-01.39.52:891][  0]LogConfig: Setting CVar [[r.Tonemapper.Quality:5]]
[2023.09.25-01.39.52:891][  0]LogConfig: Setting CVar [[r.DOF.Gather.AccumulatorQuality:1        ; higher gathering accumulator quality]]
[2023.09.25-01.39.52:891][  0]LogConfig: Setting CVar [[r.DOF.Gather.PostfilterMethod:1          ; Median3x3 postfilering method]]
[2023.09.25-01.39.52:891][  0]LogConfig: Setting CVar [[r.DOF.Gather.EnableBokehSettings:0       ; no bokeh simulation when gathering]]
[2023.09.25-01.39.52:891][  0]LogConfig: Setting CVar [[r.DOF.Gather.RingCount:4                 ; medium number of samples when gathering]]
[2023.09.25-01.39.52:891][  0]LogConfig: Setting CVar [[r.DOF.Scatter.ForegroundCompositing:1    ; additive foreground scattering]]
[2023.09.25-01.39.52:891][  0]LogConfig: Setting CVar [[r.DOF.Scatter.BackgroundCompositing:2    ; additive background scattering]]
[2023.09.25-01.39.52:891][  0]LogConfig: Setting CVar [[r.DOF.Scatter.EnableBokehSettings:1      ; bokeh simulation when scattering]]
[2023.09.25-01.39.52:891][  0]LogConfig: Setting CVar [[r.DOF.Scatter.MaxSpriteRatio:0.1         ; only a maximum of 10% of scattered bokeh]]
[2023.09.25-01.39.52:891][  0]LogConfig: Setting CVar [[r.DOF.Recombine.Quality:1                ; cheap slight out of focus]]
[2023.09.25-01.39.52:891][  0]LogConfig: Setting CVar [[r.DOF.Recombine.EnableBokehSettings:0    ; no bokeh simulation on slight out of focus]]
[2023.09.25-01.39.52:891][  0]LogConfig: Setting CVar [[r.DOF.TemporalAAQuality:1                ; more stable temporal accumulation]]
[2023.09.25-01.39.52:891][  0]LogConfig: Setting CVar [[r.DOF.Kernel.MaxForegroundRadius:0.025]]
[2023.09.25-01.39.52:891][  0]LogConfig: Setting CVar [[r.DOF.Kernel.MaxBackgroundRadius:0.025]]
[2023.09.25-01.39.52:891][  0]LogConfig: Applying CVar settings from Section [TextureQuality@3] File [D:/Repositories/Homeworke/Homeworke/Saved/Config/Windows/Scalability.ini]
[2023.09.25-01.39.52:891][  0]LogConfig: Setting CVar [[r.Streaming.MipBias:0]]
[2023.09.25-01.39.52:891][  0]LogConfig: Setting CVar [[r.Streaming.AmortizeCPUToGPUCopy:0]]
[2023.09.25-01.39.52:891][  0]LogConfig: Setting CVar [[r.Streaming.MaxNumTexturesToStreamPerFrame:0]]
[2023.09.25-01.39.52:891][  0]LogConfig: Setting CVar [[r.Streaming.Boost:1]]
[2023.09.25-01.39.52:891][  0]LogConfig: Setting CVar [[r.MaxAnisotropy:8]]
[2023.09.25-01.39.52:892][  0]LogConfig: Setting CVar [[r.VT.MaxAnisotropy:8]]
[2023.09.25-01.39.52:892][  0]LogConfig: Setting CVar [[r.Streaming.LimitPoolSizeToVRAM:0]]
[2023.09.25-01.39.52:892][  0]LogConfig: Setting CVar [[r.Streaming.PoolSize:1000]]
[2023.09.25-01.39.52:892][  0]LogConfig: Setting CVar [[r.Streaming.MaxEffectiveScreenSize:0]]
[2023.09.25-01.39.52:892][  0]LogConfig: Applying CVar settings from Section [EffectsQuality@3] File [D:/Repositories/Homeworke/Homeworke/Saved/Config/Windows/Scalability.ini]
[2023.09.25-01.39.52:892][  0]LogConfig: Setting CVar [[r.TranslucencyLightingVolumeDim:64]]
[2023.09.25-01.39.52:892][  0]LogConfig: Setting CVar [[r.RefractionQuality:2]]
[2023.09.25-01.39.52:892][  0]LogConfig: Setting CVar [[r.SSR.Quality:3]]
[2023.09.25-01.39.52:892][  0]LogConfig: Setting CVar [[r.SSR.HalfResSceneColor:0]]
[2023.09.25-01.39.52:892][  0]LogConfig: Setting CVar [[r.SceneColorFormat:4]]
[2023.09.25-01.39.52:892][  0]LogConfig: Setting CVar [[r.DetailMode:2]]
[2023.09.25-01.39.52:892][  0]LogConfig: Setting CVar [[r.TranslucencyVolumeBlur:1]]
[2023.09.25-01.39.52:892][  0]LogConfig: Setting CVar [[r.MaterialQualityLevel:1 ; High quality]]
[2023.09.25-01.39.52:892][  0]LogConfig: Setting CVar [[r.AnisotropicMaterials:1]]
[2023.09.25-01.39.52:892][  0]LogConfig: Setting CVar [[r.SSS.Scale:1]]
[2023.09.25-01.39.52:892][  0]LogConfig: Setting CVar [[r.SSS.SampleSet:2]]
[2023.09.25-01.39.52:892][  0]LogConfig: Setting CVar [[r.SSS.Quality:1]]
[2023.09.25-01.39.52:892][  0]LogConfig: Setting CVar [[r.SSS.HalfRes:0]]
[2023.09.25-01.39.52:892][  0]LogConfig: Setting CVar [[r.SSGI.Quality:3]]
[2023.09.25-01.39.52:892][  0]LogConfig: Setting CVar [[r.EmitterSpawnRateScale:1.0]]
[2023.09.25-01.39.52:892][  0]LogConfig: Setting CVar [[r.ParticleLightQuality:2]]
[2023.09.25-01.39.52:892][  0]LogConfig: Setting CVar [[r.SkyAtmosphere.AerialPerspectiveLUT.FastApplyOnOpaque:1 ; Always have FastSkyLUT 1 in this case to avoid wrong sky]]
[2023.09.25-01.39.52:892][  0]LogConfig: Setting CVar [[r.SkyAtmosphere.AerialPerspectiveLUT.SampleCountMaxPerSlice:4]]
[2023.09.25-01.39.52:892][  0]LogConfig: Setting CVar [[r.SkyAtmosphere.AerialPerspectiveLUT.DepthResolution:16.0]]
[2023.09.25-01.39.52:892][  0]LogConfig: Setting CVar [[r.SkyAtmosphere.FastSkyLUT:1]]
[2023.09.25-01.39.52:892][  0]LogConfig: Setting CVar [[r.SkyAtmosphere.FastSkyLUT.SampleCountMin:4.0]]
[2023.09.25-01.39.52:892][  0]LogConfig: Setting CVar [[r.SkyAtmosphere.FastSkyLUT.SampleCountMax:128.0]]
[2023.09.25-01.39.52:892][  0]LogConfig: Setting CVar [[r.SkyAtmosphere.SampleCountMin:4.0]]
[2023.09.25-01.39.52:892][  0]LogConfig: Setting CVar [[r.SkyAtmosphere.SampleCountMax:128.0]]
[2023.09.25-01.39.52:892][  0]LogConfig: Setting CVar [[r.SkyAtmosphere.TransmittanceLUT.UseSmallFormat:0]]
[2023.09.25-01.39.52:892][  0]LogConfig: Setting CVar [[r.SkyAtmosphere.TransmittanceLUT.SampleCount:10.0]]
[2023.09.25-01.39.52:892][  0]LogConfig: Setting CVar [[r.SkyAtmosphere.MultiScatteringLUT.SampleCount:15.0]]
[2023.09.25-01.39.52:892][  0]LogConfig: Setting CVar [[r.SkyLight.RealTimeReflectionCapture:1]]
[2023.09.25-01.39.52:892][  0]LogConfig: Applying CVar settings from Section [FoliageQuality@3] File [D:/Repositories/Homeworke/Homeworke/Saved/Config/Windows/Scalability.ini]
[2023.09.25-01.39.52:892][  0]LogConfig: Setting CVar [[foliage.DensityScale:1.0]]
[2023.09.25-01.39.52:892][  0]LogConfig: Setting CVar [[grass.DensityScale:1.0]]
[2023.09.25-01.39.52:892][  0]LogConfig: Applying CVar settings from Section [ShadingQuality@3] File [D:/Repositories/Homeworke/Homeworke/Saved/Config/Windows/Scalability.ini]
[2023.09.25-01.39.52:892][  0]LogConfig: Setting CVar [[r.HairStrands.SkyLighting.IntegrationType:2]]
[2023.09.25-01.39.52:892][  0]LogConfig: Setting CVar [[r.HairStrands.SkyAO.SampleCount:4]]
[2023.09.25-01.39.52:892][  0]LogConfig: Setting CVar [[r.HairStrands.Visibility.MSAA.SamplePerPixel:4]]
[2023.09.25-01.39.52:892][  0]LogInit: Selected Device Profile: [Windows]
[2023.09.25-01.39.52:892][  0]LogInit: Applying CVar settings loaded from the selected device profile: [Windows]
[2023.09.25-01.39.52:892][  0]LogHAL: Display: Platform has ~ 8 GB [8318115840 / 8589934592 / 8], which maps to Default [LargestMinGB=32, LargerMinGB=12, DefaultMinGB=8, SmallerMinGB=6, SmallestMinGB=0)
[2023.09.25-01.39.52:892][  0]LogInit: Going up to parent DeviceProfile []
[2023.09.25-01.39.52:892][  0]LogConfig: Applying CVar settings from Section [ViewDistanceQuality@3] File [D:/Repositories/Homeworke/Homeworke/Saved/Config/Windows/Scalability.ini]
[2023.09.25-01.39.52:892][  0]LogConfig: Setting CVar [[r.SkeletalMeshLODBias:0]]
[2023.09.25-01.39.52:892][  0]LogConfig: Setting CVar [[r.ViewDistanceScale:1.0]]
[2023.09.25-01.39.52:892][  0]LogConfig: Applying CVar settings from Section [AntiAliasingQuality@3] File [D:/Repositories/Homeworke/Homeworke/Saved/Config/Windows/Scalability.ini]
[2023.09.25-01.39.52:892][  0]LogConfig: Setting CVar [[r.PostProcessAAQuality:4]]
[2023.09.25-01.39.52:892][  0]LogConfig: Applying CVar settings from Section [ShadowQuality@3] File [D:/Repositories/Homeworke/Homeworke/Saved/Config/Windows/Scalability.ini]
[2023.09.25-01.39.52:892][  0]LogConfig: Setting CVar [[r.LightFunctionQuality:1]]
[2023.09.25-01.39.52:892][  0]LogConfig: Setting CVar [[r.ShadowQuality:5]]
[2023.09.25-01.39.52:892][  0]LogConfig: Setting CVar [[r.Shadow.CSM.MaxCascades:10]]
[2023.09.25-01.39.52:892][  0]LogConfig: Setting CVar [[r.Shadow.MaxResolution:2048]]
[2023.09.25-01.39.52:892][  0]LogConfig: Setting CVar [[r.Shadow.MaxCSMResolution:2048]]
[2023.09.25-01.39.52:892][  0]LogConfig: Setting CVar [[r.Shadow.RadiusThreshold:0.01]]
[2023.09.25-01.39.52:892][  0]LogConfig: Setting CVar [[r.Shadow.DistanceScale:1.0]]
[2023.09.25-01.39.52:892][  0]LogConfig: Setting CVar [[r.Shadow.CSM.TransitionScale:1.0]]
[2023.09.25-01.39.52:892][  0]LogConfig: Setting CVar [[r.Shadow.PreShadowResolutionFactor:1.0]]
[2023.09.25-01.39.52:892][  0]LogConfig: Setting CVar [[r.DistanceFieldShadowing:1]]
[2023.09.25-01.39.52:892][  0]LogConfig: Setting CVar [[r.DistanceFieldAO:1]]
[2023.09.25-01.39.52:892][  0]LogConfig: Setting CVar [[r.AOQuality:2]]
[2023.09.25-01.39.52:892][  0]LogConfig: Setting CVar [[r.VolumetricFog:1]]
[2023.09.25-01.39.52:892][  0]LogConfig: Setting CVar [[r.VolumetricFog.GridPixelSize:8]]
[2023.09.25-01.39.52:892][  0]LogConfig: Setting CVar [[r.VolumetricFog.GridSizeZ:128]]
[2023.09.25-01.39.52:892][  0]LogConfig: Setting CVar [[r.VolumetricFog.HistoryMissSupersampleCount:4]]
[2023.09.25-01.39.52:892][  0]LogConfig: Setting CVar [[r.LightMaxDrawDistanceScale:1]]
[2023.09.25-01.39.52:892][  0]LogConfig: Setting CVar [[r.CapsuleShadows:1]]
[2023.09.25-01.39.52:892][  0]LogConfig: Applying CVar settings from Section [PostProcessQuality@3] File [D:/Repositories/Homeworke/Homeworke/Saved/Config/Windows/Scalability.ini]
[2023.09.25-01.39.52:892][  0]LogConfig: Setting CVar [[r.MotionBlurQuality:4]]
[2023.09.25-01.39.52:892][  0]LogConfig: Setting CVar [[r.AmbientOcclusionMipLevelFactor:0.4]]
[2023.09.25-01.39.52:892][  0]LogConfig: Setting CVar [[r.AmbientOcclusionMaxQuality:100]]
[2023.09.25-01.39.52:892][  0]LogConfig: Setting CVar [[r.AmbientOcclusionLevels:-1]]
[2023.09.25-01.39.52:892][  0]LogConfig: Setting CVar [[r.AmbientOcclusionRadiusScale:1.0]]
[2023.09.25-01.39.52:892][  0]LogConfig: Setting CVar [[r.DepthOfFieldQuality:2]]
[2023.09.25-01.39.52:892][  0]LogConfig: Setting CVar [[r.RenderTargetPoolMin:400]]
[2023.09.25-01.39.52:892][  0]LogConfig: Setting CVar [[r.LensFlareQuality:2]]
[2023.09.25-01.39.52:892][  0]LogConfig: Setting CVar [[r.SceneColorFringeQuality:1]]
[2023.09.25-01.39.52:892][  0]LogConfig: Setting CVar [[r.EyeAdaptationQuality:2]]
[2023.09.25-01.39.52:892][  0]LogConfig: Setting CVar [[r.BloomQuality:5]]
[2023.09.25-01.39.52:892][  0]LogConfig: Setting CVar [[r.FastBlurThreshold:100]]
[2023.09.25-01.39.52:892][  0]LogConfig: Setting CVar [[r.Upscale.Quality:3]]
[2023.09.25-01.39.52:892][  0]LogConfig: Setting CVar [[r.Tonemapper.GrainQuantization:1]]
[2023.09.25-01.39.52:892][  0]LogConfig: Setting CVar [[r.LightShaftQuality:1]]
[2023.09.25-01.39.52:892][  0]LogConfig: Setting CVar [[r.Filter.SizeScale:1]]
[2023.09.25-01.39.52:892][  0]LogConfig: Setting CVar [[r.Tonemapper.Quality:5]]
[2023.09.25-01.39.52:892][  0]LogConfig: Setting CVar [[r.DOF.Gather.AccumulatorQuality:1        ; higher gathering accumulator quality]]
[2023.09.25-01.39.52:892][  0]LogConfig: Setting CVar [[r.DOF.Gather.PostfilterMethod:1          ; Median3x3 postfilering method]]
[2023.09.25-01.39.52:892][  0]LogConfig: Setting CVar [[r.DOF.Gather.EnableBokehSettings:0       ; no bokeh simulation when gathering]]
[2023.09.25-01.39.52:892][  0]LogConfig: Setting CVar [[r.DOF.Gather.RingCount:4                 ; medium number of samples when gathering]]
[2023.09.25-01.39.52:892][  0]LogConfig: Setting CVar [[r.DOF.Scatter.ForegroundCompositing:1    ; additive foreground scattering]]
[2023.09.25-01.39.52:892][  0]LogConfig: Setting CVar [[r.DOF.Scatter.BackgroundCompositing:2    ; additive background scattering]]
[2023.09.25-01.39.52:892][  0]LogConfig: Setting CVar [[r.DOF.Scatter.EnableBokehSettings:1      ; bokeh simulation when scattering]]
[2023.09.25-01.39.52:892][  0]LogConfig: Setting CVar [[r.DOF.Scatter.MaxSpriteRatio:0.1         ; only a maximum of 10% of scattered bokeh]]
[2023.09.25-01.39.52:892][  0]LogConfig: Setting CVar [[r.DOF.Recombine.Quality:1                ; cheap slight out of focus]]
[2023.09.25-01.39.52:893][  0]LogConfig: Setting CVar [[r.DOF.Recombine.EnableBokehSettings:0    ; no bokeh simulation on slight out of focus]]
[2023.09.25-01.39.52:893][  0]LogConfig: Setting CVar [[r.DOF.TemporalAAQuality:1                ; more stable temporal accumulation]]
[2023.09.25-01.39.52:893][  0]LogConfig: Setting CVar [[r.DOF.Kernel.MaxForegroundRadius:0.025]]
[2023.09.25-01.39.52:893][  0]LogConfig: Setting CVar [[r.DOF.Kernel.MaxBackgroundRadius:0.025]]
[2023.09.25-01.39.52:893][  0]LogConfig: Applying CVar settings from Section [TextureQuality@3] File [D:/Repositories/Homeworke/Homeworke/Saved/Config/Windows/Scalability.ini]
[2023.09.25-01.39.52:893][  0]LogConfig: Setting CVar [[r.Streaming.MipBias:0]]
[2023.09.25-01.39.52:893][  0]LogConfig: Setting CVar [[r.Streaming.AmortizeCPUToGPUCopy:0]]
[2023.09.25-01.39.52:893][  0]LogConfig: Setting CVar [[r.Streaming.MaxNumTexturesToStreamPerFrame:0]]
[2023.09.25-01.39.52:893][  0]LogConfig: Setting CVar [[r.Streaming.Boost:1]]
[2023.09.25-01.39.52:893][  0]LogConfig: Setting CVar [[r.MaxAnisotropy:8]]
[2023.09.25-01.39.52:893][  0]LogConfig: Setting CVar [[r.VT.MaxAnisotropy:8]]
[2023.09.25-01.39.52:893][  0]LogConfig: Setting CVar [[r.Streaming.LimitPoolSizeToVRAM:0]]
[2023.09.25-01.39.52:893][  0]LogConfig: Setting CVar [[r.Streaming.PoolSize:1000]]
[2023.09.25-01.39.52:893][  0]LogConfig: Setting CVar [[r.Streaming.MaxEffectiveScreenSize:0]]
[2023.09.25-01.39.52:893][  0]LogConfig: Applying CVar settings from Section [EffectsQuality@3] File [D:/Repositories/Homeworke/Homeworke/Saved/Config/Windows/Scalability.ini]
[2023.09.25-01.39.52:893][  0]LogConfig: Setting CVar [[r.TranslucencyLightingVolumeDim:64]]
[2023.09.25-01.39.52:893][  0]LogConfig: Setting CVar [[r.RefractionQuality:2]]
[2023.09.25-01.39.52:893][  0]LogConfig: Setting CVar [[r.SSR.Quality:3]]
[2023.09.25-01.39.52:893][  0]LogConfig: Setting CVar [[r.SSR.HalfResSceneColor:0]]
[2023.09.25-01.39.52:893][  0]LogConfig: Setting CVar [[r.SceneColorFormat:4]]
[2023.09.25-01.39.52:893][  0]LogConfig: Setting CVar [[r.DetailMode:2]]
[2023.09.25-01.39.52:893][  0]LogConfig: Setting CVar [[r.TranslucencyVolumeBlur:1]]
[2023.09.25-01.39.52:893][  0]LogConfig: Setting CVar [[r.MaterialQualityLevel:1 ; High quality]]
[2023.09.25-01.39.52:893][  0]LogConfig: Setting CVar [[r.AnisotropicMaterials:1]]
[2023.09.25-01.39.52:893][  0]LogConfig: Setting CVar [[r.SSS.Scale:1]]
[2023.09.25-01.39.52:893][  0]LogConfig: Setting CVar [[r.SSS.SampleSet:2]]
[2023.09.25-01.39.52:893][  0]LogConfig: Setting CVar [[r.SSS.Quality:1]]
[2023.09.25-01.39.52:893][  0]LogConfig: Setting CVar [[r.SSS.HalfRes:0]]
[2023.09.25-01.39.52:893][  0]LogConfig: Setting CVar [[r.SSGI.Quality:3]]
[2023.09.25-01.39.52:893][  0]LogConfig: Setting CVar [[r.EmitterSpawnRateScale:1.0]]
[2023.09.25-01.39.52:893][  0]LogConfig: Setting CVar [[r.ParticleLightQuality:2]]
[2023.09.25-01.39.52:893][  0]LogConfig: Setting CVar [[r.SkyAtmosphere.AerialPerspectiveLUT.FastApplyOnOpaque:1 ; Always have FastSkyLUT 1 in this case to avoid wrong sky]]
[2023.09.25-01.39.52:893][  0]LogConfig: Setting CVar [[r.SkyAtmosphere.AerialPerspectiveLUT.SampleCountMaxPerSlice:4]]
[2023.09.25-01.39.52:893][  0]LogConfig: Setting CVar [[r.SkyAtmosphere.AerialPerspectiveLUT.DepthResolution:16.0]]
[2023.09.25-01.39.52:893][  0]LogConfig: Setting CVar [[r.SkyAtmosphere.FastSkyLUT:1]]
[2023.09.25-01.39.52:893][  0]LogConfig: Setting CVar [[r.SkyAtmosphere.FastSkyLUT.SampleCountMin:4.0]]
[2023.09.25-01.39.52:893][  0]LogConfig: Setting CVar [[r.SkyAtmosphere.FastSkyLUT.SampleCountMax:128.0]]
[2023.09.25-01.39.52:893][  0]LogConfig: Setting CVar [[r.SkyAtmosphere.SampleCountMin:4.0]]
[2023.09.25-01.39.52:893][  0]LogConfig: Setting CVar [[r.SkyAtmosphere.SampleCountMax:128.0]]
[2023.09.25-01.39.52:893][  0]LogConfig: Setting CVar [[r.SkyAtmosphere.TransmittanceLUT.UseSmallFormat:0]]
[2023.09.25-01.39.52:893][  0]LogConfig: Setting CVar [[r.SkyAtmosphere.TransmittanceLUT.SampleCount:10.0]]
[2023.09.25-01.39.52:893][  0]LogConfig: Setting CVar [[r.SkyAtmosphere.MultiScatteringLUT.SampleCount:15.0]]
[2023.09.25-01.39.52:893][  0]LogConfig: Setting CVar [[r.SkyLight.RealTimeReflectionCapture:1]]
[2023.09.25-01.39.52:893][  0]LogConfig: Applying CVar settings from Section [FoliageQuality@3] File [D:/Repositories/Homeworke/Homeworke/Saved/Config/Windows/Scalability.ini]
[2023.09.25-01.39.52:893][  0]LogConfig: Setting CVar [[foliage.DensityScale:1.0]]
[2023.09.25-01.39.52:893][  0]LogConfig: Setting CVar [[grass.DensityScale:1.0]]
[2023.09.25-01.39.52:893][  0]LogConfig: Applying CVar settings from Section [ShadingQuality@3] File [D:/Repositories/Homeworke/Homeworke/Saved/Config/Windows/Scalability.ini]
[2023.09.25-01.39.52:893][  0]LogConfig: Setting CVar [[r.HairStrands.SkyLighting.IntegrationType:2]]
[2023.09.25-01.39.52:893][  0]LogConfig: Setting CVar [[r.HairStrands.SkyAO.SampleCount:4]]
[2023.09.25-01.39.52:893][  0]LogConfig: Setting CVar [[r.HairStrands.Visibility.MSAA.SamplePerPixel:4]]
[2023.09.25-01.39.52:893][  0]LogConfig: Applying CVar settings from Section [Startup] File [../../../Engine/Config/ConsoleVariables.ini]
[2023.09.25-01.39.52:893][  0]LogConfig: Setting CVar [[net.UseAdaptiveNetUpdateFrequency:0]]
[2023.09.25-01.39.52:893][  0]LogConfig: Setting CVar [[p.chaos.AllowCreatePhysxBodies:1]]
[2023.09.25-01.39.52:893][  0]LogConfig: Setting CVar [[fx.SkipVectorVMBackendOptimizations:1]]
[2023.09.25-01.39.52:893][  0]LogConfig: Applying CVar settings from Section [ConsoleVariables] File [D:/Repositories/Homeworke/Homeworke/Saved/Config/Windows/Engine.ini]
[2023.09.25-01.39.52:893][  0]LogConfig: Applying CVar settings from Section [ConsoleVariables] File [D:/Repositories/Homeworke/Homeworke/Saved/Config/Windows/Editor.ini]
[2023.09.25-01.39.52:893][  0]LogInit: Computer: LAPTOP-PKSP89UI
[2023.09.25-01.39.52:893][  0]LogInit: User: darya
[2023.09.25-01.39.52:893][  0]LogInit: CPU Page size=4096, Cores=4
[2023.09.25-01.39.52:893][  0]LogInit: High frequency timer resolution =10.000000 MHz
[2023.09.25-01.39.52:893][  0]LogMemory: Memory total: Physical=7.7GB (8GB approx)
[2023.09.25-01.39.52:893][  0]LogMemory: Platform Memory Stats for Windows
[2023.09.25-01.39.52:893][  0]LogMemory: Process Physical Memory: 142.52 MB used, 142.52 MB peak
[2023.09.25-01.39.52:893][  0]LogMemory: Process Virtual Memory: 136.59 MB used, 136.59 MB peak
[2023.09.25-01.39.52:893][  0]LogMemory: Physical Memory: 6252.28 MB used,  1680.50 MB free, 7932.77 MB total
[2023.09.25-01.39.52:893][  0]LogMemory: Virtual Memory: 134216584.00 MB used,  1142.81 MB free, 134217728.00 MB total
[2023.09.25-01.39.52:901][  0]LogWindows: WindowsPlatformFeatures enabled
[2023.09.25-01.39.52:930][  0]LogInit: Physics initialised using underlying interface: PhysX
[2023.09.25-01.39.52:931][  0]LogInit: Using OS detected language (ru-RU).
[2023.09.25-01.39.52:931][  0]LogInit: Using OS detected locale (ru-RU).
[2023.09.25-01.39.52:932][  0]LogTextLocalizationManager: No specific localization for 'ru-RU' exists, so the 'ru' localization will be used.
[2023.09.25-01.39.52:932][  0]LogTextLocalizationResource: LocRes '../../../Engine/Content/Localization/Editor/ru/Editor.locres' could not be opened for reading!
[2023.09.25-01.39.52:933][  0]LogTextLocalizationResource: LocRes '../../../Engine/Content/Localization/EditorTutorials/ru/EditorTutorials.locres' could not be opened for reading!
[2023.09.25-01.39.52:933][  0]LogTextLocalizationResource: LocRes '../../../Engine/Content/Localization/Keywords/ru/Keywords.locres' could not be opened for reading!
[2023.09.25-01.39.52:933][  0]LogTextLocalizationResource: LocRes '../../../Engine/Content/Localization/Category/ru/Category.locres' could not be opened for reading!
[2023.09.25-01.39.52:933][  0]LogTextLocalizationResource: LocRes '../../../Engine/Content/Localization/ToolTips/ru/ToolTips.locres' could not be opened for reading!
[2023.09.25-01.39.52:933][  0]LogTextLocalizationResource: LocRes '../../../Engine/Content/Localization/PropertyNames/ru/PropertyNames.locres' could not be opened for reading!
[2023.09.25-01.39.52:933][  0]LogTextLocalizationResource: LocRes '../../../Engine/Content/Localization/Engine/ru/Engine.locres' could not be opened for reading!
[2023.09.25-01.39.52:934][  0]LogInit: Setting process to per monitor DPI aware
[2023.09.25-01.39.52:945][  0]LogWindowsTextInputMethodSystem: Display: IME system deactivated.
[2023.09.25-01.39.54:303][  0]LogSlate: New Slate User Created.  User Index 0, Is Virtual User: 0
[2023.09.25-01.39.54:303][  0]LogSlate: Slate User Registered.  User Index 0, Is Virtual User: 0
[2023.09.25-01.39.54:480][  0]LogD3D11RHI: Loaded GFSDK_Aftermath_Lib.x64.dll
[2023.09.25-01.39.54:488][  0]LogHMD: Failed to initialize OpenVR with code 110
[2023.09.25-01.39.54:488][  0]LogD3D11RHI: D3D11 min allowed feature level: 11_0
[2023.09.25-01.39.54:488][  0]LogD3D11RHI: D3D11 max allowed feature level: 11_0
[2023.09.25-01.39.54:488][  0]LogD3D11RHI: D3D11 adapters:
[2023.09.25-01.39.54:565][  0]LogD3D11RHI:    0. 'Intel(R) UHD Graphics' (Feature Level 11_0)
[2023.09.25-01.39.54:565][  0]LogD3D11RHI:       128/0/3966 MB DedicatedVideo/DedicatedSystem/SharedSystem, Outputs:1, VendorId:0x8086
[2023.09.25-01.39.54:567][  0]LogD3D11RHI:    1. 'Microsoft Basic Render Driver' (Feature Level 11_0)
[2023.09.25-01.39.54:568][  0]LogD3D11RHI:       0/0/3966 MB DedicatedVideo/DedicatedSystem/SharedSystem, Outputs:0, VendorId:0x1414
[2023.09.25-01.39.54:568][  0]LogD3D11RHI: Chosen D3D11 Adapter:
[2023.09.25-01.39.54:568][  0]LogD3D11RHI:     Description : Intel(R) UHD Graphics
[2023.09.25-01.39.54:568][  0]LogD3D11RHI:     VendorId    : 8086
[2023.09.25-01.39.54:568][  0]LogD3D11RHI:     DeviceId    : 8a56
[2023.09.25-01.39.54:568][  0]LogD3D11RHI:     SubSysId    : 14e21043
[2023.09.25-01.39.54:568][  0]LogD3D11RHI:     Revision    : 0007
[2023.09.25-01.39.54:568][  0]LogD3D11RHI:     DedicatedVideoMemory : 134217728 bytes
[2023.09.25-01.39.54:568][  0]LogD3D11RHI:     DedicatedSystemMemory : 0 bytes
[2023.09.25-01.39.54:568][  0]LogD3D11RHI:     SharedSystemMemory : 4159057920 bytes
[2023.09.25-01.39.54:568][  0]LogD3D11RHI:     AdapterLuid : 0 70146
[2023.09.25-01.39.54:572][  0]LogD3D11RHI: Creating new Direct3DDevice
[2023.09.25-01.39.54:572][  0]LogD3D11RHI:     GPU DeviceId: 0x8a56 (for the marketing name, search the web for "GPU Device Id")
[2023.09.25-01.39.54:572][  0]LogWindows: EnumDisplayDevices:
[2023.09.25-01.39.54:572][  0]LogWindows:    0. 'Intel(R) UHD Graphics' (P:1 D:1)
[2023.09.25-01.39.54:572][  0]LogWindows:    1. 'Intel(R) UHD Graphics' (P:0 D:0)
[2023.09.25-01.39.54:573][  0]LogWindows:    2. 'Intel(R) UHD Graphics' (P:0 D:0)
[2023.09.25-01.39.54:573][  0]LogWindows: DebugString: FoundDriverCount:3 
[2023.09.25-01.39.54:573][  0]LogD3D11RHI:     Adapter Name: Intel(R) UHD Graphics
[2023.09.25-01.39.54:573][  0]LogD3D11RHI:   Driver Version: 30.0.100.9864 (internal:30.0.100.9864, unified:30.0.100.9864)
[2023.09.25-01.39.54:573][  0]LogD3D11RHI:      Driver Date: 8-20-2021
[2023.09.25-01.39.54:573][  0]LogRHI: Texture pool is 1477 MB (70% of 2111 MB)
[2023.09.25-01.39.54:582][  0]LogD3D11RHI: Creating D3DDevice using adapter:
[2023.09.25-01.39.54:582][  0]LogD3D11RHI:     Description : Intel(R) UHD Graphics
[2023.09.25-01.39.54:582][  0]LogD3D11RHI:     VendorId    : 8086
[2023.09.25-01.39.54:582][  0]LogD3D11RHI:     DeviceId    : 8a56
[2023.09.25-01.39.54:582][  0]LogD3D11RHI:     SubSysId    : 14e21043
[2023.09.25-01.39.54:582][  0]LogD3D11RHI:     Revision    : 0007
[2023.09.25-01.39.54:582][  0]LogD3D11RHI:     DedicatedVideoMemory : 134217728 bytes
[2023.09.25-01.39.54:582][  0]LogD3D11RHI:     DedicatedSystemMemory : 0 bytes
[2023.09.25-01.39.54:582][  0]LogD3D11RHI:     SharedSystemMemory : 4159057920 bytes
[2023.09.25-01.39.54:582][  0]LogD3D11RHI:     AdapterLuid : 0 70146
[2023.09.25-01.39.54:623][  0]LogD3D11RHI: RHI does not have support for 64 bit atomics
[2023.09.25-01.39.54:646][  0]LogD3D11RHI: Intel Extensions support version Full=16777216, Major=1, Minor=0, Revision=0
[2023.09.25-01.39.54:646][  0]LogD3D11RHI: Intel Extensions support version Full=16777217, Major=1, Minor=0, Revision=1
[2023.09.25-01.39.54:646][  0]LogD3D11RHI: Intel Extensions Framework enabled
[2023.09.25-01.39.54:647][  0]LogD3D11RHI: [IntelMetricsDiscovery] Started
[2023.09.25-01.39.54:647][  0]LogD3D11RHI: Async texture creation enabled
[2023.09.25-01.39.54:647][  0]LogD3D11RHI: Array index from any shader is supported
[2023.09.25-01.39.54:654][  0]LogD3D11RHI: GPU Timing Frequency: 19.200000 (Debug: 2 0)
[2023.09.25-01.39.54:977][  0]LogTargetPlatformManager: Display: Loaded TargetPlatform 'AllDesktop'
[2023.09.25-01.39.55:006][  0]LogTargetPlatformManager: Display: Loaded TargetPlatform 'Android'
[2023.09.25-01.39.55:006][  0]LogTargetPlatformManager: Display: Loaded TargetPlatform 'Android_ASTC'
[2023.09.25-01.39.55:006][  0]LogTargetPlatformManager: Display: Loaded TargetPlatform 'Android_DXT'
[2023.09.25-01.39.55:006][  0]LogTargetPlatformManager: Display: Loaded TargetPlatform 'Android_ETC2'
[2023.09.25-01.39.55:006][  0]LogTargetPlatformManager: Display: Loaded TargetPlatform 'AndroidClient'
[2023.09.25-01.39.55:006][  0]LogTargetPlatformManager: Display: Loaded TargetPlatform 'Android_ASTCClient'
[2023.09.25-01.39.55:006][  0]LogTargetPlatformManager: Display: Loaded TargetPlatform 'Android_DXTClient'
[2023.09.25-01.39.55:006][  0]LogTargetPlatformManager: Display: Loaded TargetPlatform 'Android_ETC2Client'
[2023.09.25-01.39.55:006][  0]LogTargetPlatformManager: Display: Loaded TargetPlatform 'Android_Multi'
[2023.09.25-01.39.55:006][  0]LogTargetPlatformManager: Display: Loaded TargetPlatform 'Android_MultiClient'
[2023.09.25-01.39.55:033][  0]LogTargetPlatformManager: Display: Loaded TargetPlatform 'IOSClient'
[2023.09.25-01.39.55:033][  0]LogTargetPlatformManager: Display: Loaded TargetPlatform 'IOS'
[2023.09.25-01.39.55:044][  0]LogTargetPlatformManager: Display: Loaded TargetPlatform 'Linux'
[2023.09.25-01.39.55:049][  0]LogTargetPlatformManager: Display: Loaded TargetPlatform 'LinuxNoEditor'
[2023.09.25-01.39.55:054][  0]LogTargetPlatformManager: Display: Loaded TargetPlatform 'LinuxClient'
[2023.09.25-01.39.55:060][  0]LogTargetPlatformManager: Display: Loaded TargetPlatform 'LinuxServer'
[2023.09.25-01.39.55:073][  0]LogTargetPlatformManager: Display: Loaded TargetPlatform 'LinuxAArch64NoEditor'
[2023.09.25-01.39.55:079][  0]LogTargetPlatformManager: Display: Loaded TargetPlatform 'LinuxAArch64Client'
[2023.09.25-01.39.55:086][  0]LogTargetPlatformManager: Display: Loaded TargetPlatform 'LinuxAArch64Server'
[2023.09.25-01.39.55:110][  0]LogTargetPlatformManager: Display: Loaded TargetPlatform 'Lumin'
[2023.09.25-01.39.55:110][  0]LogTargetPlatformManager: Display: Loaded TargetPlatform 'LuminClient'
[2023.09.25-01.39.55:121][  0]LogTargetPlatformManager: Display: Loaded TargetPlatform 'MacNoEditor'
[2023.09.25-01.39.55:126][  0]LogTargetPlatformManager: Display: Loaded TargetPlatform 'Mac'
[2023.09.25-01.39.55:130][  0]LogTargetPlatformManager: Display: Loaded TargetPlatform 'MacClient'
[2023.09.25-01.39.55:135][  0]LogTargetPlatformManager: Display: Loaded TargetPlatform 'MacServer'
[2023.09.25-01.39.55:146][  0]LogTargetPlatformManager: Display: Loaded TargetPlatform 'TVOSClient'
[2023.09.25-01.39.55:146][  0]LogTargetPlatformManager: Display: Loaded TargetPlatform 'TVOS'
[2023.09.25-01.39.55:155][  0]LogTargetPlatformManager: Display: Loaded TargetPlatform 'WindowsNoEditor'
[2023.09.25-01.39.55:160][  0]LogTargetPlatformManager: Display: Loaded TargetPlatform 'Windows'
[2023.09.25-01.39.55:167][  0]LogTargetPlatformManager: Display: Loaded TargetPlatform 'WindowsClient'
[2023.09.25-01.39.55:172][  0]LogTargetPlatformManager: Display: Loaded TargetPlatform 'WindowsServer'
[2023.09.25-01.39.55:172][  0]LogTargetPlatformManager: Display: Building Assets For Windows
[2023.09.25-01.39.55:185][  0]LogAudioDebug: Display: Lib vorbis DLL was dynamically loaded.
[2023.09.25-01.39.55:224][  0]LogTextureFormatOodle: Display: Oodle Texture 2.9.0 init RDO Off
[2023.09.25-01.39.55:267][  0]LogRendererCore: Ray tracing is disabled. Reason: r.RayTracing=0.
[2023.09.25-01.39.55:267][  0]LogShaderCompilers: Guid format shader working directory is -4 characters bigger than the processId version (../../../../../../Repositories/Homeworke/Homeworke/Intermediate/Shaders/WorkingDirectory/7484/).
[2023.09.25-01.39.55:267][  0]LogShaderCompilers: Cleaned the shader compiler working directory 'C:/Users/darya/AppData/Local/Temp/UnrealShaderWorkingDir/C7D373DD492170B334E3C88B4471B2E2/'.
[2023.09.25-01.39.55:268][  0]LogXGEController: Cannot use XGE Controller as Incredibuild is not installed on this machine.
[2023.09.25-01.39.55:268][  0]LogShaderCompilers: Cannot use XGE Shader Compiler as Incredibuild is not installed on this machine.
[2023.09.25-01.39.55:268][  0]LogShaderCompilers: Display: Using Local Shader Compiler.
[2023.09.25-01.39.56:115][  0]LogDerivedDataCache: Display: Max Cache Size: 512 MB
[2023.09.25-01.39.56:175][  0]LogDerivedDataCache: Loaded boot cache 0.06s 96MB C:/Users/darya/AppData/Local/UnrealEngine/4.27/DerivedDataCache/Boot.ddc.
[2023.09.25-01.39.56:175][  0]LogDerivedDataCache: Display: Loaded Boot cache: C:/Users/darya/AppData/Local/UnrealEngine/4.27/DerivedDataCache/Boot.ddc
[2023.09.25-01.39.56:175][  0]LogDerivedDataCache: FDerivedDataBackendGraph:  Pak pak cache file ../../../../../../Repositories/Homeworke/Homeworke/DerivedDataCache/DDC.ddp not found, will not use a pak cache.
[2023.09.25-01.39.56:175][  0]LogDerivedDataCache: Unable to find inner node Pak for hierarchical cache Hierarchy.
[2023.09.25-01.39.56:175][  0]LogDerivedDataCache: FDerivedDataBackendGraph:  CompressedPak pak cache file ../../../../../../Repositories/Homeworke/Homeworke/DerivedDataCache/Compressed.ddp not found, will not use a pak cache.
[2023.09.25-01.39.56:175][  0]LogDerivedDataCache: Unable to find inner node CompressedPak for hierarchical cache Hierarchy.
[2023.09.25-01.39.56:196][  0]LogDerivedDataCache: Display: Pak cache opened for reading ../../../Engine/DerivedDataCache/Compressed.ddp.
[2023.09.25-01.39.56:196][  0]LogDerivedDataCache: FDerivedDataBackendGraph:  EnterprisePak pak cache file ../../../Enterprise/DerivedDataCache/Compressed.ddp not found, will not use a pak cache.
[2023.09.25-01.39.56:196][  0]LogDerivedDataCache: Unable to find inner node EnterprisePak for hierarchical cache Hierarchy.
[2023.09.25-01.39.56:210][  0]LogDerivedDataCache: Speed tests for C:/Users/darya/AppData/Local/UnrealEngine/Common/DerivedDataCache took 0.01 seconds
[2023.09.25-01.39.56:210][  0]LogDerivedDataCache: Display: Performance to C:/Users/darya/AppData/Local/UnrealEngine/Common/DerivedDataCache: Latency=0.02ms. RandomReadSpeed=1434.70MBs, RandomWriteSpeed=70.15MBs. Assigned SpeedClass 'Local'
[2023.09.25-01.39.56:214][  0]LogDerivedDataCache: Using Local data cache path C:/Users/darya/AppData/Local/UnrealEngine/Common/DerivedDataCache: Writable
[2023.09.25-01.39.56:214][  0]LogDerivedDataCache: Shared data cache path not found in *engine.ini, will not use an Shared cache.
[2023.09.25-01.39.56:214][  0]LogDerivedDataCache: Unable to find inner node Shared for hierarchical cache Hierarchy.
[2023.09.25-01.39.56:269][  0]LogSlate: Using FreeType 2.10.0
[2023.09.25-01.39.56:270][  0]LogSlate: SlateFontServices - WITH_FREETYPE: 1, WITH_HARFBUZZ: 1
[2023.09.25-01.39.56:294][  0]LogAssetRegistry: FAssetRegistry took 0.0026 seconds to start up
[2023.09.25-01.39.56:516][  0]LogInit: Selected Device Profile: [Windows]
[2023.09.25-01.39.56:516][  0]LogInit: Active device profile: [00000176AF988D00][00000176A964B680 49] Windows
[2023.09.25-01.39.56:516][  0]LogInit: Profiles: [00000176AF988D00][00000176A964B680 49] Windows, [00000176AF952300][00000176ABD65800 49] WindowsNoEditor, [00000176AF989C00][00000176ABD69980 49] WindowsServer, [00000176AF953100][00000176ABD6DB00 49] WindowsClient, [00000176AF98A900][00000176ABD70100 49] IOS, [00000176AF951A00][00000176ABD74280 49] iPadAir, [00000176AF98BE00][00000176ABD78400 49] iPadAir2, [00000176AF8ED100][00000176ABD7C640 49] IPadPro, [00000176AF8ED200][00000176A964E680 49] iPadAir3, [00000176AF950C00][00000176ABD807C0 49] iPadAir4, [00000176AF8EDE00][00000176ABD84900 49] iPadMini2, [00000176AF953300][00000176ABD8CA80 49] iPadMini3, [00000176AF8EF900][00000176ABD90C00 49] iPadMini4, [00000176AF951000][00000176ABD94D80 49] iPadMini5, [00000176AF90C900][00000176ABD9D040 49] iPhone6, [00000176AF90CA00][00000176ABD99080 49] iPodTouch6, [00000176AF98AE00][00000176ABDA5340 49] iPhone7, [00000176AF98AF00][00000176ABDA1380 49] iPodTouch7, [00000176AF8EFE00][00000176ABDA9500 49] iPhone5S, [00000176AF989000][00000176ABDAD680 49] iPhone6Plus, [00000176AF90C100][00000176ABDB1800 49] iPhone6S, [00000176AF8EC300][00000176ABDB5980 49] iPhone6SPlus, [00000176AF90E800][00000176ABDB9B00 49] iPhone7Plus, [00000176AF8EE400][00000176ABDBC100 49] iPhoneSE, [00000176AF90E600][00000176B03A0280 49] iPhone8, [00000176AF8EC400][00000176B03A4400 49] iPhone8Plus, [00000176AF90F100][00000176B03A8580 49] iPhoneX, [00000176AF989500][00000176B03AC700 49] iPhoneXS, [00000176AF90EB00][00000176ABD88840 49] iPhoneXSMax, [00000176AF988700][00000176B03B0980 49] iPhoneXR, [00000176AF90C800][00000176B03B4AC0 49] iPhone11, [00000176AF989100][00000176B03BCC40 49] iPhone11Pro, [00000176AF90DA00][00000176B03C0DC0 49] iPhone11ProMax, [00000176AF98B700][00000176B03C4F40 49] iPhoneSE2, [00000176AF90F800][00000176B03C90C0 49] iPhone12Mini, [00000176AF98A300][00000176B03CD240 49] iPhone12, [00000176AF90F200][00000176B03D13C0 49] iPhone12Pro, [00000176AF989300][00000176B03D5540 49] iPhone12ProMax, [00000176AF90D500][00000176B03D96C0 49] iPadPro105, [00000176AF988A00][00000176B03DD840 49] iPadPro129, [00000176AF90FD00][00000176B03E19C0 49] iPadPro97, [00000176AF98AA00][00000176B03E5B40 49] iPadPro2_129, [00000176AF90CE00][00000176B03E8140 49] iPad5, [00000176AF989F00][00000176B03EC2C0 49] iPad6, [00000176AF90D300][00000176B03F0440 49] iPad7, [00000176AF988200][00000176B03F45C0 49] iPad8, [00000176AF90C300][00000176B03F8740 49] iPadPro11, [00000176AF98B100][00000176B03FC8C0 49] iPadPro2_11, [00000176AF90D600][00000176B03B8A00 49] iPadPro3_129, [00000176AF98A700][00000176B0400B40 49] iPadPro4_129, [00000176AF90D000][00000176B0404C80 49] AppleTV, [00000176AF988900][00000176B0408DC0 49] AppleTV4K, [00000176AF90E300][00000176B0410F40 49] TVOS, [00000176AF988300][00000176B04150C0 49] Mac, [00000176AF90F600][00000176B0419240 49] MacClient, [00000176AF98B900][00000176B041D3C0 49] MacNoEditor, [00000176AF90F000][00000176B0421540 49] MacServer, [00000176AF988800][00000176B04256C0 49] Linux, [00000176AF90DD00][00000176B0429840 49] LinuxAArch64, [00000176AF98AB00][00000176B042D9C0 49] LinuxNoEditor, [00000176AF90FB00][00000176B0431B40 49] LinuxAArch64NoEditor, [00000176AF988400][00000176B0434140 49] LinuxClient, [00000176AF90ED00][00000176B04382C0 49] LinuxAArch64Client, [00000176AF98B500][00000176B043C440 49] LinuxServer, [00000176AF90FF00][00000176B04405C0 49] LinuxAArch64Server, [00000176AF98BA00][00000176B0444740 49] Android, [00000176AF90DC00][00000176B04488C0 49] Android_Low, [00000176AF98A100][00000176B044CA40 49] Android_Mid, [00000176AF90E200][00000176B040CB80 49] Android_High, [00000176AF98B400][00000176B0450CC0 49] Android_Default, [00000176AF90DF00][00000176B0454E00 49] Android_Adreno4xx, [00000176AF988B00][00000176B0458F40 49] Android_Adreno5xx_Low, [00000176AF90EF00][00000176B04610C0 49] Android_Adreno5xx, [00000176AF98BD00][00000176B0465240 49] Android_Adreno6xx, [00000176AF950500][00000176B04693C0 49] Android_Adreno6xx_Vulkan, [00000176AF8ED500][00000176B046D540 49] Android_Mali_T6xx, [00000176AF951100][00000176B04716C0 49] Android_Mali_T7xx, [00000176AF8EF300][00000176B0475840 49] Android_Mali_T8xx, [00000176AF952F00][00000176B04799C0 49] Android_Mali_G71, [00000176AF8EC100][00000176B047DB40 49] Android_Mali_G72, [00000176AF951600][00000176B0480140 49] Android_Mali_G72_Vulkan, [00000176AF8ED300][00000176B04842C0 49] Android_Mali_G76, [00000176AF953A00][00000176B0488440 49] Android_Mali_G76_Vulkan, [00000176AF8EEC00][00000176B048C5C0 49] Android_Mali_G77, [00000176AF951500][00000176B0490740 49] Android_Mali_G77_Vulkan, [00000176AF8ED800][00000176B04948C0 49] Android_Mali_G78, [00000176AF952200][00000176B0498A40 49] Android_Mali_G78_Vulkan, [00000176AF8EFD00][00000176B049CBC0 49] Android_Mali_G710, [00000176AF950300][00000176B04A0D40 49] Android_Mali_G710_Vulkan, [00000176AF8EC200][00000176B045CE80 49] Android_Vulkan_SM5, [00000176AF950800][00000176B04A4FC0 49] Android_PowerVR_G6xxx, [00000176AF8EE500][00000176B04A9100 49] Android_PowerVR_GT7xxx, [00000176AF950E00][00000176B04B1280 49] Android_PowerVR_GE8xxx, [00000176AF8ED400][00000176B04B5400 49] Android_PowerVR_GM9xxx, [00000176AF950D00][00000176B04B9580 49] Android_PowerVR_GM9xxx_Vulkan, [00000176AF8EE600][00000176B04BD700 49] Android_TegraK1, [00000176AF951E00][00000176B04C1880 49] Android_Unknown_Vulkan, [00000176AF8EFC00][00000176B04C5A00 49] Lumin, [00000176AF950A00][00000176B04C9B80 49] Lumin_Desktop, [00000176AF8EFB00][00000176B04CC180 49] HoloLens, 
[2023.09.25-01.39.56:841][  0]LogMeshReduction: Using QuadricMeshReduction for automatic static mesh reduction
[2023.09.25-01.39.56:841][  0]LogMeshReduction: Using SimplygonMeshReduction for automatic skeletal mesh reduction
[2023.09.25-01.39.56:841][  0]LogMeshReduction: Using ProxyLODMeshReduction for automatic mesh merging
[2023.09.25-01.39.56:841][  0]LogMeshReduction: No distributed automatic mesh merging module available
[2023.09.25-01.39.56:841][  0]LogMeshMerging: No distributed automatic mesh merging module available
[2023.09.25-01.39.56:857][  0]LogNetVersion: Homeworke 1.0.0, NetCL: 17155196, EngineNetVer: 17, GameNetVer: 0 (Checksum: 1356885167)
[2023.09.25-01.39.57:255][  0]LogTexture: Default maximum texture size for cubemaps generated from long-lat sources has been changed from 512 to unlimited. In order to preserve old behaiour for '/Engine/MapTemplates/Sky/DaylightAmbientCubemap.DaylightAmbientCubemap', its maximum texture size has been explicitly set to 512.
[2023.09.25-01.39.57:309][  0]LogHMD: PokeAHoleMaterial loaded successfully
[2023.09.25-01.39.57:313][  0]LogUObjectArray: 17178 objects as part of root set at end of initial load.
[2023.09.25-01.39.57:314][  0]LogUObjectAllocator: 4302048 out of 0 bytes used by permanent object pool.
[2023.09.25-01.39.57:314][  0]LogUObjectArray: CloseDisregardForGC: 0/0 objects in disregard for GC pool
[2023.09.25-01.39.58:478][  0]LogNiagaraDebuggerClient: Niagara Debugger Client Initialized | Session: A110667F43AB45CA13B022B7B18951BC | Instance: 3AB917314BEB15A34C2BA4A196748824 (LAPTOP-PKSP89UI-7484).
[2023.09.25-01.39.58:544][  0]LogPython: Using Python 3.7.7
[2023.09.25-01.39.59:853][  0]LogUdpMessaging: Initializing bridge on interface 0.0.0.0:0 to multicast group 230.0.0.1:6666.
[2023.09.25-01.39.59:872][  0]LogTcpMessaging: Initializing TcpMessaging bridge
[2023.09.25-01.40.00:215][  0]SourceControl: Source control is disabled
[2023.09.25-01.40.00:215][  0]SourceControl: Source control is disabled
[2023.09.25-01.40.00:230][  0]SourceControl: Source control is disabled
[2023.09.25-01.40.00:234][  0]SourceControl: Source control is disabled
[2023.09.25-01.40.00:242][  0]SourceControl: Source control is disabled
[2023.09.25-01.40.00:246][  0]LogUProjectInfo: Found projects:
[2023.09.25-01.40.00:253][  0]LogVSAccessor: Display: Unable to create Visual Studio setup instance: 80040154
[2023.09.25-01.40.00:254][  0]LogVSAccessor: Display: Unable to create Visual Studio setup instance: 80040154
[2023.09.25-01.40.00:255][  0]LogVSAccessor: Display: Unable to create Visual Studio setup instance: 80040154
[2023.09.25-01.40.00:560][  0]LogOpenImageDenoise: OIDN starting up
[2023.09.25-01.40.00:627][  0]LogAndroidPermission: UAndroidPermissionCallbackProxy::GetInstance
[2023.09.25-01.40.00:651][  0]LogAudioCaptureCore: Display: No Audio Capture implementations found. Audio input will be silent.
[2023.09.25-01.40.00:651][  0]LogAudioCaptureCore: Display: No Audio Capture implementations found. Audio input will be silent.
[2023.09.25-01.40.00:800][  0]LogCollectionManager: Loaded 0 collections in 0.001345 seconds
[2023.09.25-01.40.00:838][  0]LogFileCache: Scanning file cache for directory 'D:/Repositories/Homeworke/Homeworke/Saved/Collections/' took 0.00s
[2023.09.25-01.40.00:838][  0]LogFileCache: Scanning file cache for directory 'D:/Repositories/Homeworke/Homeworke/Content/Developers/darya/Collections/' took 0.00s
[2023.09.25-01.40.00:838][  0]LogFileCache: Scanning file cache for directory 'D:/Repositories/Homeworke/Homeworke/Content/Collections/' took 0.00s
[2023.09.25-01.40.00:838][  0]LogOcInput: OculusInput pre-init called
[2023.09.25-01.40.01:100][  0]LogEngine: Initializing Engine...
[2023.09.25-01.40.01:877][  0]LogHMD: Failed to enumerate extensions. Please check that you have a valid OpenXR runtime installed.
[2023.09.25-01.40.01:877][  0]LogHMD: Failed to initialize OpenVR with code 110
[2023.09.25-01.40.01:877][  0]LogMagicLeap: Warning: VR disabled because ZI is not enabled.  To enable, in the editor, Edit -> Project Settings -> Plugins -> Magic Leap Plugin -> Enable Zero Iteration
[2023.09.25-01.40.01:879][  0]LogStats: UGameplayTagsManager::InitializeManager -  0.000 s
[2023.09.25-01.40.02:015][  0]LogInit: Initializing FReadOnlyCVARCache
[2023.09.25-01.40.02:026][  0]LogAIModule: Creating AISystem for world Untitled
[2023.09.25-01.40.02:029][  0]LogAudio: Display: Initializing Audio Device Manager...
[2023.09.25-01.40.02:035][  0]LogAudio: Display: Loading Default Audio Settings Objects...
[2023.09.25-01.40.02:035][  0]LogAudio: Display: No default SoundConcurrencyObject specified (or failed to load).
[2023.09.25-01.40.02:036][  0]LogAudio: Display: Audio Device Manager Initialized
[2023.09.25-01.40.02:036][  0]LogAudio: Display: Creating Audio Device:                 Id: 1, Scope: Shared, Realtime: True
[2023.09.25-01.40.02:036][  0]LogAudioMixer: Display: Audio Mixer Platform Settings:
[2023.09.25-01.40.02:036][  0]LogAudioMixer: Display: 	Sample Rate:						  48000
[2023.09.25-01.40.02:036][  0]LogAudioMixer: Display: 	Callback Buffer Frame Size Requested: 1024
[2023.09.25-01.40.02:036][  0]LogAudioMixer: Display: 	Callback Buffer Frame Size To Use:	  1024
[2023.09.25-01.40.02:036][  0]LogAudioMixer: Display: 	Number of buffers to queue:			  2
[2023.09.25-01.40.02:036][  0]LogAudioMixer: Display: 	Max Channels (voices):				  32
[2023.09.25-01.40.02:036][  0]LogAudioMixer: Display: 	Number of Async Source Workers:		  0
[2023.09.25-01.40.02:036][  0]LogAudio: Display: AudioDevice MaxSources: 32
[2023.09.25-01.40.02:037][  0]LogAudio: Display: Audio Spatialization Plugin: None (built-in).
[2023.09.25-01.40.02:037][  0]LogAudio: Display: Audio Reverb Plugin: None (built-in).
[2023.09.25-01.40.02:037][  0]LogAudio: Display: Audio Occlusion Plugin: None (built-in).
[2023.09.25-01.40.02:037][  0]LogAudioMixer: Display: Initializing audio mixer.
[2023.09.25-01.40.02:054][  0]LogAudioMixer: Display: 0: FrontLeft
[2023.09.25-01.40.02:054][  0]LogAudioMixer: Display: 1: FrontRight
[2023.09.25-01.40.02:254][  0]LogAudioMixer: Display: Using Audio Device Headphones (Realtek(R) Audio)
[2023.09.25-01.40.02:256][  0]LogAudioMixer: Display: Initializing Sound Submixes...
[2023.09.25-01.40.02:258][  0]LogAudioMixer: Display: Creating Master Submix 'MasterSubmixDefault'
[2023.09.25-01.40.02:258][  0]LogAudioMixer: Display: Creating Master Submix 'MasterReverbSubmixDefault'
[2023.09.25-01.40.02:260][  0]LogAudioMixer: Display: Creating Master Submix 'MasterEQSubmixDefault'
[2023.09.25-01.40.02:260][  0]LogAudioMixer: FMixerPlatformXAudio2::StartAudioStream() called
[2023.09.25-01.40.02:260][  0]LogAudioMixer: Display: Output buffers initialized: Frames=1024, Channels=2, Samples=2048
[2023.09.25-01.40.02:261][  0]LogAudioMixer: Display: Starting AudioMixerPlatformInterface::RunInternal()
[2023.09.25-01.40.02:261][  0]LogAudioMixer: Display: FMixerPlatformXAudio2::SubmitBuffer() called for the first time
[2023.09.25-01.40.02:261][  0]LogInit: FAudioDevice initialized.
[2023.09.25-01.40.02:261][  0]LogAudio: Display: Audio Device (ID: 1) registered with world 'Untitled'.
[2023.09.25-01.40.02:261][  0]LogNetVersion: Set ProjectVersion to 1.0.0.0. Version Checksum will be recalculated on next use.
[2023.09.25-01.40.02:370][  0]LogDerivedDataCache: Saved boot cache 0.11s 94MB C:/Users/darya/AppData/Local/UnrealEngine/4.27/DerivedDataCache/Boot.ddc.
[2023.09.25-01.40.02:371][  0]LogInit: Texture streaming: Enabled
[2023.09.25-01.40.02:394][  0]LogAnalytics: Display: [UEEditor.Rocket.Release] APIServer = https://datarouter.ol.epicgames.com/. AppVersion = 4.27.2-18319896+++UE4+Release-4.27
[2023.09.25-01.40.02:398][  0]LogEngineSessionManager: EngineSessionManager initialized
[2023.09.25-01.40.02:398][  0]LogEditorSessionSummary: Verbose: Initializing EditorSessionSummaryWriter for editor session tracking
[2023.09.25-01.40.02:399][  0]LogEditorSessionSummary: EditorSessionSummaryWriter initialized
[2023.09.25-01.40.02:414][  0]LogInit: Transaction tracking system initialized
[2023.09.25-01.40.02:442][  0]BlueprintLog: New page: Editor Load
[2023.09.25-01.40.02:645][  0]LocalizationService: Localization service is disabled
[2023.09.25-01.40.02:684][  0]TimingProfiler: Initialize
[2023.09.25-01.40.02:684][  0]TimingProfiler: OnSessionChanged
[2023.09.25-01.40.02:684][  0]LoadingProfiler: Initialize
[2023.09.25-01.40.02:684][  0]LoadingProfiler: OnSessionChanged
[2023.09.25-01.40.02:684][  0]NetworkingProfiler: Initialize
[2023.09.25-01.40.02:684][  0]NetworkingProfiler: OnSessionChanged
[2023.09.25-01.40.02:684][  0]MemoryProfiler: Initialize
[2023.09.25-01.40.02:684][  0]MemoryProfiler: OnSessionChanged
[2023.09.25-01.40.02:766][  0]LogVSAccessor: Display: Unable to create Visual Studio setup instance: 80040154
[2023.09.25-01.40.02:767][  0]LogVSAccessor: Display: Unable to create Visual Studio setup instance: 80040154
[2023.09.25-01.40.02:767][  0]LogVSAccessor: Display: Unable to create Visual Studio setup instance: 80040154
[2023.09.25-01.40.02:859][  0]LogCook: Display: CookSettings for Memory: MemoryMaxUsedVirtual 0MiB, MemoryMaxUsedPhysical 16384MiB, MemoryMinFreeVirtual 0MiB, MemoryMinFreePhysical 1024MiB
[2023.09.25-01.40.02:859][  0]LogCook: Display: Mobile HDR setting 1
[2023.09.25-01.40.03:086][  0]LogFileCache: Scanning file cache for directory 'D:/Repositories/Homeworke/Homeworke/Content/' took 0.00s
[2023.09.25-01.40.03:290][  0]LogInit: Display: Engine is initialized. Leaving FEngineLoop::Init()
[2023.09.25-01.40.03:294][  0]SourceControl: Source control is disabled
[2023.09.25-01.40.03:294][  0]LogUnrealEdMisc: Loading editor; pre map load, took 11.725
[2023.09.25-01.40.03:294][  0]Cmd: MAP LOAD FILE="../../../Engine/Content/Maps/Templates/Template_Default.umap" TEMPLATE=1 SHOWPROGRESS=1 FEATURELEVEL=3
[2023.09.25-01.40.03:295][  0]LightingResults: New page: Lighting Build
[2023.09.25-01.40.03:296][  0]LogWorld: UWorld::CleanupWorld for Untitled, bSessionEnded=true, bCleanupResources=true
[2023.09.25-01.40.03:296][  0]LogSlate: InvalidateAllWidgets triggered.  All widgets were invalidated
[2023.09.25-01.40.03:296][  0]MapCheck: New page: Map Check
[2023.09.25-01.40.03:296][  0]LightingResults: New page: Lighting Build
[2023.09.25-01.40.04:439][  0]LogAudio: Display: Audio Device unregistered from world 'None'.
[2023.09.25-01.40.04:444][  0]LogUObjectHash: Compacting FUObjectHashTables data took   1.65ms
[2023.09.25-01.40.04:511][  0]LogTexture: Display: Building textures: DeprecatedTextureEB9CBE3C423008B5E8E130901E171C89 (BGRA8, 128X128)
[2023.09.25-01.40.04:523][  0]LogAudio: Display: Audio Device (ID: 1) registered with world 'Untitled_1'.
[2023.09.25-01.40.04:524][  0]LogAIModule: Creating AISystem for world Untitled_1
[2023.09.25-01.40.04:529][  0]LogEditorServer: Finished looking for orphan Actors (0.000 secs)
[2023.09.25-01.40.06:191][  0]LogUObjectHash: Compacting FUObjectHashTables data took   1.88ms
[2023.09.25-01.40.06:192][  0]Cmd: MAP CHECKDEP NOCLEARLOG
[2023.09.25-01.40.06:192][  0]MapCheck: Map check complete: 0 Error(s), 0 Warning(s), took 0,177ms to complete.
[2023.09.25-01.40.06:192][  0]LogFileHelpers: Loading map 'Template_Default' took 2.898
[2023.09.25-01.40.06:196][  0]LogUnrealEdMisc: Total Editor Startup Time, took 14.627
[2023.09.25-01.40.07:186][  0]LogSlate: Updating window title bar state: overlay mode, drag disabled, window buttons hidden, title bar hidden
[2023.09.25-01.40.07:195][  0]LogSlate: Updating window title bar state: overlay mode, drag disabled, window buttons hidden, title bar hidden
[2023.09.25-01.40.07:202][  0]LogSlate: Updating window title bar state: overlay mode, drag disabled, window buttons hidden, title bar hidden
[2023.09.25-01.40.07:207][  0]LogSlate: Updating window title bar state: overlay mode, drag disabled, window buttons hidden, title bar hidden
[2023.09.25-01.40.07:362][  0]LogNativeClassHierarchy: Verbose: Native class hierarchy populated in 0.0186 seconds. Added 3822 classes and 928 folders.
[2023.09.25-01.40.07:364][  0]LogNativeClassHierarchy: Verbose: Native class hierarchy updated for 'WidgetCarousel' in 0.0002 seconds. Added 0 classes and 0 folders.
[2023.09.25-01.40.07:366][  0]LogPakFile: PakFile PrimaryIndexSize=187
[2023.09.25-01.40.07:366][  0]LogPakFile: PakFile PathHashIndexSize=101
[2023.09.25-01.40.07:366][  0]LogPakFile: PakFile FullDirectoryIndexSize=148
[2023.09.25-01.40.07:366][  0]LogShaderLibrary: Display: ShaderCodeLibraryPakFileMountedCallback: PakFile 'D:/UE/UE/UE_4.27/FeaturePacks/FP_FirstPerson.upack' (chunk index -1, root 'root:/') mounted
[2023.09.25-01.40.07:366][  0]LogShaderLibrary: Display: ShaderCodeLibraryPakFileMountedCallback: pending pak file info (ChunkID:-1 Root:root:/ File:D:/UE/UE/UE_4.27/FeaturePacks/FP_FirstPerson.upack)
[2023.09.25-01.40.07:366][  0]LogPakFile: OnPakFileMounted2Time == 0.000050
[2023.09.25-01.40.07:366][  0]LogPakFile: PakFile PrimaryIndexSize=189
[2023.09.25-01.40.07:366][  0]LogPakFile: PakFile PathHashIndexSize=101
[2023.09.25-01.40.07:366][  0]LogPakFile: PakFile FullDirectoryIndexSize=152
[2023.09.25-01.40.07:366][  0]LogShaderLibrary: Display: ShaderCodeLibraryPakFileMountedCallback: PakFile 'D:/UE/UE/UE_4.27/FeaturePacks/FP_FirstPersonBP.upack' (chunk index -1, root 'root:/') mounted
[2023.09.25-01.40.07:366][  0]LogShaderLibrary: Display: ShaderCodeLibraryPakFileMountedCallback: pending pak file info (ChunkID:-1 Root:root:/ File:D:/UE/UE/UE_4.27/FeaturePacks/FP_FirstPersonBP.upack)
[2023.09.25-01.40.07:366][  0]LogPakFile: OnPakFileMounted2Time == 0.000029
[2023.09.25-01.40.07:367][  0]LogPakFile: PakFile PrimaryIndexSize=191
[2023.09.25-01.40.07:367][  0]LogPakFile: PakFile PathHashIndexSize=101
[2023.09.25-01.40.07:367][  0]LogPakFile: PakFile FullDirectoryIndexSize=160
[2023.09.25-01.40.07:367][  0]LogShaderLibrary: Display: ShaderCodeLibraryPakFileMountedCallback: PakFile 'D:/UE/UE/UE_4.27/FeaturePacks/MobileStarterContent.upack' (chunk index -1, root 'root:/') mounted
[2023.09.25-01.40.07:367][  0]LogShaderLibrary: Display: ShaderCodeLibraryPakFileMountedCallback: pending pak file info (ChunkID:-1 Root:root:/ File:D:/UE/UE/UE_4.27/FeaturePacks/MobileStarterContent.upack)
[2023.09.25-01.40.07:367][  0]LogPakFile: OnPakFileMounted2Time == 0.000027
[2023.09.25-01.40.07:367][  0]LogPakFile: PakFile PrimaryIndexSize=185
[2023.09.25-01.40.07:367][  0]LogPakFile: PakFile PathHashIndexSize=101
[2023.09.25-01.40.07:367][  0]LogPakFile: PakFile FullDirectoryIndexSize=148
[2023.09.25-01.40.07:367][  0]LogShaderLibrary: Display: ShaderCodeLibraryPakFileMountedCallback: PakFile 'D:/UE/UE/UE_4.27/FeaturePacks/StarterContent.upack' (chunk index -1, root 'root:/') mounted
[2023.09.25-01.40.07:367][  0]LogShaderLibrary: Display: ShaderCodeLibraryPakFileMountedCallback: pending pak file info (ChunkID:-1 Root:root:/ File:D:/UE/UE/UE_4.27/FeaturePacks/StarterContent.upack)
[2023.09.25-01.40.07:367][  0]LogPakFile: OnPakFileMounted2Time == 0.000028
[2023.09.25-01.40.07:369][  0]LogPakFile: PakFile PrimaryIndexSize=190
[2023.09.25-01.40.07:369][  0]LogPakFile: PakFile PathHashIndexSize=101
[2023.09.25-01.40.07:369][  0]LogPakFile: PakFile FullDirectoryIndexSize=154
[2023.09.25-01.40.07:369][  0]LogShaderLibrary: Display: ShaderCodeLibraryPakFileMountedCallback: PakFile 'D:/UE/UE/UE_4.27/FeaturePacks/TP_2DSideScroller.upack' (chunk index -1, root 'root:/') mounted
[2023.09.25-01.40.07:369][  0]LogShaderLibrary: Display: ShaderCodeLibraryPakFileMountedCallback: pending pak file info (ChunkID:-1 Root:root:/ File:D:/UE/UE/UE_4.27/FeaturePacks/TP_2DSideScroller.upack)
[2023.09.25-01.40.07:369][  0]LogPakFile: OnPakFileMounted2Time == 0.000037
[2023.09.25-01.40.07:369][  0]LogPakFile: PakFile PrimaryIndexSize=192
[2023.09.25-01.40.07:369][  0]LogPakFile: PakFile PathHashIndexSize=101
[2023.09.25-01.40.07:369][  0]LogPakFile: PakFile FullDirectoryIndexSize=158
[2023.09.25-01.40.07:369][  0]LogShaderLibrary: Display: ShaderCodeLibraryPakFileMountedCallback: PakFile 'D:/UE/UE/UE_4.27/FeaturePacks/TP_2DSideScrollerBP.upack' (chunk index -1, root 'root:/') mounted
[2023.09.25-01.40.07:369][  0]LogShaderLibrary: Display: ShaderCodeLibraryPakFileMountedCallback: pending pak file info (ChunkID:-1 Root:root:/ File:D:/UE/UE/UE_4.27/FeaturePacks/TP_2DSideScrollerBP.upack)
[2023.09.25-01.40.07:369][  0]LogPakFile: OnPakFileMounted2Time == 0.000028
[2023.09.25-01.40.07:370][  0]LogPakFile: PakFile PrimaryIndexSize=182
[2023.09.25-01.40.07:370][  0]LogPakFile: PakFile PathHashIndexSize=101
[2023.09.25-01.40.07:370][  0]LogPakFile: PakFile FullDirectoryIndexSize=138
[2023.09.25-01.40.07:370][  0]LogShaderLibrary: Display: ShaderCodeLibraryPakFileMountedCallback: PakFile 'D:/UE/UE/UE_4.27/FeaturePacks/TP_Flying.upack' (chunk index -1, root 'root:/') mounted
[2023.09.25-01.40.07:370][  0]LogShaderLibrary: Display: ShaderCodeLibraryPakFileMountedCallback: pending pak file info (ChunkID:-1 Root:root:/ File:D:/UE/UE/UE_4.27/FeaturePacks/TP_Flying.upack)
[2023.09.25-01.40.07:370][  0]LogPakFile: OnPakFileMounted2Time == 0.000027
[2023.09.25-01.40.07:371][  0]LogPakFile: PakFile PrimaryIndexSize=184
[2023.09.25-01.40.07:371][  0]LogPakFile: PakFile PathHashIndexSize=101
[2023.09.25-01.40.07:371][  0]LogPakFile: PakFile FullDirectoryIndexSize=142
[2023.09.25-01.40.07:371][  0]LogShaderLibrary: Display: ShaderCodeLibraryPakFileMountedCallback: PakFile 'D:/UE/UE/UE_4.27/FeaturePacks/TP_FlyingBP.upack' (chunk index -1, root 'root:/') mounted
[2023.09.25-01.40.07:371][  0]LogShaderLibrary: Display: ShaderCodeLibraryPakFileMountedCallback: pending pak file info (ChunkID:-1 Root:root:/ File:D:/UE/UE/UE_4.27/FeaturePacks/TP_FlyingBP.upack)
[2023.09.25-01.40.07:371][  0]LogPakFile: OnPakFileMounted2Time == 0.000026
[2023.09.25-01.40.07:371][  0]LogPakFile: PakFile PrimaryIndexSize=188
[2023.09.25-01.40.07:371][  0]LogPakFile: PakFile PathHashIndexSize=101
[2023.09.25-01.40.07:371][  0]LogPakFile: PakFile FullDirectoryIndexSize=150
[2023.09.25-01.40.07:371][  0]LogShaderLibrary: Display: ShaderCodeLibraryPakFileMountedCallback: PakFile 'D:/UE/UE/UE_4.27/FeaturePacks/TP_HandheldARBP.upack' (chunk index -1, root 'root:/') mounted
[2023.09.25-01.40.07:371][  0]LogShaderLibrary: Display: ShaderCodeLibraryPakFileMountedCallback: pending pak file info (ChunkID:-1 Root:root:/ File:D:/UE/UE/UE_4.27/FeaturePacks/TP_HandheldARBP.upack)
[2023.09.25-01.40.07:371][  0]LogPakFile: OnPakFileMounted2Time == 0.000029
[2023.09.25-01.40.07:372][  0]LogPakFile: PakFile PrimaryIndexSize=182
[2023.09.25-01.40.07:372][  0]LogPakFile: PakFile PathHashIndexSize=101
[2023.09.25-01.40.07:372][  0]LogPakFile: PakFile FullDirectoryIndexSize=138
[2023.09.25-01.40.07:372][  0]LogShaderLibrary: Display: ShaderCodeLibraryPakFileMountedCallback: PakFile 'D:/UE/UE/UE_4.27/FeaturePacks/TP_Puzzle.upack' (chunk index -1, root 'root:/') mounted
[2023.09.25-01.40.07:372][  0]LogShaderLibrary: Display: ShaderCodeLibraryPakFileMountedCallback: pending pak file info (ChunkID:-1 Root:root:/ File:D:/UE/UE/UE_4.27/FeaturePacks/TP_Puzzle.upack)
[2023.09.25-01.40.07:372][  0]LogPakFile: OnPakFileMounted2Time == 0.000026
[2023.09.25-01.40.07:372][  0]LogPakFile: PakFile PrimaryIndexSize=184
[2023.09.25-01.40.07:372][  0]LogPakFile: PakFile PathHashIndexSize=101
[2023.09.25-01.40.07:372][  0]LogPakFile: PakFile FullDirectoryIndexSize=142
[2023.09.25-01.40.07:372][  0]LogShaderLibrary: Display: ShaderCodeLibraryPakFileMountedCallback: PakFile 'D:/UE/UE/UE_4.27/FeaturePacks/TP_PuzzleBP.upack' (chunk index -1, root 'root:/') mounted
[2023.09.25-01.40.07:373][  0]LogShaderLibrary: Display: ShaderCodeLibraryPakFileMountedCallback: pending pak file info (ChunkID:-1 Root:root:/ File:D:/UE/UE/UE_4.27/FeaturePacks/TP_PuzzleBP.upack)
[2023.09.25-01.40.07:373][  0]LogPakFile: OnPakFileMounted2Time == 0.000033
[2023.09.25-01.40.07:373][  0]LogPakFile: PakFile PrimaryIndexSize=183
[2023.09.25-01.40.07:373][  0]LogPakFile: PakFile PathHashIndexSize=101
[2023.09.25-01.40.07:373][  0]LogPakFile: PakFile FullDirectoryIndexSize=140
[2023.09.25-01.40.07:373][  0]LogShaderLibrary: Display: ShaderCodeLibraryPakFileMountedCallback: PakFile 'D:/UE/UE/UE_4.27/FeaturePacks/TP_Rolling.upack' (chunk index -1, root 'root:/') mounted
[2023.09.25-01.40.07:373][  0]LogShaderLibrary: Display: ShaderCodeLibraryPakFileMountedCallback: pending pak file info (ChunkID:-1 Root:root:/ File:D:/UE/UE/UE_4.27/FeaturePacks/TP_Rolling.upack)
[2023.09.25-01.40.07:373][  0]LogPakFile: OnPakFileMounted2Time == 0.000026
[2023.09.25-01.40.07:374][  0]LogPakFile: PakFile PrimaryIndexSize=185
[2023.09.25-01.40.07:374][  0]LogPakFile: PakFile PathHashIndexSize=101
[2023.09.25-01.40.07:374][  0]LogPakFile: PakFile FullDirectoryIndexSize=144
[2023.09.25-01.40.07:374][  0]LogShaderLibrary: Display: ShaderCodeLibraryPakFileMountedCallback: PakFile 'D:/UE/UE/UE_4.27/FeaturePacks/TP_RollingBP.upack' (chunk index -1, root 'root:/') mounted
[2023.09.25-01.40.07:374][  0]LogShaderLibrary: Display: ShaderCodeLibraryPakFileMountedCallback: pending pak file info (ChunkID:-1 Root:root:/ File:D:/UE/UE/UE_4.27/FeaturePacks/TP_RollingBP.upack)
[2023.09.25-01.40.07:374][  0]LogPakFile: OnPakFileMounted2Time == 0.000058
[2023.09.25-01.40.07:374][  0]LogPakFile: PakFile PrimaryIndexSize=188
[2023.09.25-01.40.07:374][  0]LogPakFile: PakFile PathHashIndexSize=101
[2023.09.25-01.40.07:374][  0]LogPakFile: PakFile FullDirectoryIndexSize=150
[2023.09.25-01.40.07:374][  0]LogShaderLibrary: Display: ShaderCodeLibraryPakFileMountedCallback: PakFile 'D:/UE/UE/UE_4.27/FeaturePacks/TP_SideScroller.upack' (chunk index -1, root 'root:/') mounted
[2023.09.25-01.40.07:374][  0]LogShaderLibrary: Display: ShaderCodeLibraryPakFileMountedCallback: pending pak file info (ChunkID:-1 Root:root:/ File:D:/UE/UE/UE_4.27/FeaturePacks/TP_SideScroller.upack)
[2023.09.25-01.40.07:374][  0]LogPakFile: OnPakFileMounted2Time == 0.000026
[2023.09.25-01.40.07:375][  0]LogPakFile: PakFile PrimaryIndexSize=190
[2023.09.25-01.40.07:375][  0]LogPakFile: PakFile PathHashIndexSize=101
[2023.09.25-01.40.07:375][  0]LogPakFile: PakFile FullDirectoryIndexSize=154
[2023.09.25-01.40.07:375][  0]LogShaderLibrary: Display: ShaderCodeLibraryPakFileMountedCallback: PakFile 'D:/UE/UE/UE_4.27/FeaturePacks/TP_SideScrollerBP.upack' (chunk index -1, root 'root:/') mounted
[2023.09.25-01.40.07:375][  0]LogShaderLibrary: Display: ShaderCodeLibraryPakFileMountedCallback: pending pak file info (ChunkID:-1 Root:root:/ File:D:/UE/UE/UE_4.27/FeaturePacks/TP_SideScrollerBP.upack)
[2023.09.25-01.40.07:375][  0]LogPakFile: OnPakFileMounted2Time == 0.000026
[2023.09.25-01.40.07:375][  0]LogPakFile: PakFile PrimaryIndexSize=187
[2023.09.25-01.40.07:375][  0]LogPakFile: PakFile PathHashIndexSize=101
[2023.09.25-01.40.07:375][  0]LogPakFile: PakFile FullDirectoryIndexSize=148
[2023.09.25-01.40.07:375][  0]LogShaderLibrary: Display: ShaderCodeLibraryPakFileMountedCallback: PakFile 'D:/UE/UE/UE_4.27/FeaturePacks/TP_ThirdPerson.upack' (chunk index -1, root 'root:/') mounted
[2023.09.25-01.40.07:376][  0]LogShaderLibrary: Display: ShaderCodeLibraryPakFileMountedCallback: pending pak file info (ChunkID:-1 Root:root:/ File:D:/UE/UE/UE_4.27/FeaturePacks/TP_ThirdPerson.upack)
[2023.09.25-01.40.07:376][  0]LogPakFile: OnPakFileMounted2Time == 0.000027
[2023.09.25-01.40.07:376][  0]LogPakFile: PakFile PrimaryIndexSize=189
[2023.09.25-01.40.07:376][  0]LogPakFile: PakFile PathHashIndexSize=101
[2023.09.25-01.40.07:376][  0]LogPakFile: PakFile FullDirectoryIndexSize=152
[2023.09.25-01.40.07:376][  0]LogShaderLibrary: Display: ShaderCodeLibraryPakFileMountedCallback: PakFile 'D:/UE/UE/UE_4.27/FeaturePacks/TP_ThirdPersonBP.upack' (chunk index -1, root 'root:/') mounted
[2023.09.25-01.40.07:376][  0]LogShaderLibrary: Display: ShaderCodeLibraryPakFileMountedCallback: pending pak file info (ChunkID:-1 Root:root:/ File:D:/UE/UE/UE_4.27/FeaturePacks/TP_ThirdPersonBP.upack)
[2023.09.25-01.40.07:376][  0]LogPakFile: OnPakFileMounted2Time == 0.000026
[2023.09.25-01.40.07:377][  0]LogPakFile: PakFile PrimaryIndexSize=183
[2023.09.25-01.40.07:377][  0]LogPakFile: PakFile PathHashIndexSize=101
[2023.09.25-01.40.07:377][  0]LogPakFile: PakFile FullDirectoryIndexSize=140
[2023.09.25-01.40.07:377][  0]LogShaderLibrary: Display: ShaderCodeLibraryPakFileMountedCallback: PakFile 'D:/UE/UE/UE_4.27/FeaturePacks/TP_TopDown.upack' (chunk index -1, root 'root:/') mounted
[2023.09.25-01.40.07:377][  0]LogShaderLibrary: Display: ShaderCodeLibraryPakFileMountedCallback: pending pak file info (ChunkID:-1 Root:root:/ File:D:/UE/UE/UE_4.27/FeaturePacks/TP_TopDown.upack)
[2023.09.25-01.40.07:377][  0]LogPakFile: OnPakFileMounted2Time == 0.000033
[2023.09.25-01.40.07:379][  0]LogPakFile: PakFile PrimaryIndexSize=185
[2023.09.25-01.40.07:379][  0]LogPakFile: PakFile PathHashIndexSize=101
[2023.09.25-01.40.07:379][  0]LogPakFile: PakFile FullDirectoryIndexSize=144
[2023.09.25-01.40.07:379][  0]LogShaderLibrary: Display: ShaderCodeLibraryPakFileMountedCallback: PakFile 'D:/UE/UE/UE_4.27/FeaturePacks/TP_TopDownBP.upack' (chunk index -1, root 'root:/') mounted
[2023.09.25-01.40.07:379][  0]LogShaderLibrary: Display: ShaderCodeLibraryPakFileMountedCallback: pending pak file info (ChunkID:-1 Root:root:/ File:D:/UE/UE/UE_4.27/FeaturePacks/TP_TopDownBP.upack)
[2023.09.25-01.40.07:379][  0]LogPakFile: OnPakFileMounted2Time == 0.000026
[2023.09.25-01.40.07:379][  0]LogPakFile: PakFile PrimaryIndexSize=185
[2023.09.25-01.40.07:379][  0]LogPakFile: PakFile PathHashIndexSize=101
[2023.09.25-01.40.07:379][  0]LogPakFile: PakFile FullDirectoryIndexSize=144
[2023.09.25-01.40.07:379][  0]LogShaderLibrary: Display: ShaderCodeLibraryPakFileMountedCallback: PakFile 'D:/UE/UE/UE_4.27/FeaturePacks/TP_TwinStick.upack' (chunk index -1, root 'root:/') mounted
[2023.09.25-01.40.07:379][  0]LogShaderLibrary: Display: ShaderCodeLibraryPakFileMountedCallback: pending pak file info (ChunkID:-1 Root:root:/ File:D:/UE/UE/UE_4.27/FeaturePacks/TP_TwinStick.upack)
[2023.09.25-01.40.07:379][  0]LogPakFile: OnPakFileMounted2Time == 0.000026
[2023.09.25-01.40.07:380][  0]LogPakFile: PakFile PrimaryIndexSize=187
[2023.09.25-01.40.07:380][  0]LogPakFile: PakFile PathHashIndexSize=101
[2023.09.25-01.40.07:380][  0]LogPakFile: PakFile FullDirectoryIndexSize=148
[2023.09.25-01.40.07:380][  0]LogShaderLibrary: Display: ShaderCodeLibraryPakFileMountedCallback: PakFile 'D:/UE/UE/UE_4.27/FeaturePacks/TP_TwinStickBP.upack' (chunk index -1, root 'root:/') mounted
[2023.09.25-01.40.07:380][  0]LogShaderLibrary: Display: ShaderCodeLibraryPakFileMountedCallback: pending pak file info (ChunkID:-1 Root:root:/ File:D:/UE/UE/UE_4.27/FeaturePacks/TP_TwinStickBP.upack)
[2023.09.25-01.40.07:380][  0]LogPakFile: OnPakFileMounted2Time == 0.000026
[2023.09.25-01.40.07:380][  0]LogPakFile: PakFile PrimaryIndexSize=183
[2023.09.25-01.40.07:380][  0]LogPakFile: PakFile PathHashIndexSize=101
[2023.09.25-01.40.07:380][  0]LogPakFile: PakFile FullDirectoryIndexSize=140
[2023.09.25-01.40.07:380][  0]LogShaderLibrary: Display: ShaderCodeLibraryPakFileMountedCallback: PakFile 'D:/UE/UE/UE_4.27/FeaturePacks/TP_Vehicle.upack' (chunk index -1, root 'root:/') mounted
[2023.09.25-01.40.07:380][  0]LogShaderLibrary: Display: ShaderCodeLibraryPakFileMountedCallback: pending pak file info (ChunkID:-1 Root:root:/ File:D:/UE/UE/UE_4.27/FeaturePacks/TP_Vehicle.upack)
[2023.09.25-01.40.07:380][  0]LogPakFile: OnPakFileMounted2Time == 0.000026
[2023.09.25-01.40.07:381][  0]LogPakFile: PakFile PrimaryIndexSize=186
[2023.09.25-01.40.07:381][  0]LogPakFile: PakFile PathHashIndexSize=101
[2023.09.25-01.40.07:381][  0]LogPakFile: PakFile FullDirectoryIndexSize=146
[2023.09.25-01.40.07:381][  0]LogShaderLibrary: Display: ShaderCodeLibraryPakFileMountedCallback: PakFile 'D:/UE/UE/UE_4.27/FeaturePacks/TP_VehicleAdv.upack' (chunk index -1, root 'root:/') mounted
[2023.09.25-01.40.07:381][  0]LogShaderLibrary: Display: ShaderCodeLibraryPakFileMountedCallback: pending pak file info (ChunkID:-1 Root:root:/ File:D:/UE/UE/UE_4.27/FeaturePacks/TP_VehicleAdv.upack)
[2023.09.25-01.40.07:381][  0]LogPakFile: OnPakFileMounted2Time == 0.000028
[2023.09.25-01.40.07:382][  0]LogPakFile: PakFile PrimaryIndexSize=188
[2023.09.25-01.40.07:382][  0]LogPakFile: PakFile PathHashIndexSize=101
[2023.09.25-01.40.07:382][  0]LogPakFile: PakFile FullDirectoryIndexSize=150
[2023.09.25-01.40.07:382][  0]LogShaderLibrary: Display: ShaderCodeLibraryPakFileMountedCallback: PakFile 'D:/UE/UE/UE_4.27/FeaturePacks/TP_VehicleAdvBP.upack' (chunk index -1, root 'root:/') mounted
[2023.09.25-01.40.07:382][  0]LogShaderLibrary: Display: ShaderCodeLibraryPakFileMountedCallback: pending pak file info (ChunkID:-1 Root:root:/ File:D:/UE/UE/UE_4.27/FeaturePacks/TP_VehicleAdvBP.upack)
[2023.09.25-01.40.07:382][  0]LogPakFile: OnPakFileMounted2Time == 0.000028
[2023.09.25-01.40.07:382][  0]LogPakFile: PakFile PrimaryIndexSize=185
[2023.09.25-01.40.07:382][  0]LogPakFile: PakFile PathHashIndexSize=101
[2023.09.25-01.40.07:382][  0]LogPakFile: PakFile FullDirectoryIndexSize=144
[2023.09.25-01.40.07:382][  0]LogShaderLibrary: Display: ShaderCodeLibraryPakFileMountedCallback: PakFile 'D:/UE/UE/UE_4.27/FeaturePacks/TP_VehicleBP.upack' (chunk index -1, root 'root:/') mounted
[2023.09.25-01.40.07:382][  0]LogShaderLibrary: Display: ShaderCodeLibraryPakFileMountedCallback: pending pak file info (ChunkID:-1 Root:root:/ File:D:/UE/UE/UE_4.27/FeaturePacks/TP_VehicleBP.upack)
[2023.09.25-01.40.07:382][  0]LogPakFile: OnPakFileMounted2Time == 0.000027
[2023.09.25-01.40.07:383][  0]LogPakFile: PakFile PrimaryIndexSize=192
[2023.09.25-01.40.07:383][  0]LogPakFile: PakFile PathHashIndexSize=101
[2023.09.25-01.40.07:383][  0]LogPakFile: PakFile FullDirectoryIndexSize=158
[2023.09.25-01.40.07:383][  0]LogShaderLibrary: Display: ShaderCodeLibraryPakFileMountedCallback: PakFile 'D:/UE/UE/UE_4.27/FeaturePacks/TP_VirtualRealityBP.upack' (chunk index -1, root 'root:/') mounted
[2023.09.25-01.40.07:383][  0]LogShaderLibrary: Display: ShaderCodeLibraryPakFileMountedCallback: pending pak file info (ChunkID:-1 Root:root:/ File:D:/UE/UE/UE_4.27/FeaturePacks/TP_VirtualRealityBP.upack)
[2023.09.25-01.40.07:383][  0]LogPakFile: OnPakFileMounted2Time == 0.000026
[2023.09.25-01.40.07:440][  0]LogNativeClassHierarchy: Verbose: Native class hierarchy updated for 'AddContentDialog' in 0.0003 seconds. Added 0 classes and 0 folders.
[2023.09.25-01.40.07:442][  0]LogNativeClassHierarchy: Verbose: Native class hierarchy updated for 'SceneOutliner' in 0.0003 seconds. Added 2 classes and 0 folders.
[2023.09.25-01.40.07:471][  0]LogSlate: Took 0.000334 seconds to synchronously load lazily loaded font '../../../Engine/Content/Slate/Fonts/Roboto-Regular.ttf' (155K)
[2023.09.25-01.40.07:703][  0]LogSlate: Took 0.230627 seconds to synchronously load lazily loaded font '../../../Engine/Content/Editor/Slate/Fonts/FontAwesome.ttf' (139K)
[2023.09.25-01.40.07:705][  0]LogSlate: Took 0.000418 seconds to synchronously load lazily loaded font '../../../Engine/Content/Slate/Fonts/Roboto-Bold.ttf' (160K)
[2023.09.25-01.40.07:796][  0]LogRenderer: Reallocating scene render targets to support 992x464 Format 10 NumSamples 1 (Frame:1).
[2023.09.25-01.40.07:930][  0]LogNativeClassHierarchy: Verbose: Native class hierarchy updated for 'HierarchicalLODOutliner' in 0.0005 seconds. Added 0 classes and 0 folders.
[2023.09.25-01.40.07:930][  0]LogLoad: (Engine Initialization) Total time: 16.36 seconds
[2023.09.25-01.40.07:930][  0]LogLoad: (Engine Initialization) Total Blueprint compile time: 0.00 seconds
[2023.09.25-01.40.08:196][  0]LogContentStreaming: Texture pool size now 1000 MB
[2023.09.25-01.40.13:814][286]LogAssetRegistry: Asset discovery search completed in 17.5210 seconds
[2023.09.25-01.40.13:829][286]LogCollectionManager: Fixed up redirectors for 0 collections in 0.000006 seconds (updated 0 objects)
[2023.09.25-01.40.33:931][ 47]LogSourceControl: Error: P4ERROR: Invalid connection to server.
[2023.09.25-01.40.33:931][ 47]LogSourceControl: Error: Connect to server failed; check $P4PORT.
TCP connect to perforce:1666 failed.
???? ???? ??????????. 

[2023.09.25-01.40.43:413][530]LogSourceControl: Error: P4ERROR: Invalid connection to server.
[2023.09.25-01.40.43:413][530]LogSourceControl: Error: Connect to server failed; check $P4PORT.
TCP connect to perforce:1666 failed.
???? ???? ??????????. 

[2023.09.25-01.40.43:414][530]SourceControl: Error: Failed to connect to source control. Check your settings and connection then try again.
[2023.09.25-01.40.45:956][637]LogSlate: Took 0.031870 seconds to synchronously load lazily loaded font '../../../Engine/Content/Slate/Fonts/DroidSansMono.ttf' (77K)
[2023.09.25-01.40.51:863][903]LogSlate: Window 'Message Log' being destroyed
[2023.09.25-01.40.51:869][903]LogSlate: Window 'Message Log' being destroyed
[2023.09.25-01.45.13:507][327]SourceControl: Source control is disabled
[2023.09.25-01.45.13:507][327]LogSlate: Window 'Source Control Login' being destroyed
[2023.09.25-01.45.28:785][  3]LogSourceControl: Error: P4ERROR: Invalid connection to server.
[2023.09.25-01.45.28:785][  3]LogSourceControl: Error: Connect to server failed; check $P4PORT.
TCP connect to perforce:1666 failed.
???? ???? ??????????. 

[2023.09.25-01.45.30:381][ 86]LogSourceControl: Error: P4ERROR: Invalid connection to server.
[2023.09.25-01.45.30:381][ 86]LogSourceControl: Error: Connect to server failed; check $P4PORT.
TCP connect to perforce:1666 failed.
???? ???? ??????????. 

[2023.09.25-01.45.30:395][ 86]SourceControl: Error: Failed to connect to source control. Check your settings and connection then try again.
[2023.09.25-01.45.37:092][379]LogSlate: Window 'Message Log' being destroyed
[2023.09.25-01.45.37:105][379]LogSlate: Window 'Message Log' being destroyed
[2023.09.25-01.45.52:350][973]LogSlate: Only BGRA pngs, bmps or icos are supported in by External Image Picker
[2023.09.25-01.46.12:963][852]LogSlate: Window 'Project Settings' being destroyed
[2023.09.25-01.46.12:968][852]LogSlate: Window 'Project Settings' being destroyed
[2023.09.25-01.47.05:496][376]LogSlate: Window 'Editor Preferences' being destroyed
[2023.09.25-01.47.05:500][376]LogSlate: Window 'Editor Preferences' being destroyed
[2023.09.25-01.47.12:382][699]LogSourceControl: Error: P4ERROR: Invalid connection to server.
[2023.09.25-01.47.12:382][699]LogSourceControl: Error: Connect to server failed; check $P4PORT.
TCP connect to perforce:1666 failed.
???? ???? ??????????. 

