Log file open, 09/25/23 12:16:29
LogWindows: Failed to load 'aqProf.dll' (GetLastError=126)
LogWindows: File 'aqProf.dll' does not exist
LogWindows: Failed to load 'VtuneApi.dll' (GetLastError=126)
LogWindows: File 'VtuneApi.dll' does not exist
LogWindows: Failed to load 'VtuneApi32e.dll' (GetLastError=126)
LogWindows: File 'VtuneApi32e.dll' does not exist
LogConsoleResponse: Display: Failed to find resolution value strings in scalability ini. Falling back to default.
LogConsoleResponse: Display: Failed to find resolution value strings in scalability ini. Falling back to default.
LogInit: Display: Running engine for game: Homeworke
LogPlatformFile: Not using cached read wrapper
LogTaskGraph: Started task graph with 5 named threads and 23 total threads with 3 sets of task threads.
LogStats: Stats thread started at 11.723870
LogICUInternationalization: ICU TimeZone Detection - Raw Offset: +10:00, Platform Override: ''
LogInit: Display: Loading text-based GConfig....
LogPluginManager: Mounting plugin MeshPainting
LogPluginManager: Mounting plugin XGEController
LogPluginManager: Mounting plugin Paper2D
LogPluginManager: Mounting plugin AISupport
LogPluginManager: Mounting plugin LiveLink
LogPluginManager: Mounting plugin EnvironmentQueryEditor
LogPluginManager: Mounting plugin LightPropagationVolume
LogPluginManager: Mounting plugin CameraShakePreviewer
LogPluginManager: Mounting plugin GameplayCameras
LogPluginManager: Mounting plugin OodleData
LogPluginManager: Mounting plugin OodleNetwork
LogPluginManager: Mounting plugin AnimationSharing
LogPluginManager: Mounting plugin DatasmithContent
LogPluginManager: Mounting plugin VariantManagerContent
LogPluginManager: Mounting plugin CLionSourceCodeAccess
LogPluginManager: Mounting plugin CodeLiteSourceCodeAccess
LogPluginManager: Mounting plugin GitSourceControl
LogPluginManager: Mounting plugin KDevelopSourceCodeAccess
LogPluginManager: Mounting plugin NullSourceCodeAccess
LogPluginManager: Mounting plugin PixWinPlugin
LogPluginManager: Mounting plugin PluginUtils
LogPluginManager: Mounting plugin PerforceSourceControl
LogPluginManager: Mounting plugin PlasticSourceControl
LogPluginManager: Mounting plugin PropertyAccessNode
LogPluginManager: Mounting plugin RiderSourceCodeAccess
LogPluginManager: Mounting plugin AssetManagerEditor
LogPluginManager: Mounting plugin SubversionSourceControl
LogPluginManager: Mounting plugin TextureFormatOodle
LogPluginManager: Mounting plugin UObjectPlugin
LogPluginManager: Mounting plugin VisualStudioCodeSourceCodeAccess
LogPluginManager: Mounting plugin VisualStudioSourceCodeAccess
LogPluginManager: Mounting plugin XCodeSourceCodeAccess
LogPluginManager: Mounting plugin CurveEditorTools
LogPluginManager: Mounting plugin CryptoKeys
LogPluginManager: Mounting plugin DataValidation
LogPluginManager: Mounting plugin FacialAnimation
LogPluginManager: Mounting plugin GameplayTagsEditor
LogPluginManager: Mounting plugin GeometryMode
LogPluginManager: Mounting plugin MaterialAnalyzer
LogPluginManager: Mounting plugin MacGraphicsSwitching
LogPluginManager: Mounting plugin PluginBrowser
LogPluginManager: Mounting plugin MobileLauncherProfileWizard
LogPluginManager: Mounting plugin SpeedTreeImporter
LogPluginManager: Mounting plugin AlembicImporter
LogPluginManager: Mounting plugin BackChannel
LogPluginManager: Mounting plugin AutomationUtils
LogPluginManager: Mounting plugin ChaosClothEditor
LogPluginManager: Mounting plugin ChaosCloth
LogPluginManager: Mounting plugin ChaosNiagara
LogPluginManager: Mounting plugin ChaosSolverPlugin
LogPluginManager: Mounting plugin ChaosEditor
LogPluginManager: Mounting plugin CharacterAI
LogPluginManager: Mounting plugin GeometryCache
LogPluginManager: Mounting plugin GeometryProcessing
LogPluginManager: Mounting plugin GeometryCollectionPlugin
LogPluginManager: Mounting plugin MotoSynth
LogPluginManager: Mounting plugin OpenImageDenoise
LogPluginManager: Mounting plugin PlanarCut
LogPluginManager: Mounting plugin PlatformCrypto
LogPluginManager: Mounting plugin ProxyLODPlugin
LogPluginManager: Mounting plugin PythonScriptPlugin
LogPluginManager: Mounting plugin SkeletalReduction
LogPluginManager: Mounting plugin Niagara
LogPluginManager: Mounting plugin AndroidMedia
LogPluginManager: Mounting plugin AvfMedia
LogPluginManager: Mounting plugin MediaCompositing
LogPluginManager: Mounting plugin ImgMedia
LogPluginManager: Mounting plugin LuminPlatformFeatures
LogPluginManager: Mounting plugin MagicLeap
LogPluginManager: Mounting plugin MagicLeapLightEstimation
LogPluginManager: Mounting plugin MagicLeapMedia
LogPluginManager: Mounting plugin MagicLeapPassableWorld
LogPluginManager: Mounting plugin MLSDK
LogPluginManager: Mounting plugin MediaPlayerEditor
LogPluginManager: Mounting plugin WebMMedia
LogPluginManager: Mounting plugin WmfMedia
LogPluginManager: Mounting plugin ActorSequence
LogPluginManager: Mounting plugin TcpMessaging
LogPluginManager: Mounting plugin UdpMessaging
LogPluginManager: Mounting plugin MatineeToLevelSequence
LogPluginManager: Mounting plugin LevelSequenceEditor
LogPluginManager: Mounting plugin TemplateSequence
LogPluginManager: Mounting plugin OnlineSubsystem
LogPluginManager: Mounting plugin OnlineSubsystemNull
LogPluginManager: Mounting plugin LauncherChunkInstaller
LogPluginManager: Mounting plugin OnlineSubsystemUtils
LogPluginManager: Mounting plugin ActorLayerUtilities
LogPluginManager: Mounting plugin AndroidPermission
LogPluginManager: Mounting plugin AndroidDeviceProfileSelector
LogPluginManager: Mounting plugin AndroidMoviePlayer
LogPluginManager: Mounting plugin ArchVisCharacter
LogPluginManager: Mounting plugin AudioCapture
LogPluginManager: Mounting plugin AssetTags
LogPluginManager: Mounting plugin AppleMoviePlayer
LogPluginManager: Mounting plugin AudioSynesthesia
LogPluginManager: Mounting plugin CableComponent
LogPluginManager: Mounting plugin ChunkDownloader
LogPluginManager: Mounting plugin AppleImageUtils
LogPluginManager: Mounting plugin CustomMeshComponent
LogPluginManager: Mounting plugin EditableMesh
LogPluginManager: Mounting plugin ExampleDeviceProfileSelector
LogPluginManager: Mounting plugin GooglePAD
LogPluginManager: Mounting plugin GoogleCloudMessaging
LogPluginManager: Mounting plugin IOSDeviceProfileSelector
LogPluginManager: Mounting plugin LinuxDeviceProfileSelector
LogPluginManager: Mounting plugin LocationServicesBPLibrary
LogPluginManager: Mounting plugin MobilePatchingUtils
LogPluginManager: Mounting plugin OpenXR
LogPluginManager: Mounting plugin OpenXREyeTracker
LogPluginManager: Mounting plugin OpenXRHandTracking
LogPluginManager: Mounting plugin PhysXVehicles
LogPluginManager: Mounting plugin PostSplashScreen
LogPluginManager: Mounting plugin ScreenshotTools
LogPluginManager: Mounting plugin PropertyAccessEditor
LogPluginManager: Mounting plugin ProceduralMeshComponent
LogPluginManager: Mounting plugin RuntimePhysXCooking
LogPluginManager: Mounting plugin SignificanceManager
LogPluginManager: Mounting plugin SoundFields
LogPluginManager: Mounting plugin Synthesis
LogPluginManager: Mounting plugin WebMMoviePlayer
LogPluginManager: Mounting plugin WindowsMoviePlayer
LogPluginManager: Mounting plugin Takes
LogPluginManager: Mounting plugin ContentBrowserAssetDataSource
LogPluginManager: Mounting plugin ContentBrowserClassDataSource
LogPluginManager: Mounting plugin ContentBrowserFileDataSource
LogPluginManager: Mounting plugin OnlineSubsystemGooglePlay
LogPluginManager: Mounting plugin OnlineSubsystemIOS
LogPluginManager: Mounting plugin OculusVR
LogPluginManager: Mounting plugin SteamVR
PixWinPlugin: PIX capture plugin failed to initialize! Check that the process is launched from PIX.
LogInit: Using libcurl 7.55.1-DEV
LogInit:  - built for x86_64-pc-win32
LogInit:  - supports SSL with OpenSSL/1.1.1
LogInit:  - supports HTTP deflate (compression) using libz 1.2.8
LogInit:  - other features:
LogInit:      CURL_VERSION_SSL
LogInit:      CURL_VERSION_LIBZ
LogInit:      CURL_VERSION_IPV6
LogInit:      CURL_VERSION_ASYNCHDNS
LogInit:      CURL_VERSION_LARGEFILE
LogInit:      CURL_VERSION_IDN
LogInit:  CurlRequestOptions (configurable via config and command line):
LogInit:  - bVerifyPeer = true  - Libcurl will verify peer certificate
LogInit:  - bUseHttpProxy = false  - Libcurl will NOT use HTTP proxy
LogInit:  - bDontReuseConnections = false  - Libcurl will reuse connections
LogInit:  - MaxHostConnections = 16  - Libcurl will limit the number of connections to a host
LogInit:  - LocalHostAddr = Default
LogInit:  - BufferSize = 65536
LogOnline: OSS: Creating online subsystem instance for: NULL
LogInit: WinSock: version 1.1 (2.2), MaxSocks=32767, MaxUdp=65467
LogOnline: OSS: TryLoadSubsystemAndSetDefault: Loaded subsystem for module [NULL]
LogOculusPluginWrapper: OculusPlugin initialized successfully
LogHMD: Failed initializing OVRPlugin 1.59.0
LogInit: Build: ++UE4+Release-4.27-CL-18319896
LogInit: Engine Version: 4.27.2-18319896+++UE4+Release-4.27
LogInit: Compatible Engine Version: 4.27.0-17155196+++UE4+Release-4.27
LogInit: Net CL: 17155196
LogInit: OS: Windows 10 (Release 2009) (), CPU: Intel(R) Core(TM) i5-1035G1 CPU @ 1.00GHz, GPU: Intel(R) UHD Graphics
LogInit: Compiled (64-bit): Nov 30 2021 07:12:08
LogInit: Compiled with Visual C++: 19.24.28315.00
LogInit: Build Configuration: Development
LogInit: Branch Name: ++UE4+Release-4.27
LogInit: Command Line:  -AUTH_LOGIN=unused -AUTH_PASSWORD=9a49787772a34694bf7db0d31330e405 -AUTH_TYPE=exchangecode -epicapp=UE_4.27 -epicenv=Prod -EpicPortal -epicusername=commbokenny -epicuserid=e528286b27934993bfdc3f41fb5a36b6 -epiclocale=ru -epicsandboxid=ue
LogInit: Base Directory: D:/UE/UE/UE_4.27/Engine/Binaries/Win64/
LogInit: Allocator: TBB
LogInit: Installed Engine Build: 1
LogDevObjectVersion: Number of dev versions registered: 29
LogDevObjectVersion:   Dev-Blueprints (B0D832E4-1F89-4F0D-ACCF-7EB736FD4AA2): 10
LogDevObjectVersion:   Dev-Build (E1C64328-A22C-4D53-A36C-8E866417BD8C): 0
LogDevObjectVersion:   Dev-Core (375EC13C-06E4-48FB-B500-84F0262A717E): 4
LogDevObjectVersion:   Dev-Editor (E4B068ED-F494-42E9-A231-DA0B2E46BB41): 40
LogDevObjectVersion:   Dev-Framework (CFFC743F-43B0-4480-9391-14DF171D2073): 37
LogDevObjectVersion:   Dev-Mobile (B02B49B5-BB20-44E9-A304-32B752E40360): 3
LogDevObjectVersion:   Dev-Networking (A4E4105C-59A1-49B5-A7C5-40C4547EDFEE): 0
LogDevObjectVersion:   Dev-Online (39C831C9-5AE6-47DC-9A44-9C173E1C8E7C): 0
LogDevObjectVersion:   Dev-Physics (78F01B33-EBEA-4F98-B9B4-84EACCB95AA2): 14
LogDevObjectVersion:   Dev-Platform (6631380F-2D4D-43E0-8009-CF276956A95A): 0
LogDevObjectVersion:   Dev-Rendering (12F88B9F-8875-4AFC-A67C-D90C383ABD29): 45
LogDevObjectVersion:   Dev-Sequencer (7B5AE74C-D270-4C10-A958-57980B212A5A): 13
LogDevObjectVersion:   Dev-VR (D7296918-1DD6-4BDD-9DE2-64A83CC13884): 3
LogDevObjectVersion:   Dev-LoadTimes (C2A15278-BFE7-4AFE-6C17-90FF531DF755): 1
LogDevObjectVersion:   Private-Geometry (6EACA3D4-40EC-4CC1-B786-8BED09428FC5): 3
LogDevObjectVersion:   Dev-AnimPhys (29E575DD-E0A3-4627-9D10-D276232CDCEA): 17
LogDevObjectVersion:   Dev-Anim (AF43A65D-7FD3-4947-9873-3E8ED9C1BB05): 15
LogDevObjectVersion:   Dev-ReflectionCapture (6B266CEC-1EC7-4B8F-A30B-E4D90942FC07): 1
LogDevObjectVersion:   Dev-Automation (0DF73D61-A23F-47EA-B727-89E90C41499A): 1
LogDevObjectVersion:   FortniteMain (601D1886-AC64-4F84-AA16-D3DE0DEAC7D6): 47
LogDevObjectVersion:   FortniteRelease (E7086368-6B23-4C58-8439-1B7016265E91): 1
LogDevObjectVersion:   Dev-Enterprise (9DFFBCD6-494F-0158-E221-12823C92A888): 10
LogDevObjectVersion:   Dev-Niagara (F2AED0AC-9AFE-416F-8664-AA7FFA26D6FC): 1
LogDevObjectVersion:   Dev-Destruction (174F1F0B-B4C6-45A5-B13F-2EE8D0FB917D): 10
LogDevObjectVersion:   Dev-Physics-Ext (35F94A83-E258-406C-A318-09F59610247C): 41
LogDevObjectVersion:   Dev-PhysicsMaterial-Chaos (B68FC16E-8B1B-42E2-B453-215C058844FE): 1
LogDevObjectVersion:   Dev-CineCamera (B2E18506-4273-CFC2-A54E-F4BB758BBA07): 1
LogDevObjectVersion:   Dev-VirtualProduction (64F58936-FD1B-42BA-BA96-7289D5D0FA4E): 1
LogDevObjectVersion:   Dev-MediaFramework (6F0ED827-A609-4895-9C91-998D90180EA4): 2
LogInit: Presizing for max 25165824 objects, including 0 objects not considered by GC, pre-allocating 0 bytes for permanent pool.
LogConfig: Applying CVar settings from Section [/Script/Engine.StreamingSettings] File [D:/Repositories/Homeworke/Homeworke/Saved/Config/Windows/Engine.ini]
LogConfig: Setting CVar [[s.MinBulkDataSizeForAsyncLoading:131072]]
LogConfig: Setting CVar [[s.AsyncLoadingThreadEnabled:0]]
LogConfig: Setting CVar [[s.EventDrivenLoaderEnabled:1]]
LogConfig: Setting CVar [[s.WarnIfTimeLimitExceeded:0]]
LogConfig: Setting CVar [[s.TimeLimitExceededMultiplier:1.5]]
LogConfig: Setting CVar [[s.TimeLimitExceededMinTime:0.005]]
LogConfig: Setting CVar [[s.UseBackgroundLevelStreaming:1]]
LogConfig: Setting CVar [[s.PriorityAsyncLoadingExtraTime:15.0]]
LogConfig: Setting CVar [[s.LevelStreamingActorsUpdateTimeLimit:5.0]]
LogConfig: Setting CVar [[s.PriorityLevelStreamingActorsUpdateExtraTime:5.0]]
LogConfig: Setting CVar [[s.LevelStreamingComponentsRegistrationGranularity:10]]
LogConfig: Setting CVar [[s.UnregisterComponentsTimeLimit:1.0]]
LogConfig: Setting CVar [[s.LevelStreamingComponentsUnregistrationGranularity:5]]
LogConfig: Setting CVar [[s.FlushStreamingOnExit:1]]
LogInit: Object subsystem initialized
LogConfig: Setting CVar [[con.DebugEarlyDefault:1]]
LogConfig: Setting CVar [[r.setres:1280x720]]
[2023.09.25-02.16.38:266][  0]LogConfig: Setting CVar [[r.VSync:0]]
[2023.09.25-02.16.38:267][  0]LogConfig: Setting CVar [[r.RHICmdBypass:0]]
[2023.09.25-02.16.38:267][  0]LogConfig: Applying CVar settings from Section [/Script/Engine.RendererSettings] File [D:/Repositories/Homeworke/Homeworke/Saved/Config/Windows/Engine.ini]
[2023.09.25-02.16.38:267][  0]LogConfig: Setting CVar [[r.GPUCrashDebugging:0]]
[2023.09.25-02.16.38:267][  0]LogConfig: Applying CVar settings from Section [/Script/Engine.RendererOverrideSettings] File [D:/Repositories/Homeworke/Homeworke/Saved/Config/Windows/Engine.ini]
[2023.09.25-02.16.38:267][  0]LogConfig: Applying CVar settings from Section [/Script/Engine.StreamingSettings] File [D:/Repositories/Homeworke/Homeworke/Saved/Config/Windows/Engine.ini]
[2023.09.25-02.16.38:267][  0]LogConfig: Setting CVar [[s.MinBulkDataSizeForAsyncLoading:131072]]
[2023.09.25-02.16.38:267][  0]LogConfig: Setting CVar [[s.AsyncLoadingThreadEnabled:0]]
[2023.09.25-02.16.38:267][  0]LogConfig: Setting CVar [[s.EventDrivenLoaderEnabled:1]]
[2023.09.25-02.16.38:267][  0]LogConfig: Setting CVar [[s.WarnIfTimeLimitExceeded:0]]
[2023.09.25-02.16.38:267][  0]LogConfig: Setting CVar [[s.TimeLimitExceededMultiplier:1.5]]
[2023.09.25-02.16.38:267][  0]LogConfig: Setting CVar [[s.TimeLimitExceededMinTime:0.005]]
[2023.09.25-02.16.38:267][  0]LogConfig: Setting CVar [[s.UseBackgroundLevelStreaming:1]]
[2023.09.25-02.16.38:267][  0]LogConfig: Setting CVar [[s.PriorityAsyncLoadingExtraTime:15.0]]
[2023.09.25-02.16.38:267][  0]LogConfig: Setting CVar [[s.LevelStreamingActorsUpdateTimeLimit:5.0]]
[2023.09.25-02.16.38:267][  0]LogConfig: Setting CVar [[s.PriorityLevelStreamingActorsUpdateExtraTime:5.0]]
[2023.09.25-02.16.38:267][  0]LogConfig: Setting CVar [[s.LevelStreamingComponentsRegistrationGranularity:10]]
[2023.09.25-02.16.38:267][  0]LogConfig: Setting CVar [[s.UnregisterComponentsTimeLimit:1.0]]
[2023.09.25-02.16.38:267][  0]LogConfig: Setting CVar [[s.LevelStreamingComponentsUnregistrationGranularity:5]]
[2023.09.25-02.16.38:267][  0]LogConfig: Setting CVar [[s.FlushStreamingOnExit:1]]
[2023.09.25-02.16.38:267][  0]LogConfig: Applying CVar settings from Section [/Script/Engine.GarbageCollectionSettings] File [D:/Repositories/Homeworke/Homeworke/Saved/Config/Windows/Engine.ini]
[2023.09.25-02.16.38:267][  0]LogConfig: Setting CVar [[gc.MaxObjectsNotConsideredByGC:1]]
[2023.09.25-02.16.38:267][  0]LogConfig: Setting CVar [[gc.SizeOfPermanentObjectPool:0]]
[2023.09.25-02.16.38:267][  0]LogConfig: Setting CVar [[gc.FlushStreamingOnGC:0]]
[2023.09.25-02.16.38:267][  0]LogConfig: Setting CVar [[gc.NumRetriesBeforeForcingGC:10]]
[2023.09.25-02.16.38:267][  0]LogConfig: Setting CVar [[gc.AllowParallelGC:1]]
[2023.09.25-02.16.38:267][  0]LogConfig: Setting CVar [[gc.TimeBetweenPurgingPendingKillObjects:61.1]]
[2023.09.25-02.16.38:267][  0]LogConfig: Setting CVar [[gc.MaxObjectsInEditor:25165824]]
[2023.09.25-02.16.38:267][  0]LogConfig: Setting CVar [[gc.IncrementalBeginDestroyEnabled:1]]
[2023.09.25-02.16.38:267][  0]LogConfig: Setting CVar [[gc.CreateGCClusters:1]]
[2023.09.25-02.16.38:267][  0]LogConfig: Setting CVar [[gc.MinGCClusterSize:5]]
[2023.09.25-02.16.38:267][  0]LogConfig: Setting CVar [[gc.ActorClusteringEnabled:0]]
[2023.09.25-02.16.38:267][  0]LogConfig: Setting CVar [[gc.BlueprintClusteringEnabled:0]]
[2023.09.25-02.16.38:267][  0]LogConfig: Setting CVar [[gc.UseDisregardForGCOnDedicatedServers:0]]
[2023.09.25-02.16.38:267][  0]LogConfig: Setting CVar [[gc.MultithreadedDestructionEnabled:1]]
[2023.09.25-02.16.38:267][  0]LogConfig: Applying CVar settings from Section [/Script/Engine.NetworkSettings] File [D:/Repositories/Homeworke/Homeworke/Saved/Config/Windows/Engine.ini]
[2023.09.25-02.16.38:267][  0]LogConfig: Applying CVar settings from Section [/Script/UnrealEd.CookerSettings] File [D:/Repositories/Homeworke/Homeworke/Saved/Config/Windows/Engine.ini]
[2023.09.25-02.16.38:273][  0]LogConfig: Applying CVar settings from Section [ViewDistanceQuality@3] File [D:/Repositories/Homeworke/Homeworke/Saved/Config/Windows/Scalability.ini]
[2023.09.25-02.16.38:273][  0]LogConfig: Setting CVar [[r.SkeletalMeshLODBias:0]]
[2023.09.25-02.16.38:273][  0]LogConfig: Setting CVar [[r.ViewDistanceScale:1.0]]
[2023.09.25-02.16.38:273][  0]LogConfig: Applying CVar settings from Section [AntiAliasingQuality@3] File [D:/Repositories/Homeworke/Homeworke/Saved/Config/Windows/Scalability.ini]
[2023.09.25-02.16.38:273][  0]LogConfig: Setting CVar [[r.PostProcessAAQuality:4]]
[2023.09.25-02.16.38:273][  0]LogConfig: Applying CVar settings from Section [ShadowQuality@3] File [D:/Repositories/Homeworke/Homeworke/Saved/Config/Windows/Scalability.ini]
[2023.09.25-02.16.38:273][  0]LogConfig: Setting CVar [[r.LightFunctionQuality:1]]
[2023.09.25-02.16.38:273][  0]LogConfig: Setting CVar [[r.ShadowQuality:5]]
[2023.09.25-02.16.38:273][  0]LogConfig: Setting CVar [[r.Shadow.CSM.MaxCascades:10]]
[2023.09.25-02.16.38:273][  0]LogConfig: Setting CVar [[r.Shadow.MaxResolution:2048]]
[2023.09.25-02.16.38:273][  0]LogConfig: Setting CVar [[r.Shadow.MaxCSMResolution:2048]]
[2023.09.25-02.16.38:273][  0]LogConfig: Setting CVar [[r.Shadow.RadiusThreshold:0.01]]
[2023.09.25-02.16.38:274][  0]LogConfig: Setting CVar [[r.Shadow.DistanceScale:1.0]]
[2023.09.25-02.16.38:274][  0]LogConfig: Setting CVar [[r.Shadow.CSM.TransitionScale:1.0]]
[2023.09.25-02.16.38:274][  0]LogConfig: Setting CVar [[r.Shadow.PreShadowResolutionFactor:1.0]]
[2023.09.25-02.16.38:274][  0]LogConfig: Setting CVar [[r.DistanceFieldShadowing:1]]
[2023.09.25-02.16.38:274][  0]LogConfig: Setting CVar [[r.DistanceFieldAO:1]]
[2023.09.25-02.16.38:274][  0]LogConfig: Setting CVar [[r.AOQuality:2]]
[2023.09.25-02.16.38:274][  0]LogConfig: Setting CVar [[r.VolumetricFog:1]]
[2023.09.25-02.16.38:274][  0]LogConfig: Setting CVar [[r.VolumetricFog.GridPixelSize:8]]
[2023.09.25-02.16.38:274][  0]LogConfig: Setting CVar [[r.VolumetricFog.GridSizeZ:128]]
[2023.09.25-02.16.38:274][  0]LogConfig: Setting CVar [[r.VolumetricFog.HistoryMissSupersampleCount:4]]
[2023.09.25-02.16.38:274][  0]LogConfig: Setting CVar [[r.LightMaxDrawDistanceScale:1]]
[2023.09.25-02.16.38:274][  0]LogConfig: Setting CVar [[r.CapsuleShadows:1]]
[2023.09.25-02.16.38:274][  0]LogConfig: Applying CVar settings from Section [PostProcessQuality@3] File [D:/Repositories/Homeworke/Homeworke/Saved/Config/Windows/Scalability.ini]
[2023.09.25-02.16.38:274][  0]LogConfig: Setting CVar [[r.MotionBlurQuality:4]]
[2023.09.25-02.16.38:274][  0]LogConfig: Setting CVar [[r.AmbientOcclusionMipLevelFactor:0.4]]
[2023.09.25-02.16.38:274][  0]LogConfig: Setting CVar [[r.AmbientOcclusionMaxQuality:100]]
[2023.09.25-02.16.38:274][  0]LogConfig: Setting CVar [[r.AmbientOcclusionLevels:-1]]
[2023.09.25-02.16.38:274][  0]LogConfig: Setting CVar [[r.AmbientOcclusionRadiusScale:1.0]]
[2023.09.25-02.16.38:274][  0]LogConfig: Setting CVar [[r.DepthOfFieldQuality:2]]
[2023.09.25-02.16.38:274][  0]LogConfig: Setting CVar [[r.RenderTargetPoolMin:400]]
[2023.09.25-02.16.38:274][  0]LogConfig: Setting CVar [[r.LensFlareQuality:2]]
[2023.09.25-02.16.38:274][  0]LogConfig: Setting CVar [[r.SceneColorFringeQuality:1]]
[2023.09.25-02.16.38:274][  0]LogConfig: Setting CVar [[r.EyeAdaptationQuality:2]]
[2023.09.25-02.16.38:274][  0]LogConfig: Setting CVar [[r.BloomQuality:5]]
[2023.09.25-02.16.38:274][  0]LogConfig: Setting CVar [[r.FastBlurThreshold:100]]
[2023.09.25-02.16.38:274][  0]LogConfig: Setting CVar [[r.Upscale.Quality:3]]
[2023.09.25-02.16.38:274][  0]LogConfig: Setting CVar [[r.Tonemapper.GrainQuantization:1]]
[2023.09.25-02.16.38:274][  0]LogConfig: Setting CVar [[r.LightShaftQuality:1]]
[2023.09.25-02.16.38:274][  0]LogConfig: Setting CVar [[r.Filter.SizeScale:1]]
[2023.09.25-02.16.38:274][  0]LogConfig: Setting CVar [[r.Tonemapper.Quality:5]]
[2023.09.25-02.16.38:274][  0]LogConfig: Setting CVar [[r.DOF.Gather.AccumulatorQuality:1        ; higher gathering accumulator quality]]
[2023.09.25-02.16.38:274][  0]LogConfig: Setting CVar [[r.DOF.Gather.PostfilterMethod:1          ; Median3x3 postfilering method]]
[2023.09.25-02.16.38:274][  0]LogConfig: Setting CVar [[r.DOF.Gather.EnableBokehSettings:0       ; no bokeh simulation when gathering]]
[2023.09.25-02.16.38:274][  0]LogConfig: Setting CVar [[r.DOF.Gather.RingCount:4                 ; medium number of samples when gathering]]
[2023.09.25-02.16.38:274][  0]LogConfig: Setting CVar [[r.DOF.Scatter.ForegroundCompositing:1    ; additive foreground scattering]]
[2023.09.25-02.16.38:274][  0]LogConfig: Setting CVar [[r.DOF.Scatter.BackgroundCompositing:2    ; additive background scattering]]
[2023.09.25-02.16.38:274][  0]LogConfig: Setting CVar [[r.DOF.Scatter.EnableBokehSettings:1      ; bokeh simulation when scattering]]
[2023.09.25-02.16.38:274][  0]LogConfig: Setting CVar [[r.DOF.Scatter.MaxSpriteRatio:0.1         ; only a maximum of 10% of scattered bokeh]]
[2023.09.25-02.16.38:274][  0]LogConfig: Setting CVar [[r.DOF.Recombine.Quality:1                ; cheap slight out of focus]]
[2023.09.25-02.16.38:274][  0]LogConfig: Setting CVar [[r.DOF.Recombine.EnableBokehSettings:0    ; no bokeh simulation on slight out of focus]]
[2023.09.25-02.16.38:274][  0]LogConfig: Setting CVar [[r.DOF.TemporalAAQuality:1                ; more stable temporal accumulation]]
[2023.09.25-02.16.38:274][  0]LogConfig: Setting CVar [[r.DOF.Kernel.MaxForegroundRadius:0.025]]
[2023.09.25-02.16.38:274][  0]LogConfig: Setting CVar [[r.DOF.Kernel.MaxBackgroundRadius:0.025]]
[2023.09.25-02.16.38:274][  0]LogConfig: Applying CVar settings from Section [TextureQuality@3] File [D:/Repositories/Homeworke/Homeworke/Saved/Config/Windows/Scalability.ini]
[2023.09.25-02.16.38:274][  0]LogConfig: Setting CVar [[r.Streaming.MipBias:0]]
[2023.09.25-02.16.38:274][  0]LogConfig: Setting CVar [[r.Streaming.AmortizeCPUToGPUCopy:0]]
[2023.09.25-02.16.38:274][  0]LogConfig: Setting CVar [[r.Streaming.MaxNumTexturesToStreamPerFrame:0]]
[2023.09.25-02.16.38:274][  0]LogConfig: Setting CVar [[r.Streaming.Boost:1]]
[2023.09.25-02.16.38:274][  0]LogConfig: Setting CVar [[r.MaxAnisotropy:8]]
[2023.09.25-02.16.38:274][  0]LogConfig: Setting CVar [[r.VT.MaxAnisotropy:8]]
[2023.09.25-02.16.38:274][  0]LogConfig: Setting CVar [[r.Streaming.LimitPoolSizeToVRAM:0]]
[2023.09.25-02.16.38:274][  0]LogConfig: Setting CVar [[r.Streaming.PoolSize:1000]]
[2023.09.25-02.16.38:274][  0]LogConfig: Setting CVar [[r.Streaming.MaxEffectiveScreenSize:0]]
[2023.09.25-02.16.38:274][  0]LogConfig: Applying CVar settings from Section [EffectsQuality@3] File [D:/Repositories/Homeworke/Homeworke/Saved/Config/Windows/Scalability.ini]
[2023.09.25-02.16.38:274][  0]LogConfig: Setting CVar [[r.TranslucencyLightingVolumeDim:64]]
[2023.09.25-02.16.38:274][  0]LogConfig: Setting CVar [[r.RefractionQuality:2]]
[2023.09.25-02.16.38:274][  0]LogConfig: Setting CVar [[r.SSR.Quality:3]]
[2023.09.25-02.16.38:274][  0]LogConfig: Setting CVar [[r.SSR.HalfResSceneColor:0]]
[2023.09.25-02.16.38:274][  0]LogConfig: Setting CVar [[r.SceneColorFormat:4]]
[2023.09.25-02.16.38:274][  0]LogConfig: Setting CVar [[r.DetailMode:2]]
[2023.09.25-02.16.38:274][  0]LogConfig: Setting CVar [[r.TranslucencyVolumeBlur:1]]
[2023.09.25-02.16.38:274][  0]LogConfig: Setting CVar [[r.MaterialQualityLevel:1 ; High quality]]
[2023.09.25-02.16.38:274][  0]LogConfig: Setting CVar [[r.AnisotropicMaterials:1]]
[2023.09.25-02.16.38:274][  0]LogConfig: Setting CVar [[r.SSS.Scale:1]]
[2023.09.25-02.16.38:274][  0]LogConfig: Setting CVar [[r.SSS.SampleSet:2]]
[2023.09.25-02.16.38:274][  0]LogConfig: Setting CVar [[r.SSS.Quality:1]]
[2023.09.25-02.16.38:274][  0]LogConfig: Setting CVar [[r.SSS.HalfRes:0]]
[2023.09.25-02.16.38:274][  0]LogConfig: Setting CVar [[r.SSGI.Quality:3]]
[2023.09.25-02.16.38:274][  0]LogConfig: Setting CVar [[r.EmitterSpawnRateScale:1.0]]
[2023.09.25-02.16.38:274][  0]LogConfig: Setting CVar [[r.ParticleLightQuality:2]]
[2023.09.25-02.16.38:274][  0]LogConfig: Setting CVar [[r.SkyAtmosphere.AerialPerspectiveLUT.FastApplyOnOpaque:1 ; Always have FastSkyLUT 1 in this case to avoid wrong sky]]
[2023.09.25-02.16.38:274][  0]LogConfig: Setting CVar [[r.SkyAtmosphere.AerialPerspectiveLUT.SampleCountMaxPerSlice:4]]
[2023.09.25-02.16.38:274][  0]LogConfig: Setting CVar [[r.SkyAtmosphere.AerialPerspectiveLUT.DepthResolution:16.0]]
[2023.09.25-02.16.38:274][  0]LogConfig: Setting CVar [[r.SkyAtmosphere.FastSkyLUT:1]]
[2023.09.25-02.16.38:274][  0]LogConfig: Setting CVar [[r.SkyAtmosphere.FastSkyLUT.SampleCountMin:4.0]]
[2023.09.25-02.16.38:274][  0]LogConfig: Setting CVar [[r.SkyAtmosphere.FastSkyLUT.SampleCountMax:128.0]]
[2023.09.25-02.16.38:274][  0]LogConfig: Setting CVar [[r.SkyAtmosphere.SampleCountMin:4.0]]
[2023.09.25-02.16.38:274][  0]LogConfig: Setting CVar [[r.SkyAtmosphere.SampleCountMax:128.0]]
[2023.09.25-02.16.38:274][  0]LogConfig: Setting CVar [[r.SkyAtmosphere.TransmittanceLUT.UseSmallFormat:0]]
[2023.09.25-02.16.38:274][  0]LogConfig: Setting CVar [[r.SkyAtmosphere.TransmittanceLUT.SampleCount:10.0]]
[2023.09.25-02.16.38:274][  0]LogConfig: Setting CVar [[r.SkyAtmosphere.MultiScatteringLUT.SampleCount:15.0]]
[2023.09.25-02.16.38:274][  0]LogConfig: Setting CVar [[r.SkyLight.RealTimeReflectionCapture:1]]
[2023.09.25-02.16.38:274][  0]LogConfig: Applying CVar settings from Section [FoliageQuality@3] File [D:/Repositories/Homeworke/Homeworke/Saved/Config/Windows/Scalability.ini]
[2023.09.25-02.16.38:274][  0]LogConfig: Setting CVar [[foliage.DensityScale:1.0]]
[2023.09.25-02.16.38:274][  0]LogConfig: Setting CVar [[grass.DensityScale:1.0]]
[2023.09.25-02.16.38:274][  0]LogConfig: Applying CVar settings from Section [ShadingQuality@3] File [D:/Repositories/Homeworke/Homeworke/Saved/Config/Windows/Scalability.ini]
[2023.09.25-02.16.38:274][  0]LogConfig: Setting CVar [[r.HairStrands.SkyLighting.IntegrationType:2]]
[2023.09.25-02.16.38:274][  0]LogConfig: Setting CVar [[r.HairStrands.SkyAO.SampleCount:4]]
[2023.09.25-02.16.38:274][  0]LogConfig: Setting CVar [[r.HairStrands.Visibility.MSAA.SamplePerPixel:4]]
[2023.09.25-02.16.38:274][  0]LogInit: Selected Device Profile: [Windows]
[2023.09.25-02.16.38:275][  0]LogInit: Applying CVar settings loaded from the selected device profile: [Windows]
[2023.09.25-02.16.38:275][  0]LogHAL: Display: Platform has ~ 8 GB [8318115840 / 8589934592 / 8], which maps to Default [LargestMinGB=32, LargerMinGB=12, DefaultMinGB=8, SmallerMinGB=6, SmallestMinGB=0)
[2023.09.25-02.16.38:275][  0]LogInit: Going up to parent DeviceProfile []
[2023.09.25-02.16.38:275][  0]LogConfig: Applying CVar settings from Section [ViewDistanceQuality@3] File [D:/Repositories/Homeworke/Homeworke/Saved/Config/Windows/Scalability.ini]
[2023.09.25-02.16.38:275][  0]LogConfig: Setting CVar [[r.SkeletalMeshLODBias:0]]
[2023.09.25-02.16.38:275][  0]LogConfig: Setting CVar [[r.ViewDistanceScale:1.0]]
[2023.09.25-02.16.38:275][  0]LogConfig: Applying CVar settings from Section [AntiAliasingQuality@3] File [D:/Repositories/Homeworke/Homeworke/Saved/Config/Windows/Scalability.ini]
[2023.09.25-02.16.38:275][  0]LogConfig: Setting CVar [[r.PostProcessAAQuality:4]]
[2023.09.25-02.16.38:275][  0]LogConfig: Applying CVar settings from Section [ShadowQuality@3] File [D:/Repositories/Homeworke/Homeworke/Saved/Config/Windows/Scalability.ini]
[2023.09.25-02.16.38:275][  0]LogConfig: Setting CVar [[r.LightFunctionQuality:1]]
[2023.09.25-02.16.38:275][  0]LogConfig: Setting CVar [[r.ShadowQuality:5]]
[2023.09.25-02.16.38:275][  0]LogConfig: Setting CVar [[r.Shadow.CSM.MaxCascades:10]]
[2023.09.25-02.16.38:275][  0]LogConfig: Setting CVar [[r.Shadow.MaxResolution:2048]]
[2023.09.25-02.16.38:275][  0]LogConfig: Setting CVar [[r.Shadow.MaxCSMResolution:2048]]
[2023.09.25-02.16.38:275][  0]LogConfig: Setting CVar [[r.Shadow.RadiusThreshold:0.01]]
[2023.09.25-02.16.38:275][  0]LogConfig: Setting CVar [[r.Shadow.DistanceScale:1.0]]
[2023.09.25-02.16.38:275][  0]LogConfig: Setting CVar [[r.Shadow.CSM.TransitionScale:1.0]]
[2023.09.25-02.16.38:275][  0]LogConfig: Setting CVar [[r.Shadow.PreShadowResolutionFactor:1.0]]
[2023.09.25-02.16.38:275][  0]LogConfig: Setting CVar [[r.DistanceFieldShadowing:1]]
[2023.09.25-02.16.38:275][  0]LogConfig: Setting CVar [[r.DistanceFieldAO:1]]
[2023.09.25-02.16.38:275][  0]LogConfig: Setting CVar [[r.AOQuality:2]]
[2023.09.25-02.16.38:275][  0]LogConfig: Setting CVar [[r.VolumetricFog:1]]
[2023.09.25-02.16.38:275][  0]LogConfig: Setting CVar [[r.VolumetricFog.GridPixelSize:8]]
[2023.09.25-02.16.38:275][  0]LogConfig: Setting CVar [[r.VolumetricFog.GridSizeZ:128]]
[2023.09.25-02.16.38:275][  0]LogConfig: Setting CVar [[r.VolumetricFog.HistoryMissSupersampleCount:4]]
[2023.09.25-02.16.38:275][  0]LogConfig: Setting CVar [[r.LightMaxDrawDistanceScale:1]]
[2023.09.25-02.16.38:275][  0]LogConfig: Setting CVar [[r.CapsuleShadows:1]]
[2023.09.25-02.16.38:275][  0]LogConfig: Applying CVar settings from Section [PostProcessQuality@3] File [D:/Repositories/Homeworke/Homeworke/Saved/Config/Windows/Scalability.ini]
[2023.09.25-02.16.38:275][  0]LogConfig: Setting CVar [[r.MotionBlurQuality:4]]
[2023.09.25-02.16.38:275][  0]LogConfig: Setting CVar [[r.AmbientOcclusionMipLevelFactor:0.4]]
[2023.09.25-02.16.38:275][  0]LogConfig: Setting CVar [[r.AmbientOcclusionMaxQuality:100]]
[2023.09.25-02.16.38:275][  0]LogConfig: Setting CVar [[r.AmbientOcclusionLevels:-1]]
[2023.09.25-02.16.38:275][  0]LogConfig: Setting CVar [[r.AmbientOcclusionRadiusScale:1.0]]
[2023.09.25-02.16.38:275][  0]LogConfig: Setting CVar [[r.DepthOfFieldQuality:2]]
[2023.09.25-02.16.38:275][  0]LogConfig: Setting CVar [[r.RenderTargetPoolMin:400]]
[2023.09.25-02.16.38:275][  0]LogConfig: Setting CVar [[r.LensFlareQuality:2]]
[2023.09.25-02.16.38:275][  0]LogConfig: Setting CVar [[r.SceneColorFringeQuality:1]]
[2023.09.25-02.16.38:275][  0]LogConfig: Setting CVar [[r.EyeAdaptationQuality:2]]
[2023.09.25-02.16.38:275][  0]LogConfig: Setting CVar [[r.BloomQuality:5]]
[2023.09.25-02.16.38:275][  0]LogConfig: Setting CVar [[r.FastBlurThreshold:100]]
[2023.09.25-02.16.38:275][  0]LogConfig: Setting CVar [[r.Upscale.Quality:3]]
[2023.09.25-02.16.38:275][  0]LogConfig: Setting CVar [[r.Tonemapper.GrainQuantization:1]]
[2023.09.25-02.16.38:275][  0]LogConfig: Setting CVar [[r.LightShaftQuality:1]]
[2023.09.25-02.16.38:275][  0]LogConfig: Setting CVar [[r.Filter.SizeScale:1]]
[2023.09.25-02.16.38:275][  0]LogConfig: Setting CVar [[r.Tonemapper.Quality:5]]
[2023.09.25-02.16.38:275][  0]LogConfig: Setting CVar [[r.DOF.Gather.AccumulatorQuality:1        ; higher gathering accumulator quality]]
[2023.09.25-02.16.38:275][  0]LogConfig: Setting CVar [[r.DOF.Gather.PostfilterMethod:1          ; Median3x3 postfilering method]]
[2023.09.25-02.16.38:275][  0]LogConfig: Setting CVar [[r.DOF.Gather.EnableBokehSettings:0       ; no bokeh simulation when gathering]]
[2023.09.25-02.16.38:275][  0]LogConfig: Setting CVar [[r.DOF.Gather.RingCount:4                 ; medium number of samples when gathering]]
[2023.09.25-02.16.38:275][  0]LogConfig: Setting CVar [[r.DOF.Scatter.ForegroundCompositing:1    ; additive foreground scattering]]
[2023.09.25-02.16.38:275][  0]LogConfig: Setting CVar [[r.DOF.Scatter.BackgroundCompositing:2    ; additive background scattering]]
[2023.09.25-02.16.38:275][  0]LogConfig: Setting CVar [[r.DOF.Scatter.EnableBokehSettings:1      ; bokeh simulation when scattering]]
[2023.09.25-02.16.38:275][  0]LogConfig: Setting CVar [[r.DOF.Scatter.MaxSpriteRatio:0.1         ; only a maximum of 10% of scattered bokeh]]
[2023.09.25-02.16.38:275][  0]LogConfig: Setting CVar [[r.DOF.Recombine.Quality:1                ; cheap slight out of focus]]
[2023.09.25-02.16.38:275][  0]LogConfig: Setting CVar [[r.DOF.Recombine.EnableBokehSettings:0    ; no bokeh simulation on slight out of focus]]
[2023.09.25-02.16.38:275][  0]LogConfig: Setting CVar [[r.DOF.TemporalAAQuality:1                ; more stable temporal accumulation]]
[2023.09.25-02.16.38:275][  0]LogConfig: Setting CVar [[r.DOF.Kernel.MaxForegroundRadius:0.025]]
[2023.09.25-02.16.38:275][  0]LogConfig: Setting CVar [[r.DOF.Kernel.MaxBackgroundRadius:0.025]]
[2023.09.25-02.16.38:275][  0]LogConfig: Applying CVar settings from Section [TextureQuality@3] File [D:/Repositories/Homeworke/Homeworke/Saved/Config/Windows/Scalability.ini]
[2023.09.25-02.16.38:275][  0]LogConfig: Setting CVar [[r.Streaming.MipBias:0]]
[2023.09.25-02.16.38:275][  0]LogConfig: Setting CVar [[r.Streaming.AmortizeCPUToGPUCopy:0]]
[2023.09.25-02.16.38:275][  0]LogConfig: Setting CVar [[r.Streaming.MaxNumTexturesToStreamPerFrame:0]]
[2023.09.25-02.16.38:275][  0]LogConfig: Setting CVar [[r.Streaming.Boost:1]]
[2023.09.25-02.16.38:275][  0]LogConfig: Setting CVar [[r.MaxAnisotropy:8]]
[2023.09.25-02.16.38:275][  0]LogConfig: Setting CVar [[r.VT.MaxAnisotropy:8]]
[2023.09.25-02.16.38:275][  0]LogConfig: Setting CVar [[r.Streaming.LimitPoolSizeToVRAM:0]]
[2023.09.25-02.16.38:275][  0]LogConfig: Setting CVar [[r.Streaming.PoolSize:1000]]
[2023.09.25-02.16.38:275][  0]LogConfig: Setting CVar [[r.Streaming.MaxEffectiveScreenSize:0]]
[2023.09.25-02.16.38:275][  0]LogConfig: Applying CVar settings from Section [EffectsQuality@3] File [D:/Repositories/Homeworke/Homeworke/Saved/Config/Windows/Scalability.ini]
[2023.09.25-02.16.38:275][  0]LogConfig: Setting CVar [[r.TranslucencyLightingVolumeDim:64]]
[2023.09.25-02.16.38:275][  0]LogConfig: Setting CVar [[r.RefractionQuality:2]]
[2023.09.25-02.16.38:275][  0]LogConfig: Setting CVar [[r.SSR.Quality:3]]
[2023.09.25-02.16.38:275][  0]LogConfig: Setting CVar [[r.SSR.HalfResSceneColor:0]]
[2023.09.25-02.16.38:275][  0]LogConfig: Setting CVar [[r.SceneColorFormat:4]]
[2023.09.25-02.16.38:275][  0]LogConfig: Setting CVar [[r.DetailMode:2]]
[2023.09.25-02.16.38:275][  0]LogConfig: Setting CVar [[r.TranslucencyVolumeBlur:1]]
[2023.09.25-02.16.38:275][  0]LogConfig: Setting CVar [[r.MaterialQualityLevel:1 ; High quality]]
[2023.09.25-02.16.38:275][  0]LogConfig: Setting CVar [[r.AnisotropicMaterials:1]]
[2023.09.25-02.16.38:275][  0]LogConfig: Setting CVar [[r.SSS.Scale:1]]
[2023.09.25-02.16.38:275][  0]LogConfig: Setting CVar [[r.SSS.SampleSet:2]]
[2023.09.25-02.16.38:275][  0]LogConfig: Setting CVar [[r.SSS.Quality:1]]
[2023.09.25-02.16.38:275][  0]LogConfig: Setting CVar [[r.SSS.HalfRes:0]]
[2023.09.25-02.16.38:275][  0]LogConfig: Setting CVar [[r.SSGI.Quality:3]]
[2023.09.25-02.16.38:275][  0]LogConfig: Setting CVar [[r.EmitterSpawnRateScale:1.0]]
[2023.09.25-02.16.38:275][  0]LogConfig: Setting CVar [[r.ParticleLightQuality:2]]
[2023.09.25-02.16.38:275][  0]LogConfig: Setting CVar [[r.SkyAtmosphere.AerialPerspectiveLUT.FastApplyOnOpaque:1 ; Always have FastSkyLUT 1 in this case to avoid wrong sky]]
[2023.09.25-02.16.38:276][  0]LogConfig: Setting CVar [[r.SkyAtmosphere.AerialPerspectiveLUT.SampleCountMaxPerSlice:4]]
[2023.09.25-02.16.38:276][  0]LogConfig: Setting CVar [[r.SkyAtmosphere.AerialPerspectiveLUT.DepthResolution:16.0]]
[2023.09.25-02.16.38:276][  0]LogConfig: Setting CVar [[r.SkyAtmosphere.FastSkyLUT:1]]
[2023.09.25-02.16.38:276][  0]LogConfig: Setting CVar [[r.SkyAtmosphere.FastSkyLUT.SampleCountMin:4.0]]
[2023.09.25-02.16.38:276][  0]LogConfig: Setting CVar [[r.SkyAtmosphere.FastSkyLUT.SampleCountMax:128.0]]
[2023.09.25-02.16.38:276][  0]LogConfig: Setting CVar [[r.SkyAtmosphere.SampleCountMin:4.0]]
[2023.09.25-02.16.38:276][  0]LogConfig: Setting CVar [[r.SkyAtmosphere.SampleCountMax:128.0]]
[2023.09.25-02.16.38:276][  0]LogConfig: Setting CVar [[r.SkyAtmosphere.TransmittanceLUT.UseSmallFormat:0]]
[2023.09.25-02.16.38:276][  0]LogConfig: Setting CVar [[r.SkyAtmosphere.TransmittanceLUT.SampleCount:10.0]]
[2023.09.25-02.16.38:276][  0]LogConfig: Setting CVar [[r.SkyAtmosphere.MultiScatteringLUT.SampleCount:15.0]]
[2023.09.25-02.16.38:276][  0]LogConfig: Setting CVar [[r.SkyLight.RealTimeReflectionCapture:1]]
[2023.09.25-02.16.38:276][  0]LogConfig: Applying CVar settings from Section [FoliageQuality@3] File [D:/Repositories/Homeworke/Homeworke/Saved/Config/Windows/Scalability.ini]
[2023.09.25-02.16.38:276][  0]LogConfig: Setting CVar [[foliage.DensityScale:1.0]]
[2023.09.25-02.16.38:276][  0]LogConfig: Setting CVar [[grass.DensityScale:1.0]]
[2023.09.25-02.16.38:276][  0]LogConfig: Applying CVar settings from Section [ShadingQuality@3] File [D:/Repositories/Homeworke/Homeworke/Saved/Config/Windows/Scalability.ini]
[2023.09.25-02.16.38:276][  0]LogConfig: Setting CVar [[r.HairStrands.SkyLighting.IntegrationType:2]]
[2023.09.25-02.16.38:276][  0]LogConfig: Setting CVar [[r.HairStrands.SkyAO.SampleCount:4]]
[2023.09.25-02.16.38:276][  0]LogConfig: Setting CVar [[r.HairStrands.Visibility.MSAA.SamplePerPixel:4]]
[2023.09.25-02.16.38:276][  0]LogConfig: Applying CVar settings from Section [Startup] File [../../../Engine/Config/ConsoleVariables.ini]
[2023.09.25-02.16.38:295][  0]LogConfig: Setting CVar [[net.UseAdaptiveNetUpdateFrequency:0]]
[2023.09.25-02.16.38:295][  0]LogConfig: Setting CVar [[p.chaos.AllowCreatePhysxBodies:1]]
[2023.09.25-02.16.38:295][  0]LogConfig: Setting CVar [[fx.SkipVectorVMBackendOptimizations:1]]
[2023.09.25-02.16.38:295][  0]LogConfig: Applying CVar settings from Section [ConsoleVariables] File [D:/Repositories/Homeworke/Homeworke/Saved/Config/Windows/Engine.ini]
[2023.09.25-02.16.38:295][  0]LogConfig: Applying CVar settings from Section [ConsoleVariables] File [D:/Repositories/Homeworke/Homeworke/Saved/Config/Windows/Editor.ini]
[2023.09.25-02.16.38:295][  0]LogInit: Computer: LAPTOP-PKSP89UI
[2023.09.25-02.16.38:295][  0]LogInit: User: darya
[2023.09.25-02.16.38:295][  0]LogInit: CPU Page size=4096, Cores=4
[2023.09.25-02.16.38:295][  0]LogInit: High frequency timer resolution =10.000000 MHz
[2023.09.25-02.16.38:295][  0]LogMemory: Memory total: Physical=7.7GB (8GB approx)
[2023.09.25-02.16.38:295][  0]LogMemory: Platform Memory Stats for Windows
[2023.09.25-02.16.38:295][  0]LogMemory: Process Physical Memory: 142.40 MB used, 142.40 MB peak
[2023.09.25-02.16.38:295][  0]LogMemory: Process Virtual Memory: 136.42 MB used, 136.42 MB peak
[2023.09.25-02.16.38:295][  0]LogMemory: Physical Memory: 5544.52 MB used,  2388.25 MB free, 7932.77 MB total
[2023.09.25-02.16.38:295][  0]LogMemory: Virtual Memory: 134215544.00 MB used,  2185.53 MB free, 134217728.00 MB total
[2023.09.25-02.16.38:306][  0]LogWindows: WindowsPlatformFeatures enabled
[2023.09.25-02.16.40:302][  0]LogInit: Physics initialised using underlying interface: PhysX
[2023.09.25-02.16.40:449][  0]LogDirectoryWatcher: Display: Failed initialise directory notification handle for 'D:/Repositories/Homeworke/Homeworke/Content/', and we were unable to create a new request. GetLastError code [2]
[2023.09.25-02.16.40:449][  0]LogDirectoryWatcher: Warning: Failed to begin reading directory changes for ../../../../../../Repositories/Homeworke/Homeworke/Content/. Error: Операция успешно завершена. (0x00000000)
[2023.09.25-02.16.40:449][  0]LogInit: Using OS detected language (ru-RU).
[2023.09.25-02.16.40:449][  0]LogInit: Using OS detected locale (ru-RU).
[2023.09.25-02.16.40:452][  0]LogTextLocalizationManager: No specific localization for 'ru-RU' exists, so the 'ru' localization will be used.
[2023.09.25-02.16.40:452][  0]LogTextLocalizationResource: LocRes '../../../Engine/Content/Localization/Editor/ru/Editor.locres' could not be opened for reading!
[2023.09.25-02.16.40:452][  0]LogTextLocalizationResource: LocRes '../../../Engine/Content/Localization/EditorTutorials/ru/EditorTutorials.locres' could not be opened for reading!
[2023.09.25-02.16.40:452][  0]LogTextLocalizationResource: LocRes '../../../Engine/Content/Localization/Keywords/ru/Keywords.locres' could not be opened for reading!
[2023.09.25-02.16.40:452][  0]LogTextLocalizationResource: LocRes '../../../Engine/Content/Localization/Category/ru/Category.locres' could not be opened for reading!
[2023.09.25-02.16.40:452][  0]LogTextLocalizationResource: LocRes '../../../Engine/Content/Localization/ToolTips/ru/ToolTips.locres' could not be opened for reading!
[2023.09.25-02.16.40:452][  0]LogTextLocalizationResource: LocRes '../../../Engine/Content/Localization/PropertyNames/ru/PropertyNames.locres' could not be opened for reading!
[2023.09.25-02.16.40:453][  0]LogTextLocalizationResource: LocRes '../../../Engine/Content/Localization/Engine/ru/Engine.locres' could not be opened for reading!
[2023.09.25-02.16.40:845][  0]LogInit: Setting process to per monitor DPI aware
[2023.09.25-02.16.40:927][  0]LogWindowsTextInputMethodSystem: Display: IME system deactivated.
[2023.09.25-02.16.41:439][  0]LogSlate: New Slate User Created.  User Index 0, Is Virtual User: 0
[2023.09.25-02.16.41:439][  0]LogSlate: Slate User Registered.  User Index 0, Is Virtual User: 0
[2023.09.25-02.16.44:727][  0]LogD3D11RHI: Loaded GFSDK_Aftermath_Lib.x64.dll
[2023.09.25-02.16.44:735][  0]LogHMD: Failed to initialize OpenVR with code 110
[2023.09.25-02.16.44:735][  0]LogD3D11RHI: D3D11 min allowed feature level: 11_0
[2023.09.25-02.16.44:735][  0]LogD3D11RHI: D3D11 max allowed feature level: 11_0
[2023.09.25-02.16.44:735][  0]LogD3D11RHI: D3D11 adapters:
[2023.09.25-02.16.44:824][  0]LogD3D11RHI:    0. 'Intel(R) UHD Graphics' (Feature Level 11_0)
[2023.09.25-02.16.44:824][  0]LogD3D11RHI:       128/0/3966 MB DedicatedVideo/DedicatedSystem/SharedSystem, Outputs:1, VendorId:0x8086
[2023.09.25-02.16.44:826][  0]LogD3D11RHI:    1. 'Microsoft Basic Render Driver' (Feature Level 11_0)
[2023.09.25-02.16.44:826][  0]LogD3D11RHI:       0/0/3966 MB DedicatedVideo/DedicatedSystem/SharedSystem, Outputs:0, VendorId:0x1414
[2023.09.25-02.16.44:826][  0]LogD3D11RHI: Chosen D3D11 Adapter:
[2023.09.25-02.16.44:826][  0]LogD3D11RHI:     Description : Intel(R) UHD Graphics
[2023.09.25-02.16.44:826][  0]LogD3D11RHI:     VendorId    : 8086
[2023.09.25-02.16.44:826][  0]LogD3D11RHI:     DeviceId    : 8a56
[2023.09.25-02.16.44:826][  0]LogD3D11RHI:     SubSysId    : 14e21043
[2023.09.25-02.16.44:826][  0]LogD3D11RHI:     Revision    : 0007
[2023.09.25-02.16.44:827][  0]LogD3D11RHI:     DedicatedVideoMemory : 134217728 bytes
[2023.09.25-02.16.44:827][  0]LogD3D11RHI:     DedicatedSystemMemory : 0 bytes
[2023.09.25-02.16.44:827][  0]LogD3D11RHI:     SharedSystemMemory : 4159057920 bytes
[2023.09.25-02.16.44:827][  0]LogD3D11RHI:     AdapterLuid : 0 70146
[2023.09.25-02.16.44:832][  0]LogD3D11RHI: Creating new Direct3DDevice
[2023.09.25-02.16.44:832][  0]LogD3D11RHI:     GPU DeviceId: 0x8a56 (for the marketing name, search the web for "GPU Device Id")
[2023.09.25-02.16.44:832][  0]LogWindows: EnumDisplayDevices:
[2023.09.25-02.16.44:832][  0]LogWindows:    0. 'Intel(R) UHD Graphics' (P:1 D:1)
[2023.09.25-02.16.44:832][  0]LogWindows:    1. 'Intel(R) UHD Graphics' (P:0 D:0)
[2023.09.25-02.16.44:832][  0]LogWindows:    2. 'Intel(R) UHD Graphics' (P:0 D:0)
[2023.09.25-02.16.44:833][  0]LogWindows: DebugString: FoundDriverCount:3 
[2023.09.25-02.16.44:833][  0]LogD3D11RHI:     Adapter Name: Intel(R) UHD Graphics
[2023.09.25-02.16.44:833][  0]LogD3D11RHI:   Driver Version: 30.0.100.9864 (internal:30.0.100.9864, unified:30.0.100.9864)
[2023.09.25-02.16.44:833][  0]LogD3D11RHI:      Driver Date: 8-20-2021
[2023.09.25-02.16.44:833][  0]LogRHI: Texture pool is 1477 MB (70% of 2111 MB)
[2023.09.25-02.16.44:887][  0]LogD3D11RHI: Creating D3DDevice using adapter:
[2023.09.25-02.16.44:887][  0]LogD3D11RHI:     Description : Intel(R) UHD Graphics
[2023.09.25-02.16.44:887][  0]LogD3D11RHI:     VendorId    : 8086
[2023.09.25-02.16.44:887][  0]LogD3D11RHI:     DeviceId    : 8a56
[2023.09.25-02.16.44:887][  0]LogD3D11RHI:     SubSysId    : 14e21043
[2023.09.25-02.16.44:887][  0]LogD3D11RHI:     Revision    : 0007
[2023.09.25-02.16.44:887][  0]LogD3D11RHI:     DedicatedVideoMemory : 134217728 bytes
[2023.09.25-02.16.44:887][  0]LogD3D11RHI:     DedicatedSystemMemory : 0 bytes
[2023.09.25-02.16.44:887][  0]LogD3D11RHI:     SharedSystemMemory : 4159057920 bytes
[2023.09.25-02.16.44:887][  0]LogD3D11RHI:     AdapterLuid : 0 70146
[2023.09.25-02.16.44:938][  0]LogD3D11RHI: RHI does not have support for 64 bit atomics
[2023.09.25-02.16.44:957][  0]LogD3D11RHI: Intel Extensions support version Full=16777216, Major=1, Minor=0, Revision=0
[2023.09.25-02.16.44:957][  0]LogD3D11RHI: Intel Extensions support version Full=16777217, Major=1, Minor=0, Revision=1
[2023.09.25-02.16.44:958][  0]LogD3D11RHI: Intel Extensions Framework enabled
[2023.09.25-02.16.44:958][  0]LogD3D11RHI: [IntelMetricsDiscovery] Started
[2023.09.25-02.16.44:958][  0]LogD3D11RHI: Async texture creation enabled
[2023.09.25-02.16.44:958][  0]LogD3D11RHI: Array index from any shader is supported
[2023.09.25-02.16.44:964][  0]LogD3D11RHI: GPU Timing Frequency: 19.200000 (Debug: 2 0)
[2023.09.25-02.16.45:335][  0]LogTargetPlatformManager: Display: Loaded TargetPlatform 'AllDesktop'
[2023.09.25-02.16.45:355][  0]LogTargetPlatformManager: Display: Loaded TargetPlatform 'Android'
[2023.09.25-02.16.45:355][  0]LogTargetPlatformManager: Display: Loaded TargetPlatform 'Android_ASTC'
[2023.09.25-02.16.45:355][  0]LogTargetPlatformManager: Display: Loaded TargetPlatform 'Android_DXT'
[2023.09.25-02.16.45:355][  0]LogTargetPlatformManager: Display: Loaded TargetPlatform 'Android_ETC2'
[2023.09.25-02.16.45:355][  0]LogTargetPlatformManager: Display: Loaded TargetPlatform 'AndroidClient'
[2023.09.25-02.16.45:355][  0]LogTargetPlatformManager: Display: Loaded TargetPlatform 'Android_ASTCClient'
[2023.09.25-02.16.45:355][  0]LogTargetPlatformManager: Display: Loaded TargetPlatform 'Android_DXTClient'
[2023.09.25-02.16.45:355][  0]LogTargetPlatformManager: Display: Loaded TargetPlatform 'Android_ETC2Client'
[2023.09.25-02.16.45:355][  0]LogTargetPlatformManager: Display: Loaded TargetPlatform 'Android_Multi'
[2023.09.25-02.16.45:355][  0]LogTargetPlatformManager: Display: Loaded TargetPlatform 'Android_MultiClient'
[2023.09.25-02.16.45:376][  0]LogTargetPlatformManager: Display: Loaded TargetPlatform 'IOSClient'
[2023.09.25-02.16.45:376][  0]LogTargetPlatformManager: Display: Loaded TargetPlatform 'IOS'
[2023.09.25-02.16.45:388][  0]LogTargetPlatformManager: Display: Loaded TargetPlatform 'Linux'
[2023.09.25-02.16.45:395][  0]LogTargetPlatformManager: Display: Loaded TargetPlatform 'LinuxNoEditor'
[2023.09.25-02.16.45:403][  0]LogTargetPlatformManager: Display: Loaded TargetPlatform 'LinuxClient'
[2023.09.25-02.16.45:410][  0]LogTargetPlatformManager: Display: Loaded TargetPlatform 'LinuxServer'
[2023.09.25-02.16.45:422][  0]LogTargetPlatformManager: Display: Loaded TargetPlatform 'LinuxAArch64NoEditor'
[2023.09.25-02.16.45:425][  0]LogTargetPlatformManager: Display: Loaded TargetPlatform 'LinuxAArch64Client'
[2023.09.25-02.16.45:431][  0]LogTargetPlatformManager: Display: Loaded TargetPlatform 'LinuxAArch64Server'
[2023.09.25-02.16.45:451][  0]LogTargetPlatformManager: Display: Loaded TargetPlatform 'Lumin'
[2023.09.25-02.16.45:451][  0]LogTargetPlatformManager: Display: Loaded TargetPlatform 'LuminClient'
[2023.09.25-02.16.45:460][  0]LogTargetPlatformManager: Display: Loaded TargetPlatform 'MacNoEditor'
[2023.09.25-02.16.45:465][  0]LogTargetPlatformManager: Display: Loaded TargetPlatform 'Mac'
[2023.09.25-02.16.45:470][  0]LogTargetPlatformManager: Display: Loaded TargetPlatform 'MacClient'
[2023.09.25-02.16.45:475][  0]LogTargetPlatformManager: Display: Loaded TargetPlatform 'MacServer'
[2023.09.25-02.16.45:486][  0]LogTargetPlatformManager: Display: Loaded TargetPlatform 'TVOSClient'
[2023.09.25-02.16.45:486][  0]LogTargetPlatformManager: Display: Loaded TargetPlatform 'TVOS'
[2023.09.25-02.16.45:499][  0]LogTargetPlatformManager: Display: Loaded TargetPlatform 'WindowsNoEditor'
[2023.09.25-02.16.45:506][  0]LogTargetPlatformManager: Display: Loaded TargetPlatform 'Windows'
[2023.09.25-02.16.45:513][  0]LogTargetPlatformManager: Display: Loaded TargetPlatform 'WindowsClient'
[2023.09.25-02.16.45:520][  0]LogTargetPlatformManager: Display: Loaded TargetPlatform 'WindowsServer'
[2023.09.25-02.16.45:520][  0]LogTargetPlatformManager: Display: Building Assets For Windows
[2023.09.25-02.16.45:532][  0]LogAudioDebug: Display: Lib vorbis DLL was dynamically loaded.
[2023.09.25-02.16.45:573][  0]LogTextureFormatOodle: Display: Oodle Texture 2.9.0 init RDO Off
[2023.09.25-02.16.45:613][  0]LogRendererCore: Ray tracing is disabled. Reason: r.RayTracing=0.
[2023.09.25-02.16.45:613][  0]LogShaderCompilers: Guid format shader working directory is -5 characters bigger than the processId version (../../../../../../Repositories/Homeworke/Homeworke/Intermediate/Shaders/WorkingDirectory/11724/).
[2023.09.25-02.16.45:613][  0]LogShaderCompilers: Cleaned the shader compiler working directory 'C:/Users/darya/AppData/Local/Temp/UnrealShaderWorkingDir/9BB7E95041A2CDCE4CE62285F7AC4AFD/'.
[2023.09.25-02.16.45:613][  0]LogXGEController: Cannot use XGE Controller as Incredibuild is not installed on this machine.
[2023.09.25-02.16.45:613][  0]LogShaderCompilers: Cannot use XGE Shader Compiler as Incredibuild is not installed on this machine.
[2023.09.25-02.16.45:613][  0]LogShaderCompilers: Display: Using Local Shader Compiler.
[2023.09.25-02.16.46:515][  0]LogDerivedDataCache: Display: Max Cache Size: 512 MB
[2023.09.25-02.16.46:576][  0]LogDerivedDataCache: Loaded boot cache 0.06s 94MB C:/Users/darya/AppData/Local/UnrealEngine/4.27/DerivedDataCache/Boot.ddc.
[2023.09.25-02.16.46:576][  0]LogDerivedDataCache: Display: Loaded Boot cache: C:/Users/darya/AppData/Local/UnrealEngine/4.27/DerivedDataCache/Boot.ddc
[2023.09.25-02.16.46:576][  0]LogDerivedDataCache: FDerivedDataBackendGraph:  Pak pak cache file ../../../../../../Repositories/Homeworke/Homeworke/DerivedDataCache/DDC.ddp not found, will not use a pak cache.
[2023.09.25-02.16.46:576][  0]LogDerivedDataCache: Unable to find inner node Pak for hierarchical cache Hierarchy.
[2023.09.25-02.16.46:577][  0]LogDerivedDataCache: FDerivedDataBackendGraph:  CompressedPak pak cache file ../../../../../../Repositories/Homeworke/Homeworke/DerivedDataCache/Compressed.ddp not found, will not use a pak cache.
[2023.09.25-02.16.46:577][  0]LogDerivedDataCache: Unable to find inner node CompressedPak for hierarchical cache Hierarchy.
[2023.09.25-02.16.46:602][  0]LogDerivedDataCache: Display: Pak cache opened for reading ../../../Engine/DerivedDataCache/Compressed.ddp.
[2023.09.25-02.16.46:602][  0]LogDerivedDataCache: FDerivedDataBackendGraph:  EnterprisePak pak cache file ../../../Enterprise/DerivedDataCache/Compressed.ddp not found, will not use a pak cache.
[2023.09.25-02.16.46:602][  0]LogDerivedDataCache: Unable to find inner node EnterprisePak for hierarchical cache Hierarchy.
[2023.09.25-02.16.46:610][  0]LogDerivedDataCache: Speed tests for C:/Users/darya/AppData/Local/UnrealEngine/Common/DerivedDataCache took 0.01 seconds
[2023.09.25-02.16.46:610][  0]LogDerivedDataCache: Display: Performance to C:/Users/darya/AppData/Local/UnrealEngine/Common/DerivedDataCache: Latency=0.03ms. RandomReadSpeed=1411.40MBs, RandomWriteSpeed=131.91MBs. Assigned SpeedClass 'Local'
[2023.09.25-02.16.46:613][  0]LogDerivedDataCache: Using Local data cache path C:/Users/darya/AppData/Local/UnrealEngine/Common/DerivedDataCache: Writable
[2023.09.25-02.16.46:613][  0]LogDerivedDataCache: Shared data cache path not found in *engine.ini, will not use an Shared cache.
[2023.09.25-02.16.46:613][  0]LogDerivedDataCache: Unable to find inner node Shared for hierarchical cache Hierarchy.
[2023.09.25-02.16.46:670][  0]LogSlate: Using FreeType 2.10.0
[2023.09.25-02.16.46:670][  0]LogSlate: SlateFontServices - WITH_FREETYPE: 1, WITH_HARFBUZZ: 1
[2023.09.25-02.16.46:695][  0]LogAssetRegistry: FAssetRegistry took 0.0030 seconds to start up
[2023.09.25-02.16.46:968][  0]LogAssetRegistry: Error: Failed to open file for write ../../../../../../Repositories/Homeworke/Homeworke/Intermediate/CachedAssetRegistry.bin.tmp
[2023.09.25-02.16.46:968][  0]LogInit: Selected Device Profile: [Windows]
[2023.09.25-02.16.46:968][  0]LogInit: Active device profile: [000001BAD466F600][000001BAD228C940 49] Windows
[2023.09.25-02.16.46:968][  0]LogInit: Profiles: [000001BAD466F600][000001BAD228C940 49] Windows, [000001BAD4630C00][000001BAD3588AC0 49] WindowsNoEditor, [000001BAD466CC00][000001BAD358CC40 49] WindowsServer, [000001BAD4632D00][000001BAD3590DC0 49] WindowsClient, [000001BAD466EC00][000001BAD3594F40 49] IOS, [000001BAD4631600][000001BAD35990C0 49] iPadAir, [000001BAD466D500][000001BAD359D240 49] iPadAir2, [000001BAD45D7B00][000001BAD35A5500 49] IPadPro, [000001BAD45D7C00][000001BAD35A1540 49] iPadAir3, [000001BAD466E500][000001BAD35A96C0 49] iPadAir4, [000001BAD45D5100][000001BAD35AD840 49] iPadMini2, [000001BAD466F700][000001BAD35B19C0 49] iPadMini3, [000001BAD45D6700][000001BAC58F9B40 49] iPadMini4, [000001BAD466C200][000001BAC58FC140 49] iPadMini5, [000001BAD461F400][000001BAC5904400 49] iPhone6, [000001BAD461F500][000001BAC5900440 49] iPodTouch6, [000001BAD45D4200][000001BAC590C700 49] iPhone7, [000001BAD45D4100][000001BAC5908740 49] iPodTouch7, [000001BAD461D000][000001BAD3584880 49] iPhone5S, [000001BAD45D4B00][000001BAC59109C0 49] iPhone6Plus, [000001BAD461E800][000001BAC5914B00 49] iPhone6S, [000001BAD45D7800][000001BAC591CC80 49] iPhone6SPlus, [000001BAD461D900][000001BAC5920E00 49] iPhone7Plus, [000001BAD45D6100][000001BAD35B4F80 49] iPhoneSE, [000001BAD461C900][000001BAD35B9100 49] iPhone8, [000001BAD45D4E00][000001BAD35BD280 49] iPhone8Plus, [000001BAD461F100][000001BAD35C1400 49] iPhoneX, [000001BAD45D6200][000001BAD35C5580 49] iPhoneXS, [000001BAD461C200][000001BAD35C9700 49] iPhoneXSMax, [000001BAD45D4600][000001BAD35CD880 49] iPhoneXR, [000001BAD461C800][000001BAD35D1A00 49] iPhone11, [000001BAD45D5500][000001BAD35D5B80 49] iPhone11Pro, [000001BAD461CA00][000001BAD35D8180 49] iPhone11ProMax, [000001BAD45D6C00][000001BAD35DC300 49] iPhoneSE2, [000001BAD461F600][000001BAD35E0480 49] iPhone12Mini, [000001BAD45D7500][000001BAD35E4600 49] iPhone12, [000001BAD461EC00][000001BAD35E8780 49] iPhone12Pro, [000001BAD45D7A00][000001BAD35EC900 49] iPhone12ProMax, [000001BAD461CD00][000001BAC5918A40 49] iPadPro105, [000001BAD45D6A00][000001BAD35F0B80 49] iPadPro129, [000001BAD461DD00][000001BAD35F4CC0 49] iPadPro97, [000001BAD45D4F00][000001BAD35FCE40 49] iPadPro2_129, [000001BAD461E100][000001BAD3600FC0 49] iPad5, [000001BAD45D4D00][000001BAD3605140 49] iPad6, [000001BAD461F000][000001BAD36092C0 49] iPad7, [000001BAD45D7700][000001BAD360D440 49] iPad8, [000001BAD461D400][000001BAD36115C0 49] iPadPro11, [000001BAD45D7D00][000001BAD3615740 49] iPadPro2_11, [000001BAD461CE00][000001BAD36198C0 49] iPadPro3_129, [000001BAD45D6900][000001BAD361DA40 49] iPadPro4_129, [000001BAD461C600][000001BAD3621BC0 49] AppleTV, [000001BAD45D7300][000001BAD36241C0 49] AppleTV4K, [000001BAD461FB00][000001BAD3628340 49] TVOS, [000001BAD45D6400][000001BAD362C4C0 49] Mac, [000001BAD461F700][000001BAD3630640 49] MacClient, [000001BAD45D5B00][000001BAD36347C0 49] MacNoEditor, [000001BAD461DE00][000001BAD3638940 49] MacServer, [000001BAD45D7100][000001BAD363CAC0 49] Linux, [000001BAD461F300][000001BAD35F8C00 49] LinuxAArch64, [000001BAD45D5F00][000001BAD3640D40 49] LinuxNoEditor, [000001BAD4632800][000001BAD3644E80 49] LinuxAArch64NoEditor, [000001BAD36B4F00][000001BAD364CFC0 49] LinuxClient, [000001BAD4633F00][000001BAD47B5140 49] LinuxAArch64Client, [000001BAD36B5B00][000001BAD069D2C0 49] LinuxServer, [000001BAD4630E00][000001BAD06A1440 49] LinuxAArch64Server, [000001BAD36B4600][000001BAD06A55C0 49] Android, [000001BAD4632F00][000001BAD06A9740 49] Android_Low, [000001BAD36B5500][000001BAD06AD8C0 49] Android_Mid, [000001BAD4633900][000001BAD4A83A40 49] Android_High, [000001BAD36B4800][000001BAD4A87BC0 49] Android_Default, [000001BAD4633D00][000001BAD4A8A1C0 49] Android_Adreno4xx, [000001BAD36B4700][000001BAD4A8E340 49] Android_Adreno5xx_Low, [000001BAD4632700][000001BAD4A924C0 49] Android_Adreno5xx, [000001BAD36B5200][000001BAD4A96640 49] Android_Adreno6xx, [000001BAD4630A00][000001BAD4A9A7C0 49] Android_Adreno6xx_Vulkan, [000001BAD36B5000][000001BAD4A9E940 49] Android_Mali_T6xx, [000001BAD4632C00][000001BAD4AA2AC0 49] Android_Mali_T7xx, [000001BAD36B5700][000001BAD4AA6C40 49] Android_Mali_T8xx, [000001BAD4632B00][000001BAD47B0D80 49] Android_Mali_G71, [000001BAD36B6100][000001BAD4AAAEC0 49] Android_Mali_G72, [000001BAD4632200][000001BAD20F1000 49] Android_Mali_G72_Vulkan, [000001BAD36B6400][000001BAD20F5140 49] Android_Mali_G76, [000001BAD45D5400][000001BAD20FD2C0 49] Android_Mali_G76_Vulkan, [000001BAD461E200][000001BAD2101440 49] Android_Mali_G77, [000001BAD45D5200][000001BAD21055C0 49] Android_Mali_G77_Vulkan, [000001BAD461C700][000001BAD2109740 49] Android_Mali_G78, [000001BAD45D7200][000001BAD210D8C0 49] Android_Mali_G78_Vulkan, [000001BAD36B5100][000001BAD2111A40 49] Android_Mali_G710, [000001BAD45D6800][000001BAD2115BC0 49] Android_Mali_G710_Vulkan, [000001BAD36B4500][000001BAD21181C0 49] Android_Vulkan_SM5, [000001BAD45D4500][000001BAD211C340 49] Android_PowerVR_G6xxx, [000001BAD36B4900][000001BAD21204C0 49] Android_PowerVR_GT7xxx, [000001BAD45D4C00][000001BAD2124640 49] Android_PowerVR_GE8xxx, [000001BAD36B5400][000001BAD21287C0 49] Android_PowerVR_GM9xxx, [000001BAD45D6300][000001BAD212C940 49] Android_PowerVR_GM9xxx_Vulkan, [000001BAD36B6800][000001BAD2130AC0 49] Android_TegraK1, [000001BAD45D5A00][000001BAD2134C40 49] Android_Unknown_Vulkan, [000001BAD36B6700][000001BAD2138DC0 49] Lumin, [000001BAD45D7000][000001BAD213CF40 49] Lumin_Desktop, [000001BAD36B4A00][000001BAD20F9080 49] HoloLens, 
[2023.09.25-02.16.47:112][  0]LogMeshReduction: Using QuadricMeshReduction for automatic static mesh reduction
[2023.09.25-02.16.47:112][  0]LogMeshReduction: Using SimplygonMeshReduction for automatic skeletal mesh reduction
[2023.09.25-02.16.47:112][  0]LogMeshReduction: Using ProxyLODMeshReduction for automatic mesh merging
[2023.09.25-02.16.47:112][  0]LogMeshReduction: No distributed automatic mesh merging module available
[2023.09.25-02.16.47:112][  0]LogMeshMerging: No distributed automatic mesh merging module available
[2023.09.25-02.16.47:129][  0]LogNetVersion: Homeworke 1.0.0, NetCL: 17155196, EngineNetVer: 17, GameNetVer: 0 (Checksum: 1356885167)
[2023.09.25-02.16.47:635][  0]LogTexture: Default maximum texture size for cubemaps generated from long-lat sources has been changed from 512 to unlimited. In order to preserve old behaiour for '/Engine/MapTemplates/Sky/DaylightAmbientCubemap.DaylightAmbientCubemap', its maximum texture size has been explicitly set to 512.
[2023.09.25-02.16.47:695][  0]LogHMD: PokeAHoleMaterial loaded successfully
[2023.09.25-02.16.47:701][  0]LogUObjectArray: 17178 objects as part of root set at end of initial load.
[2023.09.25-02.16.47:701][  0]LogUObjectAllocator: 4302048 out of 0 bytes used by permanent object pool.
[2023.09.25-02.16.47:701][  0]LogUObjectArray: CloseDisregardForGC: 0/0 objects in disregard for GC pool
[2023.09.25-02.16.48:056][  0]LogPython: Using Python 3.7.7
[2023.09.25-02.16.48:782][  0]LogNiagaraDebuggerClient: Niagara Debugger Client Initialized | Session: CDFE4C9D4759F8EFEB8BFAAEF4D38CA3 | Instance: 54481BB3468A5BC16881B28317A3B90B (LAPTOP-PKSP89UI-11724).
[2023.09.25-02.16.48:924][  0]LogTcpMessaging: Initializing TcpMessaging bridge
[2023.09.25-02.16.48:927][  0]LogUdpMessaging: Initializing bridge on interface 0.0.0.0:0 to multicast group 230.0.0.1:6666.
[2023.09.25-02.16.49:118][  0]SourceControl: Source control is disabled
[2023.09.25-02.16.49:118][  0]SourceControl: Source control is disabled
[2023.09.25-02.16.49:126][  0]SourceControl: Source control is disabled
[2023.09.25-02.16.49:130][  0]SourceControl: Source control is disabled
[2023.09.25-02.16.49:141][  0]SourceControl: Source control is disabled
[2023.09.25-02.16.49:151][  0]LogUProjectInfo: Found projects:
[2023.09.25-02.16.49:162][  0]LogVSAccessor: Display: Unable to create Visual Studio setup instance: 80040154
[2023.09.25-02.16.49:163][  0]LogVSAccessor: Display: Unable to create Visual Studio setup instance: 80040154
[2023.09.25-02.16.49:163][  0]LogVSAccessor: Display: Unable to create Visual Studio setup instance: 80040154
[2023.09.25-02.16.49:347][  0]LogOpenImageDenoise: OIDN starting up
[2023.09.25-02.16.49:405][  0]LogAndroidPermission: UAndroidPermissionCallbackProxy::GetInstance
[2023.09.25-02.16.49:424][  0]LogAudioCaptureCore: Display: No Audio Capture implementations found. Audio input will be silent.
[2023.09.25-02.16.49:424][  0]LogAudioCaptureCore: Display: No Audio Capture implementations found. Audio input will be silent.
[2023.09.25-02.16.49:591][  0]LogCollectionManager: Loaded 0 collections in 0.001610 seconds
[2023.09.25-02.16.49:621][  0]LogFileCache: Scanning file cache for directory 'D:/Repositories/Homeworke/Homeworke/Saved/Collections/' took 0.00s
[2023.09.25-02.16.49:621][  0]LogFileCache: Scanning file cache for directory 'D:/Repositories/Homeworke/Homeworke/Content/Developers/darya/Collections/' took 0.00s
[2023.09.25-02.16.49:621][  0]LogFileCache: Scanning file cache for directory 'D:/Repositories/Homeworke/Homeworke/Content/Collections/' took 0.00s
[2023.09.25-02.16.49:621][  0]LogOcInput: OculusInput pre-init called
[2023.09.25-02.16.50:006][  0]LogEngine: Initializing Engine...
[2023.09.25-02.16.50:402][  0]LogHMD: Failed to enumerate extensions. Please check that you have a valid OpenXR runtime installed.
[2023.09.25-02.16.50:403][  0]LogHMD: Failed to initialize OpenVR with code 110
[2023.09.25-02.16.50:418][  0]LogMagicLeap: Warning: VR disabled because ZI is not enabled.  To enable, in the editor, Edit -> Project Settings -> Plugins -> Magic Leap Plugin -> Enable Zero Iteration
[2023.09.25-02.16.50:420][  0]LogStats: UGameplayTagsManager::InitializeManager -  0.001 s
[2023.09.25-02.16.50:584][  0]LogInit: Initializing FReadOnlyCVARCache
[2023.09.25-02.16.50:597][  0]LogAIModule: Creating AISystem for world Untitled
[2023.09.25-02.16.50:612][  0]LogAudio: Display: Initializing Audio Device Manager...
[2023.09.25-02.16.50:618][  0]LogAudio: Display: Loading Default Audio Settings Objects...
[2023.09.25-02.16.50:618][  0]LogAudio: Display: No default SoundConcurrencyObject specified (or failed to load).
[2023.09.25-02.16.50:619][  0]LogAudio: Display: Audio Device Manager Initialized
[2023.09.25-02.16.50:619][  0]LogAudio: Display: Creating Audio Device:                 Id: 1, Scope: Shared, Realtime: True
[2023.09.25-02.16.50:619][  0]LogAudioMixer: Display: Audio Mixer Platform Settings:
[2023.09.25-02.16.50:619][  0]LogAudioMixer: Display: 	Sample Rate:						  48000
[2023.09.25-02.16.50:619][  0]LogAudioMixer: Display: 	Callback Buffer Frame Size Requested: 1024
[2023.09.25-02.16.50:619][  0]LogAudioMixer: Display: 	Callback Buffer Frame Size To Use:	  1024
[2023.09.25-02.16.50:619][  0]LogAudioMixer: Display: 	Number of buffers to queue:			  2
[2023.09.25-02.16.50:619][  0]LogAudioMixer: Display: 	Max Channels (voices):				  32
[2023.09.25-02.16.50:619][  0]LogAudioMixer: Display: 	Number of Async Source Workers:		  0
[2023.09.25-02.16.50:619][  0]LogAudio: Display: AudioDevice MaxSources: 32
[2023.09.25-02.16.50:619][  0]LogAudio: Display: Audio Spatialization Plugin: None (built-in).
[2023.09.25-02.16.50:619][  0]LogAudio: Display: Audio Reverb Plugin: None (built-in).
[2023.09.25-02.16.50:619][  0]LogAudio: Display: Audio Occlusion Plugin: None (built-in).
[2023.09.25-02.16.50:619][  0]LogAudioMixer: Display: Initializing audio mixer.
[2023.09.25-02.16.50:656][  0]LogAudioMixer: Display: 0: FrontLeft
[2023.09.25-02.16.50:656][  0]LogAudioMixer: Display: 1: FrontRight
[2023.09.25-02.16.50:852][  0]LogAudioMixer: Display: Using Audio Device Headphones (Realtek(R) Audio)
[2023.09.25-02.16.50:855][  0]LogAudioMixer: Display: Initializing Sound Submixes...
[2023.09.25-02.16.50:881][  0]LogAudioMixer: Display: Creating Master Submix 'MasterSubmixDefault'
[2023.09.25-02.16.50:881][  0]LogAudioMixer: Display: Creating Master Submix 'MasterReverbSubmixDefault'
[2023.09.25-02.16.50:883][  0]LogAudioMixer: Display: Creating Master Submix 'MasterEQSubmixDefault'
[2023.09.25-02.16.50:883][  0]LogAudioMixer: FMixerPlatformXAudio2::StartAudioStream() called
[2023.09.25-02.16.50:884][  0]LogAudioMixer: Display: Output buffers initialized: Frames=1024, Channels=2, Samples=2048
[2023.09.25-02.16.50:885][  0]LogAudioMixer: Display: Starting AudioMixerPlatformInterface::RunInternal()
[2023.09.25-02.16.50:885][  0]LogAudioMixer: Display: FMixerPlatformXAudio2::SubmitBuffer() called for the first time
[2023.09.25-02.16.50:885][  0]LogInit: FAudioDevice initialized.
[2023.09.25-02.16.50:886][  0]LogAudio: Display: Audio Device (ID: 1) registered with world 'Untitled'.
[2023.09.25-02.16.50:886][  0]LogNetVersion: Set ProjectVersion to 1.0.0.0. Version Checksum will be recalculated on next use.
[2023.09.25-02.16.50:906][  0]LogDerivedDataCache: Error: Could not save memory cache C:/Users/darya/AppData/Local/UnrealEngine/4.27/DerivedDataCache/Boot.ddc.
[2023.09.25-02.16.50:907][  0]LogInit: Texture streaming: Enabled
[2023.09.25-02.16.50:929][  0]LogAnalytics: Display: [UEEditor.Rocket.Release] APIServer = https://datarouter.ol.epicgames.com/. AppVersion = 4.27.2-18319896+++UE4+Release-4.27
[2023.09.25-02.16.50:935][  0]LogEngineSessionManager: EngineSessionManager initialized
[2023.09.25-02.16.50:935][  0]LogEditorSessionSummary: Verbose: Initializing EditorSessionSummaryWriter for editor session tracking
[2023.09.25-02.16.50:938][  0]LogEditorSessionSummary: EditorSessionSummaryWriter initialized
[2023.09.25-02.16.51:008][  0]LogInit: Transaction tracking system initialized
[2023.09.25-02.16.51:066][  0]BlueprintLog: New page: Editor Load
[2023.09.25-02.16.51:932][  0]LocalizationService: Localization service is disabled
[2023.09.25-02.16.51:975][  0]TimingProfiler: Initialize
[2023.09.25-02.16.51:975][  0]TimingProfiler: OnSessionChanged
[2023.09.25-02.16.51:975][  0]LoadingProfiler: Initialize
[2023.09.25-02.16.51:975][  0]LoadingProfiler: OnSessionChanged
[2023.09.25-02.16.51:975][  0]NetworkingProfiler: Initialize
[2023.09.25-02.16.51:975][  0]NetworkingProfiler: OnSessionChanged
[2023.09.25-02.16.51:975][  0]MemoryProfiler: Initialize
[2023.09.25-02.16.51:975][  0]MemoryProfiler: OnSessionChanged
[2023.09.25-02.16.52:058][  0]LogVSAccessor: Display: Unable to create Visual Studio setup instance: 80040154
[2023.09.25-02.16.52:059][  0]LogVSAccessor: Display: Unable to create Visual Studio setup instance: 80040154
[2023.09.25-02.16.52:061][  0]LogVSAccessor: Display: Unable to create Visual Studio setup instance: 80040154
[2023.09.25-02.16.52:549][  0]LogFileCache: Scanning file cache for directory 'D:/Repositories/Homeworke/Homeworke/Content/' took 0.03s
[2023.09.25-02.16.52:549][  0]LogCook: Display: CookSettings for Memory: MemoryMaxUsedVirtual 0MiB, MemoryMaxUsedPhysical 16384MiB, MemoryMinFreeVirtual 0MiB, MemoryMinFreePhysical 1024MiB
[2023.09.25-02.16.52:549][  0]LogCook: Display: Mobile HDR setting 1
[2023.09.25-02.16.53:149][  0]LogInit: Display: Engine is initialized. Leaving FEngineLoop::Init()
[2023.09.25-02.16.53:153][  0]SourceControl: Source control is disabled
[2023.09.25-02.16.53:153][  0]LogUnrealEdMisc: Loading editor; pre map load, took 114.543
[2023.09.25-02.16.53:153][  0]Cmd: MAP LOAD FILE="../../../Engine/Content/Maps/Templates/Template_Default.umap" TEMPLATE=1 SHOWPROGRESS=1 FEATURELEVEL=3
[2023.09.25-02.16.53:153][  0]LightingResults: New page: Lighting Build
[2023.09.25-02.16.53:156][  0]LogWorld: UWorld::CleanupWorld for Untitled, bSessionEnded=true, bCleanupResources=true
[2023.09.25-02.16.53:156][  0]LogSlate: InvalidateAllWidgets triggered.  All widgets were invalidated
[2023.09.25-02.16.53:156][  0]MapCheck: New page: Map Check
[2023.09.25-02.16.53:156][  0]LightingResults: New page: Lighting Build
[2023.09.25-02.16.53:164][  0]LogAudio: Display: Audio Device unregistered from world 'None'.
[2023.09.25-02.16.53:168][  0]LogUObjectHash: Compacting FUObjectHashTables data took   0.92ms
[2023.09.25-02.16.53:220][  0]LogTexture: Display: Building textures: DeprecatedTextureEB9CBE3C423008B5E8E130901E171C89 (BGRA8, 128X128)
[2023.09.25-02.16.53:234][  0]LogAudio: Display: Audio Device (ID: 1) registered with world 'Untitled_1'.
[2023.09.25-02.16.53:235][  0]LogAIModule: Creating AISystem for world Untitled_1
[2023.09.25-02.16.53:241][  0]LogEditorServer: Finished looking for orphan Actors (0.000 secs)
[2023.09.25-02.16.53:247][  0]LogUObjectHash: Compacting FUObjectHashTables data took   0.80ms
[2023.09.25-02.16.53:248][  0]Cmd: MAP CHECKDEP NOCLEARLOG
[2023.09.25-02.16.53:248][  0]MapCheck: Map check complete: 0 Error(s), 0 Warning(s), took 0,077ms to complete.
[2023.09.25-02.16.53:248][  0]LogFileHelpers: Loading map 'Template_Default' took 0.095
[2023.09.25-02.16.53:249][  0]LogUnrealEdMisc: Total Editor Startup Time, took 114.640
[2023.09.25-02.16.54:561][  0]LogSlate: Updating window title bar state: overlay mode, drag disabled, window buttons hidden, title bar hidden
[2023.09.25-02.16.54:609][  0]LogSlate: Updating window title bar state: overlay mode, drag disabled, window buttons hidden, title bar hidden
[2023.09.25-02.16.54:616][  0]LogSlate: Updating window title bar state: overlay mode, drag disabled, window buttons hidden, title bar hidden
[2023.09.25-02.16.54:623][  0]LogSlate: Updating window title bar state: overlay mode, drag disabled, window buttons hidden, title bar hidden
[2023.09.25-02.16.55:288][  0]LogNativeClassHierarchy: Verbose: Native class hierarchy populated in 0.0196 seconds. Added 3822 classes and 928 folders.
[2023.09.25-02.16.55:588][  0]LogNativeClassHierarchy: Verbose: Native class hierarchy updated for 'WidgetCarousel' in 0.0006 seconds. Added 0 classes and 0 folders.
[2023.09.25-02.16.56:352][  0]LogPakFile: PakFile PrimaryIndexSize=187
[2023.09.25-02.16.56:352][  0]LogPakFile: PakFile PathHashIndexSize=101
[2023.09.25-02.16.56:352][  0]LogPakFile: PakFile FullDirectoryIndexSize=148
[2023.09.25-02.16.56:420][  0]LogShaderLibrary: Display: ShaderCodeLibraryPakFileMountedCallback: PakFile 'D:/UE/UE/UE_4.27/FeaturePacks/FP_FirstPerson.upack' (chunk index -1, root 'root:/') mounted
[2023.09.25-02.16.56:420][  0]LogShaderLibrary: Display: ShaderCodeLibraryPakFileMountedCallback: pending pak file info (ChunkID:-1 Root:root:/ File:D:/UE/UE/UE_4.27/FeaturePacks/FP_FirstPerson.upack)
[2023.09.25-02.16.56:479][  0]LogPakFile: OnPakFileMounted2Time == 0.127813
[2023.09.25-02.16.56:586][  0]LogPakFile: PakFile PrimaryIndexSize=189
[2023.09.25-02.16.56:586][  0]LogPakFile: PakFile PathHashIndexSize=101
[2023.09.25-02.16.56:586][  0]LogPakFile: PakFile FullDirectoryIndexSize=152
[2023.09.25-02.16.56:586][  0]LogShaderLibrary: Display: ShaderCodeLibraryPakFileMountedCallback: PakFile 'D:/UE/UE/UE_4.27/FeaturePacks/FP_FirstPersonBP.upack' (chunk index -1, root 'root:/') mounted
[2023.09.25-02.16.56:586][  0]LogShaderLibrary: Display: ShaderCodeLibraryPakFileMountedCallback: pending pak file info (ChunkID:-1 Root:root:/ File:D:/UE/UE/UE_4.27/FeaturePacks/FP_FirstPersonBP.upack)
[2023.09.25-02.16.56:586][  0]LogPakFile: OnPakFileMounted2Time == 0.000051
[2023.09.25-02.16.56:618][  0]LogPakFile: PakFile PrimaryIndexSize=191
[2023.09.25-02.16.56:618][  0]LogPakFile: PakFile PathHashIndexSize=101
[2023.09.25-02.16.56:618][  0]LogPakFile: PakFile FullDirectoryIndexSize=160
[2023.09.25-02.16.56:618][  0]LogShaderLibrary: Display: ShaderCodeLibraryPakFileMountedCallback: PakFile 'D:/UE/UE/UE_4.27/FeaturePacks/MobileStarterContent.upack' (chunk index -1, root 'root:/') mounted
[2023.09.25-02.16.56:618][  0]LogShaderLibrary: Display: ShaderCodeLibraryPakFileMountedCallback: pending pak file info (ChunkID:-1 Root:root:/ File:D:/UE/UE/UE_4.27/FeaturePacks/MobileStarterContent.upack)
[2023.09.25-02.16.56:618][  0]LogPakFile: OnPakFileMounted2Time == 0.000071
[2023.09.25-02.16.56:633][  0]LogPakFile: PakFile PrimaryIndexSize=185
[2023.09.25-02.16.56:633][  0]LogPakFile: PakFile PathHashIndexSize=101
[2023.09.25-02.16.56:633][  0]LogPakFile: PakFile FullDirectoryIndexSize=148
[2023.09.25-02.16.56:633][  0]LogShaderLibrary: Display: ShaderCodeLibraryPakFileMountedCallback: PakFile 'D:/UE/UE/UE_4.27/FeaturePacks/StarterContent.upack' (chunk index -1, root 'root:/') mounted
[2023.09.25-02.16.56:633][  0]LogShaderLibrary: Display: ShaderCodeLibraryPakFileMountedCallback: pending pak file info (ChunkID:-1 Root:root:/ File:D:/UE/UE/UE_4.27/FeaturePacks/StarterContent.upack)
[2023.09.25-02.16.56:633][  0]LogPakFile: OnPakFileMounted2Time == 0.000071
[2023.09.25-02.16.56:713][  0]LogPakFile: PakFile PrimaryIndexSize=190
[2023.09.25-02.16.56:713][  0]LogPakFile: PakFile PathHashIndexSize=101
[2023.09.25-02.16.56:713][  0]LogPakFile: PakFile FullDirectoryIndexSize=154
[2023.09.25-02.16.56:713][  0]LogShaderLibrary: Display: ShaderCodeLibraryPakFileMountedCallback: PakFile 'D:/UE/UE/UE_4.27/FeaturePacks/TP_2DSideScroller.upack' (chunk index -1, root 'root:/') mounted
[2023.09.25-02.16.56:713][  0]LogShaderLibrary: Display: ShaderCodeLibraryPakFileMountedCallback: pending pak file info (ChunkID:-1 Root:root:/ File:D:/UE/UE/UE_4.27/FeaturePacks/TP_2DSideScroller.upack)
[2023.09.25-02.16.56:713][  0]LogPakFile: OnPakFileMounted2Time == 0.000211
[2023.09.25-02.16.56:754][  0]LogPakFile: PakFile PrimaryIndexSize=192
[2023.09.25-02.16.56:754][  0]LogPakFile: PakFile PathHashIndexSize=101
[2023.09.25-02.16.56:754][  0]LogPakFile: PakFile FullDirectoryIndexSize=158
[2023.09.25-02.16.56:754][  0]LogShaderLibrary: Display: ShaderCodeLibraryPakFileMountedCallback: PakFile 'D:/UE/UE/UE_4.27/FeaturePacks/TP_2DSideScrollerBP.upack' (chunk index -1, root 'root:/') mounted
[2023.09.25-02.16.56:754][  0]LogShaderLibrary: Display: ShaderCodeLibraryPakFileMountedCallback: pending pak file info (ChunkID:-1 Root:root:/ File:D:/UE/UE/UE_4.27/FeaturePacks/TP_2DSideScrollerBP.upack)
[2023.09.25-02.16.56:754][  0]LogPakFile: OnPakFileMounted2Time == 0.000069
[2023.09.25-02.16.56:836][  0]LogPakFile: PakFile PrimaryIndexSize=182
[2023.09.25-02.16.56:836][  0]LogPakFile: PakFile PathHashIndexSize=101
[2023.09.25-02.16.56:836][  0]LogPakFile: PakFile FullDirectoryIndexSize=138
[2023.09.25-02.16.56:836][  0]LogShaderLibrary: Display: ShaderCodeLibraryPakFileMountedCallback: PakFile 'D:/UE/UE/UE_4.27/FeaturePacks/TP_Flying.upack' (chunk index -1, root 'root:/') mounted
[2023.09.25-02.16.56:836][  0]LogShaderLibrary: Display: ShaderCodeLibraryPakFileMountedCallback: pending pak file info (ChunkID:-1 Root:root:/ File:D:/UE/UE/UE_4.27/FeaturePacks/TP_Flying.upack)
[2023.09.25-02.16.56:836][  0]LogPakFile: OnPakFileMounted2Time == 0.000097
[2023.09.25-02.16.56:861][  0]LogPakFile: PakFile PrimaryIndexSize=184
[2023.09.25-02.16.56:861][  0]LogPakFile: PakFile PathHashIndexSize=101
[2023.09.25-02.16.56:861][  0]LogPakFile: PakFile FullDirectoryIndexSize=142
[2023.09.25-02.16.56:861][  0]LogShaderLibrary: Display: ShaderCodeLibraryPakFileMountedCallback: PakFile 'D:/UE/UE/UE_4.27/FeaturePacks/TP_FlyingBP.upack' (chunk index -1, root 'root:/') mounted
[2023.09.25-02.16.56:861][  0]LogShaderLibrary: Display: ShaderCodeLibraryPakFileMountedCallback: pending pak file info (ChunkID:-1 Root:root:/ File:D:/UE/UE/UE_4.27/FeaturePacks/TP_FlyingBP.upack)
[2023.09.25-02.16.56:861][  0]LogPakFile: OnPakFileMounted2Time == 0.000075
[2023.09.25-02.16.57:264][  0]LogPakFile: PakFile PrimaryIndexSize=188
[2023.09.25-02.16.57:264][  0]LogPakFile: PakFile PathHashIndexSize=101
[2023.09.25-02.16.57:264][  0]LogPakFile: PakFile FullDirectoryIndexSize=150
[2023.09.25-02.16.57:264][  0]LogShaderLibrary: Display: ShaderCodeLibraryPakFileMountedCallback: PakFile 'D:/UE/UE/UE_4.27/FeaturePacks/TP_HandheldARBP.upack' (chunk index -1, root 'root:/') mounted
[2023.09.25-02.16.57:264][  0]LogShaderLibrary: Display: ShaderCodeLibraryPakFileMountedCallback: pending pak file info (ChunkID:-1 Root:root:/ File:D:/UE/UE/UE_4.27/FeaturePacks/TP_HandheldARBP.upack)
[2023.09.25-02.16.57:264][  0]LogPakFile: OnPakFileMounted2Time == 0.000044
[2023.09.25-02.16.57:328][  0]LogPakFile: PakFile PrimaryIndexSize=182
[2023.09.25-02.16.57:328][  0]LogPakFile: PakFile PathHashIndexSize=101
[2023.09.25-02.16.57:328][  0]LogPakFile: PakFile FullDirectoryIndexSize=138
[2023.09.25-02.16.57:328][  0]LogShaderLibrary: Display: ShaderCodeLibraryPakFileMountedCallback: PakFile 'D:/UE/UE/UE_4.27/FeaturePacks/TP_Puzzle.upack' (chunk index -1, root 'root:/') mounted
[2023.09.25-02.16.57:328][  0]LogShaderLibrary: Display: ShaderCodeLibraryPakFileMountedCallback: pending pak file info (ChunkID:-1 Root:root:/ File:D:/UE/UE/UE_4.27/FeaturePacks/TP_Puzzle.upack)
[2023.09.25-02.16.57:328][  0]LogPakFile: OnPakFileMounted2Time == 0.000065
[2023.09.25-02.16.57:352][  0]LogPakFile: PakFile PrimaryIndexSize=184
[2023.09.25-02.16.57:352][  0]LogPakFile: PakFile PathHashIndexSize=101
[2023.09.25-02.16.57:352][  0]LogPakFile: PakFile FullDirectoryIndexSize=142
[2023.09.25-02.16.57:352][  0]LogShaderLibrary: Display: ShaderCodeLibraryPakFileMountedCallback: PakFile 'D:/UE/UE/UE_4.27/FeaturePacks/TP_PuzzleBP.upack' (chunk index -1, root 'root:/') mounted
[2023.09.25-02.16.57:352][  0]LogShaderLibrary: Display: ShaderCodeLibraryPakFileMountedCallback: pending pak file info (ChunkID:-1 Root:root:/ File:D:/UE/UE/UE_4.27/FeaturePacks/TP_PuzzleBP.upack)
[2023.09.25-02.16.57:352][  0]LogPakFile: OnPakFileMounted2Time == 0.000063
[2023.09.25-02.16.57:361][  0]LogPakFile: PakFile PrimaryIndexSize=183
[2023.09.25-02.16.57:361][  0]LogPakFile: PakFile PathHashIndexSize=101
[2023.09.25-02.16.57:361][  0]LogPakFile: PakFile FullDirectoryIndexSize=140
[2023.09.25-02.16.57:361][  0]LogShaderLibrary: Display: ShaderCodeLibraryPakFileMountedCallback: PakFile 'D:/UE/UE/UE_4.27/FeaturePacks/TP_Rolling.upack' (chunk index -1, root 'root:/') mounted
[2023.09.25-02.16.57:361][  0]LogShaderLibrary: Display: ShaderCodeLibraryPakFileMountedCallback: pending pak file info (ChunkID:-1 Root:root:/ File:D:/UE/UE/UE_4.27/FeaturePacks/TP_Rolling.upack)
[2023.09.25-02.16.57:361][  0]LogPakFile: OnPakFileMounted2Time == 0.000054
[2023.09.25-02.16.57:398][  0]LogPakFile: PakFile PrimaryIndexSize=185
[2023.09.25-02.16.57:398][  0]LogPakFile: PakFile PathHashIndexSize=101
[2023.09.25-02.16.57:398][  0]LogPakFile: PakFile FullDirectoryIndexSize=144
[2023.09.25-02.16.57:398][  0]LogShaderLibrary: Display: ShaderCodeLibraryPakFileMountedCallback: PakFile 'D:/UE/UE/UE_4.27/FeaturePacks/TP_RollingBP.upack' (chunk index -1, root 'root:/') mounted
[2023.09.25-02.16.57:398][  0]LogShaderLibrary: Display: ShaderCodeLibraryPakFileMountedCallback: pending pak file info (ChunkID:-1 Root:root:/ File:D:/UE/UE/UE_4.27/FeaturePacks/TP_RollingBP.upack)
[2023.09.25-02.16.57:398][  0]LogPakFile: OnPakFileMounted2Time == 0.000078
[2023.09.25-02.16.57:409][  0]LogPakFile: PakFile PrimaryIndexSize=188
[2023.09.25-02.16.57:409][  0]LogPakFile: PakFile PathHashIndexSize=101
[2023.09.25-02.16.57:409][  0]LogPakFile: PakFile FullDirectoryIndexSize=150
[2023.09.25-02.16.57:409][  0]LogShaderLibrary: Display: ShaderCodeLibraryPakFileMountedCallback: PakFile 'D:/UE/UE/UE_4.27/FeaturePacks/TP_SideScroller.upack' (chunk index -1, root 'root:/') mounted
[2023.09.25-02.16.57:409][  0]LogShaderLibrary: Display: ShaderCodeLibraryPakFileMountedCallback: pending pak file info (ChunkID:-1 Root:root:/ File:D:/UE/UE/UE_4.27/FeaturePacks/TP_SideScroller.upack)
[2023.09.25-02.16.57:409][  0]LogPakFile: OnPakFileMounted2Time == 0.000058
[2023.09.25-02.16.57:418][  0]LogPakFile: PakFile PrimaryIndexSize=190
[2023.09.25-02.16.57:418][  0]LogPakFile: PakFile PathHashIndexSize=101
[2023.09.25-02.16.57:418][  0]LogPakFile: PakFile FullDirectoryIndexSize=154
[2023.09.25-02.16.57:418][  0]LogShaderLibrary: Display: ShaderCodeLibraryPakFileMountedCallback: PakFile 'D:/UE/UE/UE_4.27/FeaturePacks/TP_SideScrollerBP.upack' (chunk index -1, root 'root:/') mounted
[2023.09.25-02.16.57:418][  0]LogShaderLibrary: Display: ShaderCodeLibraryPakFileMountedCallback: pending pak file info (ChunkID:-1 Root:root:/ File:D:/UE/UE/UE_4.27/FeaturePacks/TP_SideScrollerBP.upack)
[2023.09.25-02.16.57:418][  0]LogPakFile: OnPakFileMounted2Time == 0.000053
[2023.09.25-02.16.57:427][  0]LogPakFile: PakFile PrimaryIndexSize=187
[2023.09.25-02.16.57:427][  0]LogPakFile: PakFile PathHashIndexSize=101
[2023.09.25-02.16.57:427][  0]LogPakFile: PakFile FullDirectoryIndexSize=148
[2023.09.25-02.16.57:427][  0]LogShaderLibrary: Display: ShaderCodeLibraryPakFileMountedCallback: PakFile 'D:/UE/UE/UE_4.27/FeaturePacks/TP_ThirdPerson.upack' (chunk index -1, root 'root:/') mounted
[2023.09.25-02.16.57:427][  0]LogShaderLibrary: Display: ShaderCodeLibraryPakFileMountedCallback: pending pak file info (ChunkID:-1 Root:root:/ File:D:/UE/UE/UE_4.27/FeaturePacks/TP_ThirdPerson.upack)
[2023.09.25-02.16.57:427][  0]LogPakFile: OnPakFileMounted2Time == 0.000052
[2023.09.25-02.16.57:505][  0]LogPakFile: PakFile PrimaryIndexSize=189
[2023.09.25-02.16.57:505][  0]LogPakFile: PakFile PathHashIndexSize=101
[2023.09.25-02.16.57:505][  0]LogPakFile: PakFile FullDirectoryIndexSize=152
[2023.09.25-02.16.57:505][  0]LogShaderLibrary: Display: ShaderCodeLibraryPakFileMountedCallback: PakFile 'D:/UE/UE/UE_4.27/FeaturePacks/TP_ThirdPersonBP.upack' (chunk index -1, root 'root:/') mounted
[2023.09.25-02.16.57:505][  0]LogShaderLibrary: Display: ShaderCodeLibraryPakFileMountedCallback: pending pak file info (ChunkID:-1 Root:root:/ File:D:/UE/UE/UE_4.27/FeaturePacks/TP_ThirdPersonBP.upack)
[2023.09.25-02.16.57:505][  0]LogPakFile: OnPakFileMounted2Time == 0.000076
[2023.09.25-02.16.57:567][  0]LogPakFile: PakFile PrimaryIndexSize=183
[2023.09.25-02.16.57:567][  0]LogPakFile: PakFile PathHashIndexSize=101
[2023.09.25-02.16.57:567][  0]LogPakFile: PakFile FullDirectoryIndexSize=140
[2023.09.25-02.16.57:567][  0]LogShaderLibrary: Display: ShaderCodeLibraryPakFileMountedCallback: PakFile 'D:/UE/UE/UE_4.27/FeaturePacks/TP_TopDown.upack' (chunk index -1, root 'root:/') mounted
[2023.09.25-02.16.57:567][  0]LogShaderLibrary: Display: ShaderCodeLibraryPakFileMountedCallback: pending pak file info (ChunkID:-1 Root:root:/ File:D:/UE/UE/UE_4.27/FeaturePacks/TP_TopDown.upack)
[2023.09.25-02.16.57:567][  0]LogPakFile: OnPakFileMounted2Time == 0.000099
[2023.09.25-02.16.57:580][  0]LogPakFile: PakFile PrimaryIndexSize=185
[2023.09.25-02.16.57:580][  0]LogPakFile: PakFile PathHashIndexSize=101
[2023.09.25-02.16.57:580][  0]LogPakFile: PakFile FullDirectoryIndexSize=144
[2023.09.25-02.16.57:580][  0]LogShaderLibrary: Display: ShaderCodeLibraryPakFileMountedCallback: PakFile 'D:/UE/UE/UE_4.27/FeaturePacks/TP_TopDownBP.upack' (chunk index -1, root 'root:/') mounted
[2023.09.25-02.16.57:580][  0]LogShaderLibrary: Display: ShaderCodeLibraryPakFileMountedCallback: pending pak file info (ChunkID:-1 Root:root:/ File:D:/UE/UE/UE_4.27/FeaturePacks/TP_TopDownBP.upack)
[2023.09.25-02.16.57:580][  0]LogPakFile: OnPakFileMounted2Time == 0.000055
[2023.09.25-02.16.57:594][  0]LogPakFile: PakFile PrimaryIndexSize=185
[2023.09.25-02.16.57:594][  0]LogPakFile: PakFile PathHashIndexSize=101
[2023.09.25-02.16.57:594][  0]LogPakFile: PakFile FullDirectoryIndexSize=144
[2023.09.25-02.16.57:594][  0]LogShaderLibrary: Display: ShaderCodeLibraryPakFileMountedCallback: PakFile 'D:/UE/UE/UE_4.27/FeaturePacks/TP_TwinStick.upack' (chunk index -1, root 'root:/') mounted
[2023.09.25-02.16.57:595][  0]LogShaderLibrary: Display: ShaderCodeLibraryPakFileMountedCallback: pending pak file info (ChunkID:-1 Root:root:/ File:D:/UE/UE/UE_4.27/FeaturePacks/TP_TwinStick.upack)
[2023.09.25-02.16.57:595][  0]LogPakFile: OnPakFileMounted2Time == 0.000075
[2023.09.25-02.16.57:602][  0]LogPakFile: PakFile PrimaryIndexSize=187
[2023.09.25-02.16.57:602][  0]LogPakFile: PakFile PathHashIndexSize=101
[2023.09.25-02.16.57:602][  0]LogPakFile: PakFile FullDirectoryIndexSize=148
[2023.09.25-02.16.57:603][  0]LogShaderLibrary: Display: ShaderCodeLibraryPakFileMountedCallback: PakFile 'D:/UE/UE/UE_4.27/FeaturePacks/TP_TwinStickBP.upack' (chunk index -1, root 'root:/') mounted
[2023.09.25-02.16.57:603][  0]LogShaderLibrary: Display: ShaderCodeLibraryPakFileMountedCallback: pending pak file info (ChunkID:-1 Root:root:/ File:D:/UE/UE/UE_4.27/FeaturePacks/TP_TwinStickBP.upack)
[2023.09.25-02.16.57:603][  0]LogPakFile: OnPakFileMounted2Time == 0.000079
[2023.09.25-02.16.57:609][  0]LogPakFile: PakFile PrimaryIndexSize=183
[2023.09.25-02.16.57:610][  0]LogPakFile: PakFile PathHashIndexSize=101
[2023.09.25-02.16.57:610][  0]LogPakFile: PakFile FullDirectoryIndexSize=140
[2023.09.25-02.16.57:610][  0]LogShaderLibrary: Display: ShaderCodeLibraryPakFileMountedCallback: PakFile 'D:/UE/UE/UE_4.27/FeaturePacks/TP_Vehicle.upack' (chunk index -1, root 'root:/') mounted
[2023.09.25-02.16.57:610][  0]LogShaderLibrary: Display: ShaderCodeLibraryPakFileMountedCallback: pending pak file info (ChunkID:-1 Root:root:/ File:D:/UE/UE/UE_4.27/FeaturePacks/TP_Vehicle.upack)
[2023.09.25-02.16.57:610][  0]LogPakFile: OnPakFileMounted2Time == 0.000045
[2023.09.25-02.16.57:618][  0]LogPakFile: PakFile PrimaryIndexSize=186
[2023.09.25-02.16.57:618][  0]LogPakFile: PakFile PathHashIndexSize=101
[2023.09.25-02.16.57:618][  0]LogPakFile: PakFile FullDirectoryIndexSize=146
[2023.09.25-02.16.57:618][  0]LogShaderLibrary: Display: ShaderCodeLibraryPakFileMountedCallback: PakFile 'D:/UE/UE/UE_4.27/FeaturePacks/TP_VehicleAdv.upack' (chunk index -1, root 'root:/') mounted
[2023.09.25-02.16.57:618][  0]LogShaderLibrary: Display: ShaderCodeLibraryPakFileMountedCallback: pending pak file info (ChunkID:-1 Root:root:/ File:D:/UE/UE/UE_4.27/FeaturePacks/TP_VehicleAdv.upack)
[2023.09.25-02.16.57:618][  0]LogPakFile: OnPakFileMounted2Time == 0.000045
[2023.09.25-02.16.57:624][  0]LogPakFile: PakFile PrimaryIndexSize=188
[2023.09.25-02.16.57:624][  0]LogPakFile: PakFile PathHashIndexSize=101
[2023.09.25-02.16.57:624][  0]LogPakFile: PakFile FullDirectoryIndexSize=150
[2023.09.25-02.16.57:624][  0]LogShaderLibrary: Display: ShaderCodeLibraryPakFileMountedCallback: PakFile 'D:/UE/UE/UE_4.27/FeaturePacks/TP_VehicleAdvBP.upack' (chunk index -1, root 'root:/') mounted
[2023.09.25-02.16.57:624][  0]LogShaderLibrary: Display: ShaderCodeLibraryPakFileMountedCallback: pending pak file info (ChunkID:-1 Root:root:/ File:D:/UE/UE/UE_4.27/FeaturePacks/TP_VehicleAdvBP.upack)
[2023.09.25-02.16.57:624][  0]LogPakFile: OnPakFileMounted2Time == 0.000044
[2023.09.25-02.16.57:631][  0]LogPakFile: PakFile PrimaryIndexSize=185
[2023.09.25-02.16.57:631][  0]LogPakFile: PakFile PathHashIndexSize=101
[2023.09.25-02.16.57:631][  0]LogPakFile: PakFile FullDirectoryIndexSize=144
[2023.09.25-02.16.57:631][  0]LogShaderLibrary: Display: ShaderCodeLibraryPakFileMountedCallback: PakFile 'D:/UE/UE/UE_4.27/FeaturePacks/TP_VehicleBP.upack' (chunk index -1, root 'root:/') mounted
[2023.09.25-02.16.57:631][  0]LogShaderLibrary: Display: ShaderCodeLibraryPakFileMountedCallback: pending pak file info (ChunkID:-1 Root:root:/ File:D:/UE/UE/UE_4.27/FeaturePacks/TP_VehicleBP.upack)
[2023.09.25-02.16.57:631][  0]LogPakFile: OnPakFileMounted2Time == 0.000056
[2023.09.25-02.16.57:640][  0]LogPakFile: PakFile PrimaryIndexSize=192
[2023.09.25-02.16.57:640][  0]LogPakFile: PakFile PathHashIndexSize=101
[2023.09.25-02.16.57:640][  0]LogPakFile: PakFile FullDirectoryIndexSize=158
[2023.09.25-02.16.57:640][  0]LogShaderLibrary: Display: ShaderCodeLibraryPakFileMountedCallback: PakFile 'D:/UE/UE/UE_4.27/FeaturePacks/TP_VirtualRealityBP.upack' (chunk index -1, root 'root:/') mounted
[2023.09.25-02.16.57:640][  0]LogShaderLibrary: Display: ShaderCodeLibraryPakFileMountedCallback: pending pak file info (ChunkID:-1 Root:root:/ File:D:/UE/UE/UE_4.27/FeaturePacks/TP_VirtualRealityBP.upack)
[2023.09.25-02.16.57:640][  0]LogPakFile: OnPakFileMounted2Time == 0.000050
[2023.09.25-02.17.00:786][  0]LogNativeClassHierarchy: Verbose: Native class hierarchy updated for 'AddContentDialog' in 0.0006 seconds. Added 0 classes and 0 folders.
[2023.09.25-02.17.00:995][  0]LogNativeClassHierarchy: Verbose: Native class hierarchy updated for 'SceneOutliner' in 0.0007 seconds. Added 2 classes and 0 folders.
[2023.09.25-02.17.02:008][  0]LogSlate: Took 0.000593 seconds to synchronously load lazily loaded font '../../../Engine/Content/Slate/Fonts/Roboto-Regular.ttf' (155K)
[2023.09.25-02.17.02:064][  0]LogSlate: Took 0.031528 seconds to synchronously load lazily loaded font '../../../Engine/Content/Editor/Slate/Fonts/FontAwesome.ttf' (139K)
[2023.09.25-02.17.02:104][  0]LogSlate: Took 0.000695 seconds to synchronously load lazily loaded font '../../../Engine/Content/Slate/Fonts/Roboto-Bold.ttf' (160K)
[2023.09.25-02.17.03:142][  0]LogRenderer: Reallocating scene render targets to support 744x364 Format 10 NumSamples 1 (Frame:1).
[2023.09.25-02.17.04:548][  0]LogNativeClassHierarchy: Verbose: Native class hierarchy updated for 'HierarchicalLODOutliner' in 0.0003 seconds. Added 0 classes and 0 folders.
[2023.09.25-02.17.04:548][  0]LogLoad: (Engine Initialization) Total time: 125.94 seconds
[2023.09.25-02.17.04:548][  0]LogLoad: (Engine Initialization) Total Blueprint compile time: 0.00 seconds
[2023.09.25-02.17.05:279][  0]LogContentStreaming: Texture pool size now 1000 MB
[2023.09.25-02.17.05:852][  1]LogAssetRegistry: Asset discovery search completed in 19.1591 seconds
[2023.09.25-02.17.06:133][  1]LogCollectionManager: Fixed up redirectors for 0 collections in 0.000008 seconds (updated 0 objects)
[2023.09.25-02.38.01:517][956]LogEditorViewport: Clicking on Actor (LMB): StaticMeshActor (Floor)
[2023.09.25-02.38.06:773][979]LogActorFactory: Actor Factory created Cube
[2023.09.25-02.38.09:570][ 44]LogActorFactory: Actor Factory created Cube
[2023.09.25-02.38.13:038][ 98]LogEditorViewport: Clicking on Actor (LMB): StaticMeshActor (Cube)
[2023.09.25-02.38.18:772][363]LogEditorViewport: Clicking on Actor (LMB): StaticMeshActor (Floor)
[2023.09.25-02.39.32:470][991]LogEditorViewport: Clicking on Actor (LMB): StaticMeshActor (Floor)
[2023.09.25-02.39.33:426][ 42]LogEditorViewport: Clicking on Actor (LMB): StaticMeshActor (Floor)
[2023.09.25-02.40.07:353][441]LogActorFactory: Actor Factory created Sphere
[2023.09.25-02.40.07:941][473]LogActorFactory: Actor Factory created Sphere
[2023.09.25-02.40.10:467][618]LogEditorViewport: Clicking on Actor (LMB): StaticMeshActor (Floor)
[2023.09.25-02.40.46:578][333]LogActorFactory: Actor Factory created Cone
[2023.09.25-02.40.47:300][372]LogActorFactory: Actor Factory created Cone
